<?xml version="1.0" encoding="UTF-8"?>
<testsuite name="com.migrosWeb.test.runner.TestRunner" time="0.182" tests="1" errors="0" skipped="0" failures="1">
  <properties>
[...]
</properties>
  <testcase name="feature" classname="com.migrosWeb.test.runner.TestRunner" time="0.182">
    <failure message="cucumber.runtime.CucumberException: Failed to instantiate class com.migrosWeb.test.stepdefs.Steps" type="cucumber.runtime.CucumberException"><![CDATA[cucumber.runtime.CucumberException: cucumber.runtime.CucumberException: Failed to instantiate class com.migrosWeb.test.stepdefs.Steps
	at java.base/jdk.internal.reflect.NativeConstructorAccessorImpl.newInstance0(Native Method)
	at java.base/jdk.internal.reflect.NativeConstructorAccessorImpl.newInstance(NativeConstructorAccessorImpl.java:62)
	at java.base/jdk.internal.reflect.DelegatingConstructorAccessorImpl.newInstance(DelegatingConstructorAccessorImpl.java:45)
	at java.base/java.lang.reflect.Constructor.newInstance(Constructor.java:490)
	at cucumber.runtime.java.DefaultJavaObjectFactory.cacheNewInstance(DefaultJavaObjectFactory.java:41)
	at cucumber.runtime.java.DefaultJavaObjectFactory.getInstance(DefaultJavaObjectFactory.java:33)
	at cucumber.runtime.java.JavaStepDefinition.execute(JavaStepDefinition.java:38)
	at cucumber.runtime.StepDefinitionMatch.runStep(StepDefinitionMatch.java:37)
	at cucumber.runtime.Runtime.runStep(Runtime.java:300)
	at cucumber.runtime.model.StepContainer.runStep(StepContainer.java:44)
	at cucumber.runtime.model.StepContainer.runSteps(StepContainer.java:39)
	at cucumber.runtime.model.CucumberScenario.run(CucumberScenario.java:44)
	at cucumber.runtime.model.CucumberFeature.run(CucumberFeature.java:165)
	at cucumber.api.testng.TestNGCucumberRunner.runCucumber(TestNGCucumberRunner.java:63)
	at com.migrosWeb.test.runner.TestRunner.feature(TestRunner.java:38)
Caused by: java.lang.StackOverflowError: null
	at com.migrosWeb.test.main.BaseClass.<init>(BaseClass.java:17)
	at com.migrosWeb.test.pages.HomePage.<init>(HomePage.java:10)
	at com.migrosWeb.test.pages.BasketPage.<init>(BasketPage.java:37)
	at com.migrosWeb.test.pages.HomePage.<init>(HomePage.java:41)
	at com.migrosWeb.test.pages.BasketPage.<init>(BasketPage.java:37)
	at com.migrosWeb.test.pages.HomePage.<init>(HomePage.java:41)
	at com.migrosWeb.test.pages.BasketPage.<init>(BasketPage.java:37)
	at com.migrosWeb.test.pages.HomePage.<init>(HomePage.java:41)
	at com.migrosWeb.test.pages.BasketPage.<init>(BasketPage.java:37)
	at com.migrosWeb.test.pages.HomePage.<init>(HomePage.java:41)
	at com.migrosWeb.test.pages.BasketPage.<init>(BasketPage.java:37)
	at com.migrosWeb.test.pages.HomePage.<init>(HomePage.java:41)
	at com.migrosWeb.test.pages.BasketPage.<init>(BasketPage.java:37)
	at com.migrosWeb.test.pages.HomePage.<init>(HomePage.java:41)
	at com.migrosWeb.test.pages.BasketPage.<init>(BasketPage.java:37)
	at com.migrosWeb.test.pages.HomePage.<init>(HomePage.java:41)
	at com.migrosWeb.test.pages.BasketPage.<init>(BasketPage.java:37)
	at com.migrosWeb.test.pages.HomePage.<init>(HomePage.java:41)
	at com.migrosWeb.test.pages.BasketPage.<init>(BasketPage.java:37)
	at com.migrosWeb.test.pages.HomePage.<init>(HomePage.java:41)
	at com.migrosWeb.test.pages.BasketPage.<init>(BasketPage.java:37)
	at com.migrosWeb.test.pages.HomePage.<init>(HomePage.java:41)
	at com.migrosWeb.test.pages.BasketPage.<init>(BasketPage.java:37)
	at com.migrosWeb.test.pages.HomePage.<init>(HomePage.java:41)
	at com.migrosWeb.test.pages.BasketPage.<init>(BasketPage.java:37)
	at com.migrosWeb.test.pages.HomePage.<init>(HomePage.java:41)
	at com.migrosWeb.test.pages.BasketPage.<init>(BasketPage.java:37)
	at com.migrosWeb.test.pages.HomePage.<init>(HomePage.java:41)
	at com.migrosWeb.test.pages.BasketPage.<init>(BasketPage.java:37)
	at com.migrosWeb.test.pages.HomePage.<init>(HomePage.java:41)
	at com.migrosWeb.test.pages.BasketPage.<init>(BasketPage.java:37)
	at com.migrosWeb.test.pages.HomePage.<init>(HomePage.java:41)
	at com.migrosWeb.test.pages.BasketPage.<init>(BasketPage.java:37)
	at com.migrosWeb.test.pages.HomePage.<init>(HomePage.java:41)
	at com.migrosWeb.test.pages.BasketPage.<init>(BasketPage.java:37)
	at com.migrosWeb.test.pages.HomePage.<init>(HomePage.java:41)
	at com.migrosWeb.test.pages.BasketPage.<init>(BasketPage.java:37)
	at com.migrosWeb.test.pages.HomePage.<init>(HomePage.java:41)
	at com.migrosWeb.test.pages.BasketPage.<init>(BasketPage.java:37)
	at com.migrosWeb.test.pages.HomePage.<init>(HomePage.java:41)
	at com.migrosWeb.test.pages.BasketPage.<init>(BasketPage.java:37)
	at com.migrosWeb.test.pages.HomePage.<init>(HomePage.java:41)
	at com.migrosWeb.test.pages.BasketPage.<init>(BasketPage.java:37)
	at com.migrosWeb.test.pages.HomePage.<init>(HomePage.java:41)
	at com.migrosWeb.test.pages.BasketPage.<init>(BasketPage.java:37)
	at com.migrosWeb.test.pages.HomePage.<init>(HomePage.java:41)
	at com.migrosWeb.test.pages.BasketPage.<init>(BasketPage.java:37)
	at com.migrosWeb.test.pages.HomePage.<init>(HomePage.java:41)
	at com.migrosWeb.test.pages.BasketPage.<init>(BasketPage.java:37)
	at com.migrosWeb.test.pages.HomePage.<init>(HomePage.java:41)
	at com.migrosWeb.test.pages.BasketPage.<init>(BasketPage.java:37)
	at com.migrosWeb.test.pages.HomePage.<init>(HomePage.java:41)
	at com.migrosWeb.test.pages.BasketPage.<init>(BasketPage.java:37)
	at com.migrosWeb.test.pages.HomePage.<init>(HomePage.java:41)
	at com.migrosWeb.test.pages.BasketPage.<init>(BasketPage.java:37)
	at com.migrosWeb.test.pages.HomePage.<init>(HomePage.java:41)
	at com.migrosWeb.test.pages.BasketPage.<init>(BasketPage.java:37)
	at com.migrosWeb.test.pages.HomePage.<init>(HomePage.java:41)
	at com.migrosWeb.test.pages.BasketPage.<init>(BasketPage.java:37)
	at com.migrosWeb.test.pages.HomePage.<init>(HomePage.java:41)
	at com.migrosWeb.test.pages.BasketPage.<init>(BasketPage.java:37)
	at com.migrosWeb.test.pages.HomePage.<init>(HomePage.java:41)
	at com.migrosWeb.test.pages.BasketPage.<init>(BasketPage.java:37)
	at com.migrosWeb.test.pages.HomePage.<init>(HomePage.java:41)
	at com.migrosWeb.test.pages.BasketPage.<init>(BasketPage.java:37)
	at com.migrosWeb.test.pages.HomePage.<init>(HomePage.java:41)
	at com.migrosWeb.test.pages.BasketPage.<init>(BasketPage.java:37)
	at com.migrosWeb.test.pages.HomePage.<init>(HomePage.java:41)
	at com.migrosWeb.test.pages.BasketPage.<init>(BasketPage.java:37)
	at com.migrosWeb.test.pages.HomePage.<init>(HomePage.java:41)
	at com.migrosWeb.test.pages.BasketPage.<init>(BasketPage.java:37)
	at com.migrosWeb.test.pages.HomePage.<init>(HomePage.java:41)
	at com.migrosWeb.test.pages.BasketPage.<init>(BasketPage.java:37)
	at com.migrosWeb.test.pages.HomePage.<init>(HomePage.java:41)
	at com.migrosWeb.test.pages.BasketPage.<init>(BasketPage.java:37)
	at com.migrosWeb.test.pages.HomePage.<init>(HomePage.java:41)
	at com.migrosWeb.test.pages.BasketPage.<init>(BasketPage.java:37)
	at com.migrosWeb.test.pages.HomePage.<init>(HomePage.java:41)
	at com.migrosWeb.test.pages.BasketPage.<init>(BasketPage.java:37)
	at com.migrosWeb.test.pages.HomePage.<init>(HomePage.java:41)
	at com.migrosWeb.test.pages.BasketPage.<init>(BasketPage.java:37)
	at com.migrosWeb.test.pages.HomePage.<init>(HomePage.java:41)
	at com.migrosWeb.test.pages.BasketPage.<init>(BasketPage.java:37)
	at com.migrosWeb.test.pages.HomePage.<init>(HomePage.java:41)
	at com.migrosWeb.test.pages.BasketPage.<init>(BasketPage.java:37)
	at com.migrosWeb.test.pages.HomePage.<init>(HomePage.java:41)
	at com.migrosWeb.test.pages.BasketPage.<init>(BasketPage.java:37)
	at com.migrosWeb.test.pages.HomePage.<init>(HomePage.java:41)
	at com.migrosWeb.test.pages.BasketPage.<init>(BasketPage.java:37)
	at com.migrosWeb.test.pages.HomePage.<init>(HomePage.java:41)
	at com.migrosWeb.test.pages.BasketPage.<init>(BasketPage.java:37)
	at com.migrosWeb.test.pages.HomePage.<init>(HomePage.java:41)
	at com.migrosWeb.test.pages.BasketPage.<init>(BasketPage.java:37)
	at com.migrosWeb.test.pages.HomePage.<init>(HomePage.java:41)
	at com.migrosWeb.test.pages.BasketPage.<init>(BasketPage.java:37)
	at com.migrosWeb.test.pages.HomePage.<init>(HomePage.java:41)
	at com.migrosWeb.test.pages.BasketPage.<init>(BasketPage.java:37)
	at com.migrosWeb.test.pages.HomePage.<init>(HomePage.java:41)
	at com.migrosWeb.test.pages.BasketPage.<init>(BasketPage.java:37)
	at com.migrosWeb.test.pages.HomePage.<init>(HomePage.java:41)
	at com.migrosWeb.test.pages.BasketPage.<init>(BasketPage.java:37)
	at com.migrosWeb.test.pages.HomePage.<init>(HomePage.java:41)
	at com.migrosWeb.test.pages.BasketPage.<init>(BasketPage.java:37)
	at com.migrosWeb.test.pages.HomePage.<init>(HomePage.java:41)
	at com.migrosWeb.test.pages.BasketPage.<init>(BasketPage.java:37)
	at com.migrosWeb.test.pages.HomePage.<init>(HomePage.java:41)
	at com.migrosWeb.test.pages.BasketPage.<init>(BasketPage.java:37)
	at com.migrosWeb.test.pages.HomePage.<init>(HomePage.java:41)
	at com.migrosWeb.test.pages.BasketPage.<init>(BasketPage.java:37)
	at com.migrosWeb.test.pages.HomePage.<init>(HomePage.java:41)
	at com.migrosWeb.test.pages.BasketPage.<init>(BasketPage.java:37)
	at com.migrosWeb.test.pages.HomePage.<init>(HomePage.java:41)
	at com.migrosWeb.test.pages.BasketPage.<init>(BasketPage.java:37)
	at com.migrosWeb.test.pages.HomePage.<init>(HomePage.java:41)
	at com.migrosWeb.test.pages.BasketPage.<init>(BasketPage.java:37)
	at com.migrosWeb.test.pages.HomePage.<init>(HomePage.java:41)
	at com.migrosWeb.test.pages.BasketPage.<init>(BasketPage.java:37)
	at com.migrosWeb.test.pages.HomePage.<init>(HomePage.java:41)
	at com.migrosWeb.test.pages.BasketPage.<init>(BasketPage.java:37)
	at com.migrosWeb.test.pages.HomePage.<init>(HomePage.java:41)
	at com.migrosWeb.test.pages.BasketPage.<init>(BasketPage.java:37)
	at com.migrosWeb.test.pages.HomePage.<init>(HomePage.java:41)
	at com.migrosWeb.test.pages.BasketPage.<init>(BasketPage.java:37)
	at com.migrosWeb.test.pages.HomePage.<init>(HomePage.java:41)
	at com.migrosWeb.test.pages.BasketPage.<init>(BasketPage.java:37)
	at com.migrosWeb.test.pages.HomePage.<init>(HomePage.java:41)
	at com.migrosWeb.test.pages.BasketPage.<init>(BasketPage.java:37)
	at com.migrosWeb.test.pages.HomePage.<init>(HomePage.java:41)
	at com.migrosWeb.test.pages.BasketPage.<init>(BasketPage.java:37)
	at com.migrosWeb.test.pages.HomePage.<init>(HomePage.java:41)
	at com.migrosWeb.test.pages.BasketPage.<init>(BasketPage.java:37)
	at com.migrosWeb.test.pages.HomePage.<init>(HomePage.java:41)
	at com.migrosWeb.test.pages.BasketPage.<init>(BasketPage.java:37)
	at com.migrosWeb.test.pages.HomePage.<init>(HomePage.java:41)
	at com.migrosWeb.test.pages.BasketPage.<init>(BasketPage.java:37)
	at com.migrosWeb.test.pages.HomePage.<init>(HomePage.java:41)
	at com.migrosWeb.test.pages.BasketPage.<init>(BasketPage.java:37)
	at com.migrosWeb.test.pages.HomePage.<init>(HomePage.java:41)
	at com.migrosWeb.test.pages.BasketPage.<init>(BasketPage.java:37)
	at com.migrosWeb.test.pages.HomePage.<init>(HomePage.java:41)
	at com.migrosWeb.test.pages.BasketPage.<init>(BasketPage.java:37)
	at com.migrosWeb.test.pages.HomePage.<init>(HomePage.java:41)
	at com.migrosWeb.test.pages.BasketPage.<init>(BasketPage.java:37)
	at com.migrosWeb.test.pages.HomePage.<init>(HomePage.java:41)
	at com.migrosWeb.test.pages.BasketPage.<init>(BasketPage.java:37)
	at com.migrosWeb.test.pages.HomePage.<init>(HomePage.java:41)
	at com.migrosWeb.test.pages.BasketPage.<init>(BasketPage.java:37)
	at com.migrosWeb.test.pages.HomePage.<init>(HomePage.java:41)
	at com.migrosWeb.test.pages.BasketPage.<init>(BasketPage.java:37)
	at com.migrosWeb.test.pages.HomePage.<init>(HomePage.java:41)
	at com.migrosWeb.test.pages.BasketPage.<init>(BasketPage.java:37)
	at com.migrosWeb.test.pages.HomePage.<init>(HomePage.java:41)
	at com.migrosWeb.test.pages.BasketPage.<init>(BasketPage.java:37)
	at com.migrosWeb.test.pages.HomePage.<init>(HomePage.java:41)
	at com.migrosWeb.test.pages.BasketPage.<init>(BasketPage.java:37)
	at com.migrosWeb.test.pages.HomePage.<init>(HomePage.java:41)
	at com.migrosWeb.test.pages.BasketPage.<init>(BasketPage.java:37)
	at com.migrosWeb.test.pages.HomePage.<init>(HomePage.java:41)
	at com.migrosWeb.test.pages.BasketPage.<init>(BasketPage.java:37)
	at com.migrosWeb.test.pages.HomePage.<init>(HomePage.java:41)
	at com.migrosWeb.test.pages.BasketPage.<init>(BasketPage.java:37)
	at com.migrosWeb.test.pages.HomePage.<init>(HomePage.java:41)
	at com.migrosWeb.test.pages.BasketPage.<init>(BasketPage.java:37)
	at com.migrosWeb.test.pages.HomePage.<init>(HomePage.java:41)
	at com.migrosWeb.test.pages.BasketPage.<init>(BasketPage.java:37)
	at com.migrosWeb.test.pages.HomePage.<init>(HomePage.java:41)
	at com.migrosWeb.test.pages.BasketPage.<init>(BasketPage.java:37)
	at com.migrosWeb.test.pages.HomePage.<init>(HomePage.java:41)
	at com.migrosWeb.test.pages.BasketPage.<init>(BasketPage.java:37)
	at com.migrosWeb.test.pages.HomePage.<init>(HomePage.java:41)
	at com.migrosWeb.test.pages.BasketPage.<init>(BasketPage.java:37)
	at com.migrosWeb.test.pages.HomePage.<init>(HomePage.java:41)
	at com.migrosWeb.test.pages.BasketPage.<init>(BasketPage.java:37)
	at com.migrosWeb.test.pages.HomePage.<init>(HomePage.java:41)
	at com.migrosWeb.test.pages.BasketPage.<init>(BasketPage.java:37)
	at com.migrosWeb.test.pages.HomePage.<init>(HomePage.java:41)
	at com.migrosWeb.test.pages.BasketPage.<init>(BasketPage.java:37)
	at com.migrosWeb.test.pages.HomePage.<init>(HomePage.java:41)
	at com.migrosWeb.test.pages.BasketPage.<init>(BasketPage.java:37)
	at com.migrosWeb.test.pages.HomePage.<init>(HomePage.java:41)
	at com.migrosWeb.test.pages.BasketPage.<init>(BasketPage.java:37)
	at com.migrosWeb.test.pages.HomePage.<init>(HomePage.java:41)
	at com.migrosWeb.test.pages.BasketPage.<init>(BasketPage.java:37)
	at com.migrosWeb.test.pages.HomePage.<init>(HomePage.java:41)
	at com.migrosWeb.test.pages.BasketPage.<init>(BasketPage.java:37)
	at com.migrosWeb.test.pages.HomePage.<init>(HomePage.java:41)
	at com.migrosWeb.test.pages.BasketPage.<init>(BasketPage.java:37)
	at com.migrosWeb.test.pages.HomePage.<init>(HomePage.java:41)
	at com.migrosWeb.test.pages.BasketPage.<init>(BasketPage.java:37)
	at com.migrosWeb.test.pages.HomePage.<init>(HomePage.java:41)
	at com.migrosWeb.test.pages.BasketPage.<init>(BasketPage.java:37)
	at com.migrosWeb.test.pages.HomePage.<init>(HomePage.java:41)
	at com.migrosWeb.test.pages.BasketPage.<init>(BasketPage.java:37)
	at com.migrosWeb.test.pages.HomePage.<init>(HomePage.java:41)
	at com.migrosWeb.test.pages.BasketPage.<init>(BasketPage.java:37)
	at com.migrosWeb.test.pages.HomePage.<init>(HomePage.java:41)
	at com.migrosWeb.test.pages.BasketPage.<init>(BasketPage.java:37)
	at com.migrosWeb.test.pages.HomePage.<init>(HomePage.java:41)
	at com.migrosWeb.test.pages.BasketPage.<init>(BasketPage.java:37)
	at com.migrosWeb.test.pages.HomePage.<init>(HomePage.java:41)
	at com.migrosWeb.test.pages.BasketPage.<init>(BasketPage.java:37)
	at com.migrosWeb.test.pages.HomePage.<init>(HomePage.java:41)
	at com.migrosWeb.test.pages.BasketPage.<init>(BasketPage.java:37)
	at com.migrosWeb.test.pages.HomePage.<init>(HomePage.java:41)
	at com.migrosWeb.test.pages.BasketPage.<init>(BasketPage.java:37)
	at com.migrosWeb.test.pages.HomePage.<init>(HomePage.java:41)
	at com.migrosWeb.test.pages.BasketPage.<init>(BasketPage.java:37)
	at com.migrosWeb.test.pages.HomePage.<init>(HomePage.java:41)
	at com.migrosWeb.test.pages.BasketPage.<init>(BasketPage.java:37)
	at com.migrosWeb.test.pages.HomePage.<init>(HomePage.java:41)
	at com.migrosWeb.test.pages.BasketPage.<init>(BasketPage.java:37)
	at com.migrosWeb.test.pages.HomePage.<init>(HomePage.java:41)
	at com.migrosWeb.test.pages.BasketPage.<init>(BasketPage.java:37)
	at com.migrosWeb.test.pages.HomePage.<init>(HomePage.java:41)
	at com.migrosWeb.test.pages.BasketPage.<init>(BasketPage.java:37)
	at com.migrosWeb.test.pages.HomePage.<init>(HomePage.java:41)
	at com.migrosWeb.test.pages.BasketPage.<init>(BasketPage.java:37)
	at com.migrosWeb.test.pages.HomePage.<init>(HomePage.java:41)
	at com.migrosWeb.test.pages.BasketPage.<init>(BasketPage.java:37)
	at com.migrosWeb.test.pages.HomePage.<init>(HomePage.java:41)
	at com.migrosWeb.test.pages.BasketPage.<init>(BasketPage.java:37)
	at com.migrosWeb.test.pages.HomePage.<init>(HomePage.java:41)
	at com.migrosWeb.test.pages.BasketPage.<init>(BasketPage.java:37)
	at com.migrosWeb.test.pages.HomePage.<init>(HomePage.java:41)
	at com.migrosWeb.test.pages.BasketPage.<init>(BasketPage.java:37)
	at com.migrosWeb.test.pages.HomePage.<init>(HomePage.java:41)
	at com.migrosWeb.test.pages.BasketPage.<init>(BasketPage.java:37)
	at com.migrosWeb.test.pages.HomePage.<init>(HomePage.java:41)
	at com.migrosWeb.test.pages.BasketPage.<init>(BasketPage.java:37)
	at com.migrosWeb.test.pages.HomePage.<init>(HomePage.java:41)
	at com.migrosWeb.test.pages.BasketPage.<init>(BasketPage.java:37)
	at com.migrosWeb.test.pages.HomePage.<init>(HomePage.java:41)
	at com.migrosWeb.test.pages.BasketPage.<init>(BasketPage.java:37)
	at com.migrosWeb.test.pages.HomePage.<init>(HomePage.java:41)
	at com.migrosWeb.test.pages.BasketPage.<init>(BasketPage.java:37)
	at com.migrosWeb.test.pages.HomePage.<init>(HomePage.java:41)
	at com.migrosWeb.test.pages.BasketPage.<init>(BasketPage.java:37)
	at com.migrosWeb.test.pages.HomePage.<init>(HomePage.java:41)
	at com.migrosWeb.test.pages.BasketPage.<init>(BasketPage.java:37)
	at com.migrosWeb.test.pages.HomePage.<init>(HomePage.java:41)
	at com.migrosWeb.test.pages.BasketPage.<init>(BasketPage.java:37)
	at com.migrosWeb.test.pages.HomePage.<init>(HomePage.java:41)
	at com.migrosWeb.test.pages.BasketPage.<init>(BasketPage.java:37)
	at com.migrosWeb.test.pages.HomePage.<init>(HomePage.java:41)
	at com.migrosWeb.test.pages.BasketPage.<init>(BasketPage.java:37)
	at com.migrosWeb.test.pages.HomePage.<init>(HomePage.java:41)
	at com.migrosWeb.test.pages.BasketPage.<init>(BasketPage.java:37)
	at com.migrosWeb.test.pages.HomePage.<init>(HomePage.java:41)
	at com.migrosWeb.test.pages.BasketPage.<init>(BasketPage.java:37)
	at com.migrosWeb.test.pages.HomePage.<init>(HomePage.java:41)
	at com.migrosWeb.test.pages.BasketPage.<init>(BasketPage.java:37)
	at com.migrosWeb.test.pages.HomePage.<init>(HomePage.java:41)
	at com.migrosWeb.test.pages.BasketPage.<init>(BasketPage.java:37)
	at com.migrosWeb.test.pages.HomePage.<init>(HomePage.java:41)
	at com.migrosWeb.test.pages.BasketPage.<init>(BasketPage.java:37)
	at com.migrosWeb.test.pages.HomePage.<init>(HomePage.java:41)
	at com.migrosWeb.test.pages.BasketPage.<init>(BasketPage.java:37)
	at com.migrosWeb.test.pages.HomePage.<init>(HomePage.java:41)
	at com.migrosWeb.test.pages.BasketPage.<init>(BasketPage.java:37)
	at com.migrosWeb.test.pages.HomePage.<init>(HomePage.java:41)
	at com.migrosWeb.test.pages.BasketPage.<init>(BasketPage.java:37)
	at com.migrosWeb.test.pages.HomePage.<init>(HomePage.java:41)
	at com.migrosWeb.test.pages.BasketPage.<init>(BasketPage.java:37)
	at com.migrosWeb.test.pages.HomePage.<init>(HomePage.java:41)
	at com.migrosWeb.test.pages.BasketPage.<init>(BasketPage.java:37)
	at com.migrosWeb.test.pages.HomePage.<init>(HomePage.java:41)
	at com.migrosWeb.test.pages.BasketPage.<init>(BasketPage.java:37)
	at com.migrosWeb.test.pages.HomePage.<init>(HomePage.java:41)
	at com.migrosWeb.test.pages.BasketPage.<init>(BasketPage.java:37)
	at com.migrosWeb.test.pages.HomePage.<init>(HomePage.java:41)
	at com.migrosWeb.test.pages.BasketPage.<init>(BasketPage.java:37)
	at com.migrosWeb.test.pages.HomePage.<init>(HomePage.java:41)
	at com.migrosWeb.test.pages.BasketPage.<init>(BasketPage.java:37)
	at com.migrosWeb.test.pages.HomePage.<init>(HomePage.java:41)
	at com.migrosWeb.test.pages.BasketPage.<init>(BasketPage.java:37)
	at com.migrosWeb.test.pages.HomePage.<init>(HomePage.java:41)
	at com.migrosWeb.test.pages.BasketPage.<init>(BasketPage.java:37)
	at com.migrosWeb.test.pages.HomePage.<init>(HomePage.java:41)
	at com.migrosWeb.test.pages.BasketPage.<init>(BasketPage.java:37)
	at com.migrosWeb.test.pages.HomePage.<init>(HomePage.java:41)
	at com.migrosWeb.test.pages.BasketPage.<init>(BasketPage.java:37)
	at com.migrosWeb.test.pages.HomePage.<init>(HomePage.java:41)
	at com.migrosWeb.test.pages.BasketPage.<init>(BasketPage.java:37)
	at com.migrosWeb.test.pages.HomePage.<init>(HomePage.java:41)
	at com.migrosWeb.test.pages.BasketPage.<init>(BasketPage.java:37)
	at com.migrosWeb.test.pages.HomePage.<init>(HomePage.java:41)
	at com.migrosWeb.test.pages.BasketPage.<init>(BasketPage.java:37)
	at com.migrosWeb.test.pages.HomePage.<init>(HomePage.java:41)
	at com.migrosWeb.test.pages.BasketPage.<init>(BasketPage.java:37)
	at com.migrosWeb.test.pages.HomePage.<init>(HomePage.java:41)
	at com.migrosWeb.test.pages.BasketPage.<init>(BasketPage.java:37)
	at com.migrosWeb.test.pages.HomePage.<init>(HomePage.java:41)
	at com.migrosWeb.test.pages.BasketPage.<init>(BasketPage.java:37)
	at com.migrosWeb.test.pages.HomePage.<init>(HomePage.java:41)
	at com.migrosWeb.test.pages.BasketPage.<init>(BasketPage.java:37)
	at com.migrosWeb.test.pages.HomePage.<init>(HomePage.java:41)
	at com.migrosWeb.test.pages.BasketPage.<init>(BasketPage.java:37)
	at com.migrosWeb.test.pages.HomePage.<init>(HomePage.java:41)
	at com.migrosWeb.test.pages.BasketPage.<init>(BasketPage.java:37)
	at com.migrosWeb.test.pages.HomePage.<init>(HomePage.java:41)
	at com.migrosWeb.test.pages.BasketPage.<init>(BasketPage.java:37)
	at com.migrosWeb.test.pages.HomePage.<init>(HomePage.java:41)
	at com.migrosWeb.test.pages.BasketPage.<init>(BasketPage.java:37)
	at com.migrosWeb.test.pages.HomePage.<init>(HomePage.java:41)
	at com.migrosWeb.test.pages.BasketPage.<init>(BasketPage.java:37)
	at com.migrosWeb.test.pages.HomePage.<init>(HomePage.java:41)
	at com.migrosWeb.test.pages.BasketPage.<init>(BasketPage.java:37)
	at com.migrosWeb.test.pages.HomePage.<init>(HomePage.java:41)
	at com.migrosWeb.test.pages.BasketPage.<init>(BasketPage.java:37)
	at com.migrosWeb.test.pages.HomePage.<init>(HomePage.java:41)
	at com.migrosWeb.test.pages.BasketPage.<init>(BasketPage.java:37)
	at com.migrosWeb.test.pages.HomePage.<init>(HomePage.java:41)
	at com.migrosWeb.test.pages.BasketPage.<init>(BasketPage.java:37)
	at com.migrosWeb.test.pages.HomePage.<init>(HomePage.java:41)
	at com.migrosWeb.test.pages.BasketPage.<init>(BasketPage.java:37)
	at com.migrosWeb.test.pages.HomePage.<init>(HomePage.java:41)
	at com.migrosWeb.test.pages.BasketPage.<init>(BasketPage.java:37)
	at com.migrosWeb.test.pages.HomePage.<init>(HomePage.java:41)
	at com.migrosWeb.test.pages.BasketPage.<init>(BasketPage.java:37)
	at com.migrosWeb.test.pages.HomePage.<init>(HomePage.java:41)
	at com.migrosWeb.test.pages.BasketPage.<init>(BasketPage.java:37)
	at com.migrosWeb.test.pages.HomePage.<init>(HomePage.java:41)
	at com.migrosWeb.test.pages.BasketPage.<init>(BasketPage.java:37)
	at com.migrosWeb.test.pages.HomePage.<init>(HomePage.java:41)
	at com.migrosWeb.test.pages.BasketPage.<init>(BasketPage.java:37)
	at com.migrosWeb.test.pages.HomePage.<init>(HomePage.java:41)
	at com.migrosWeb.test.pages.BasketPage.<init>(BasketPage.java:37)
	at com.migrosWeb.test.pages.HomePage.<init>(HomePage.java:41)
	at com.migrosWeb.test.pages.BasketPage.<init>(BasketPage.java:37)
	at com.migrosWeb.test.pages.HomePage.<init>(HomePage.java:41)
	at com.migrosWeb.test.pages.BasketPage.<init>(BasketPage.java:37)
	at com.migrosWeb.test.pages.HomePage.<init>(HomePage.java:41)
	at com.migrosWeb.test.pages.BasketPage.<init>(BasketPage.java:37)
	at com.migrosWeb.test.pages.HomePage.<init>(HomePage.java:41)
	at com.migrosWeb.test.pages.BasketPage.<init>(BasketPage.java:37)
	at com.migrosWeb.test.pages.HomePage.<init>(HomePage.java:41)
	at com.migrosWeb.test.pages.BasketPage.<init>(BasketPage.java:37)
	at com.migrosWeb.test.pages.HomePage.<init>(HomePage.java:41)
	at com.migrosWeb.test.pages.BasketPage.<init>(BasketPage.java:37)
	at com.migrosWeb.test.pages.HomePage.<init>(HomePage.java:41)
	at com.migrosWeb.test.pages.BasketPage.<init>(BasketPage.java:37)
	at com.migrosWeb.test.pages.HomePage.<init>(HomePage.java:41)
	at com.migrosWeb.test.pages.BasketPage.<init>(BasketPage.java:37)
	at com.migrosWeb.test.pages.HomePage.<init>(HomePage.java:41)
	at com.migrosWeb.test.pages.BasketPage.<init>(BasketPage.java:37)
	at com.migrosWeb.test.pages.HomePage.<init>(HomePage.java:41)
	at com.migrosWeb.test.pages.BasketPage.<init>(BasketPage.java:37)
	at com.migrosWeb.test.pages.HomePage.<init>(HomePage.java:41)
	at com.migrosWeb.test.pages.BasketPage.<init>(BasketPage.java:37)
	at com.migrosWeb.test.pages.HomePage.<init>(HomePage.java:41)
	at com.migrosWeb.test.pages.BasketPage.<init>(BasketPage.java:37)
	at com.migrosWeb.test.pages.HomePage.<init>(HomePage.java:41)
	at com.migrosWeb.test.pages.BasketPage.<init>(BasketPage.java:37)
	at com.migrosWeb.test.pages.HomePage.<init>(HomePage.java:41)
	at com.migrosWeb.test.pages.BasketPage.<init>(BasketPage.java:37)
	at com.migrosWeb.test.pages.HomePage.<init>(HomePage.java:41)
	at com.migrosWeb.test.pages.BasketPage.<init>(BasketPage.java:37)
	at com.migrosWeb.test.pages.HomePage.<init>(HomePage.java:41)
	at com.migrosWeb.test.pages.BasketPage.<init>(BasketPage.java:37)
	at com.migrosWeb.test.pages.HomePage.<init>(HomePage.java:41)
	at com.migrosWeb.test.pages.BasketPage.<init>(BasketPage.java:37)
	at com.migrosWeb.test.pages.HomePage.<init>(HomePage.java:41)
	at com.migrosWeb.test.pages.BasketPage.<init>(BasketPage.java:37)
	at com.migrosWeb.test.pages.HomePage.<init>(HomePage.java:41)
	at com.migrosWeb.test.pages.BasketPage.<init>(BasketPage.java:37)
	at com.migrosWeb.test.pages.HomePage.<init>(HomePage.java:41)
	at com.migrosWeb.test.pages.BasketPage.<init>(BasketPage.java:37)
	at com.migrosWeb.test.pages.HomePage.<init>(HomePage.java:41)
	at com.migrosWeb.test.pages.BasketPage.<init>(BasketPage.java:37)
	at com.migrosWeb.test.pages.HomePage.<init>(HomePage.java:41)
	at com.migrosWeb.test.pages.BasketPage.<init>(BasketPage.java:37)
	at com.migrosWeb.test.pages.HomePage.<init>(HomePage.java:41)
	at com.migrosWeb.test.pages.BasketPage.<init>(BasketPage.java:37)
	at com.migrosWeb.test.pages.HomePage.<init>(HomePage.java:41)
	at com.migrosWeb.test.pages.BasketPage.<init>(BasketPage.java:37)
	at com.migrosWeb.test.pages.HomePage.<init>(HomePage.java:41)
	at com.migrosWeb.test.pages.BasketPage.<init>(BasketPage.java:37)
	at com.migrosWeb.test.pages.HomePage.<init>(HomePage.java:41)
	at com.migrosWeb.test.pages.BasketPage.<init>(BasketPage.java:37)
	at com.migrosWeb.test.pages.HomePage.<init>(HomePage.java:41)
	at com.migrosWeb.test.pages.BasketPage.<init>(BasketPage.java:37)
	at com.migrosWeb.test.pages.HomePage.<init>(HomePage.java:41)
	at com.migrosWeb.test.pages.BasketPage.<init>(BasketPage.java:37)
	at com.migrosWeb.test.pages.HomePage.<init>(HomePage.java:41)
	at com.migrosWeb.test.pages.BasketPage.<init>(BasketPage.java:37)
	at com.migrosWeb.test.pages.HomePage.<init>(HomePage.java:41)
	at com.migrosWeb.test.pages.BasketPage.<init>(BasketPage.java:37)
	at com.migrosWeb.test.pages.HomePage.<init>(HomePage.java:41)
	at com.migrosWeb.test.pages.BasketPage.<init>(BasketPage.java:37)
	at com.migrosWeb.test.pages.HomePage.<init>(HomePage.java:41)
	at com.migrosWeb.test.pages.BasketPage.<init>(BasketPage.java:37)
	at com.migrosWeb.test.pages.HomePage.<init>(HomePage.java:41)
	at com.migrosWeb.test.pages.BasketPage.<init>(BasketPage.java:37)
	at com.migrosWeb.test.pages.HomePage.<init>(HomePage.java:41)
	at com.migrosWeb.test.pages.BasketPage.<init>(BasketPage.java:37)
	at com.migrosWeb.test.pages.HomePage.<init>(HomePage.java:41)
	at com.migrosWeb.test.pages.BasketPage.<init>(BasketPage.java:37)
	at com.migrosWeb.test.pages.HomePage.<init>(HomePage.java:41)
	at com.migrosWeb.test.pages.BasketPage.<init>(BasketPage.java:37)
	at com.migrosWeb.test.pages.HomePage.<init>(HomePage.java:41)
	at com.migrosWeb.test.pages.BasketPage.<init>(BasketPage.java:37)
	at com.migrosWeb.test.pages.HomePage.<init>(HomePage.java:41)
	at com.migrosWeb.test.pages.BasketPage.<init>(BasketPage.java:37)
	at com.migrosWeb.test.pages.HomePage.<init>(HomePage.java:41)
	at com.migrosWeb.test.pages.BasketPage.<init>(BasketPage.java:37)
	at com.migrosWeb.test.pages.HomePage.<init>(HomePage.java:41)
	at com.migrosWeb.test.pages.BasketPage.<init>(BasketPage.java:37)
	at com.migrosWeb.test.pages.HomePage.<init>(HomePage.java:41)
	at com.migrosWeb.test.pages.BasketPage.<init>(BasketPage.java:37)
	at com.migrosWeb.test.pages.HomePage.<init>(HomePage.java:41)
	at com.migrosWeb.test.pages.BasketPage.<init>(BasketPage.java:37)
	at com.migrosWeb.test.pages.HomePage.<init>(HomePage.java:41)
	at com.migrosWeb.test.pages.BasketPage.<init>(BasketPage.java:37)
	at com.migrosWeb.test.pages.HomePage.<init>(HomePage.java:41)
	at com.migrosWeb.test.pages.BasketPage.<init>(BasketPage.java:37)
	at com.migrosWeb.test.pages.HomePage.<init>(HomePage.java:41)
	at com.migrosWeb.test.pages.BasketPage.<init>(BasketPage.java:37)
	at com.migrosWeb.test.pages.HomePage.<init>(HomePage.java:41)
	at com.migrosWeb.test.pages.BasketPage.<init>(BasketPage.java:37)
	at com.migrosWeb.test.pages.HomePage.<init>(HomePage.java:41)
	at com.migrosWeb.test.pages.BasketPage.<init>(BasketPage.java:37)
	at com.migrosWeb.test.pages.HomePage.<init>(HomePage.java:41)
	at com.migrosWeb.test.pages.BasketPage.<init>(BasketPage.java:37)
	at com.migrosWeb.test.pages.HomePage.<init>(HomePage.java:41)
	at com.migrosWeb.test.pages.BasketPage.<init>(BasketPage.java:37)
	at com.migrosWeb.test.pages.HomePage.<init>(HomePage.java:41)
	at com.migrosWeb.test.pages.BasketPage.<init>(BasketPage.java:37)
	at com.migrosWeb.test.pages.HomePage.<init>(HomePage.java:41)
	at com.migrosWeb.test.pages.BasketPage.<init>(BasketPage.java:37)
	at com.migrosWeb.test.pages.HomePage.<init>(HomePage.java:41)
	at com.migrosWeb.test.pages.BasketPage.<init>(BasketPage.java:37)
	at com.migrosWeb.test.pages.HomePage.<init>(HomePage.java:41)
	at com.migrosWeb.test.pages.BasketPage.<init>(BasketPage.java:37)
	at com.migrosWeb.test.pages.HomePage.<init>(HomePage.java:41)
	at com.migrosWeb.test.pages.BasketPage.<init>(BasketPage.java:37)
	at com.migrosWeb.test.pages.HomePage.<init>(HomePage.java:41)
	at com.migrosWeb.test.pages.BasketPage.<init>(BasketPage.java:37)
	at com.migrosWeb.test.pages.HomePage.<init>(HomePage.java:41)
	at com.migrosWeb.test.pages.BasketPage.<init>(BasketPage.java:37)
	at com.migrosWeb.test.pages.HomePage.<init>(HomePage.java:41)
	at com.migrosWeb.test.pages.BasketPage.<init>(BasketPage.java:37)
	at com.migrosWeb.test.pages.HomePage.<init>(HomePage.java:41)
	at com.migrosWeb.test.pages.BasketPage.<init>(BasketPage.java:37)
	at com.migrosWeb.test.pages.HomePage.<init>(HomePage.java:41)
	at com.migrosWeb.test.pages.BasketPage.<init>(BasketPage.java:37)
	at com.migrosWeb.test.pages.HomePage.<init>(HomePage.java:41)
	at com.migrosWeb.test.pages.BasketPage.<init>(BasketPage.java:37)
	at com.migrosWeb.test.pages.HomePage.<init>(HomePage.java:41)
	at com.migrosWeb.test.pages.BasketPage.<init>(BasketPage.java:37)
	at com.migrosWeb.test.pages.HomePage.<init>(HomePage.java:41)
	at com.migrosWeb.test.pages.BasketPage.<init>(BasketPage.java:37)
	at com.migrosWeb.test.pages.HomePage.<init>(HomePage.java:41)
	at com.migrosWeb.test.pages.BasketPage.<init>(BasketPage.java:37)
	at com.migrosWeb.test.pages.HomePage.<init>(HomePage.java:41)
	at com.migrosWeb.test.pages.BasketPage.<init>(BasketPage.java:37)
	at com.migrosWeb.test.pages.HomePage.<init>(HomePage.java:41)
	at com.migrosWeb.test.pages.BasketPage.<init>(BasketPage.java:37)
	at com.migrosWeb.test.pages.HomePage.<init>(HomePage.java:41)
	at com.migrosWeb.test.pages.BasketPage.<init>(BasketPage.java:37)
	at com.migrosWeb.test.pages.HomePage.<init>(HomePage.java:41)
	at com.migrosWeb.test.pages.BasketPage.<init>(BasketPage.java:37)
	at com.migrosWeb.test.pages.HomePage.<init>(HomePage.java:41)
	at com.migrosWeb.test.pages.BasketPage.<init>(BasketPage.java:37)
	at com.migrosWeb.test.pages.HomePage.<init>(HomePage.java:41)
	at com.migrosWeb.test.pages.BasketPage.<init>(BasketPage.java:37)
	at com.migrosWeb.test.pages.HomePage.<init>(HomePage.java:41)
	at com.migrosWeb.test.pages.BasketPage.<init>(BasketPage.java:37)
	at com.migrosWeb.test.pages.HomePage.<init>(HomePage.java:41)
	at com.migrosWeb.test.pages.BasketPage.<init>(BasketPage.java:37)
	at com.migrosWeb.test.pages.HomePage.<init>(HomePage.java:41)
	at com.migrosWeb.test.pages.BasketPage.<init>(BasketPage.java:37)
	at com.migrosWeb.test.pages.HomePage.<init>(HomePage.java:41)
	at com.migrosWeb.test.pages.BasketPage.<init>(BasketPage.java:37)
	at com.migrosWeb.test.pages.HomePage.<init>(HomePage.java:41)
	at com.migrosWeb.test.pages.BasketPage.<init>(BasketPage.java:37)
	at com.migrosWeb.test.pages.HomePage.<init>(HomePage.java:41)
	at com.migrosWeb.test.pages.BasketPage.<init>(BasketPage.java:37)
	at com.migrosWeb.test.pages.HomePage.<init>(HomePage.java:41)
	at com.migrosWeb.test.pages.BasketPage.<init>(BasketPage.java:37)
	at com.migrosWeb.test.pages.HomePage.<init>(HomePage.java:41)
	at com.migrosWeb.test.pages.BasketPage.<init>(BasketPage.java:37)
	at com.migrosWeb.test.pages.HomePage.<init>(HomePage.java:41)
	at com.migrosWeb.test.pages.BasketPage.<init>(BasketPage.java:37)
	at com.migrosWeb.test.pages.HomePage.<init>(HomePage.java:41)
	at com.migrosWeb.test.pages.BasketPage.<init>(BasketPage.java:37)
	at com.migrosWeb.test.pages.HomePage.<init>(HomePage.java:41)
	at com.migrosWeb.test.pages.BasketPage.<init>(BasketPage.java:37)
	at com.migrosWeb.test.pages.HomePage.<init>(HomePage.java:41)
	at com.migrosWeb.test.pages.BasketPage.<init>(BasketPage.java:37)
	at com.migrosWeb.test.pages.HomePage.<init>(HomePage.java:41)
	at com.migrosWeb.test.pages.BasketPage.<init>(BasketPage.java:37)
	at com.migrosWeb.test.pages.HomePage.<init>(HomePage.java:41)
	at com.migrosWeb.test.pages.BasketPage.<init>(BasketPage.java:37)
	at com.migrosWeb.test.pages.HomePage.<init>(HomePage.java:41)
	at com.migrosWeb.test.pages.BasketPage.<init>(BasketPage.java:37)
	at com.migrosWeb.test.pages.HomePage.<init>(HomePage.java:41)
	at com.migrosWeb.test.pages.BasketPage.<init>(BasketPage.java:37)
	at com.migrosWeb.test.pages.HomePage.<init>(HomePage.java:41)
	at com.migrosWeb.test.pages.BasketPage.<init>(BasketPage.java:37)
	at com.migrosWeb.test.pages.HomePage.<init>(HomePage.java:41)
	at com.migrosWeb.test.pages.BasketPage.<init>(BasketPage.java:37)
	at com.migrosWeb.test.pages.HomePage.<init>(HomePage.java:41)
	at com.migrosWeb.test.pages.BasketPage.<init>(BasketPage.java:37)
	at com.migrosWeb.test.pages.HomePage.<init>(HomePage.java:41)
	at com.migrosWeb.test.pages.BasketPage.<init>(BasketPage.java:37)
	at com.migrosWeb.test.pages.HomePage.<init>(HomePage.java:41)
	at com.migrosWeb.test.pages.BasketPage.<init>(BasketPage.java:37)
	at com.migrosWeb.test.pages.HomePage.<init>(HomePage.java:41)
	at com.migrosWeb.test.pages.BasketPage.<init>(BasketPage.java:37)
	at com.migrosWeb.test.pages.HomePage.<init>(HomePage.java:41)
	at com.migrosWeb.test.pages.BasketPage.<init>(BasketPage.java:37)
	at com.migrosWeb.test.pages.HomePage.<init>(HomePage.java:41)
	at com.migrosWeb.test.pages.BasketPage.<init>(BasketPage.java:37)
	at com.migrosWeb.test.pages.HomePage.<init>(HomePage.java:41)
	at com.migrosWeb.test.pages.BasketPage.<init>(BasketPage.java:37)
	at com.migrosWeb.test.pages.HomePage.<init>(HomePage.java:41)
	at com.migrosWeb.test.pages.BasketPage.<init>(BasketPage.java:37)
	at com.migrosWeb.test.pages.HomePage.<init>(HomePage.java:41)
	at com.migrosWeb.test.pages.BasketPage.<init>(BasketPage.java:37)
	at com.migrosWeb.test.pages.HomePage.<init>(HomePage.java:41)
	at com.migrosWeb.test.pages.BasketPage.<init>(BasketPage.java:37)
	at com.migrosWeb.test.pages.HomePage.<init>(HomePage.java:41)
	at com.migrosWeb.test.pages.BasketPage.<init>(BasketPage.java:37)
	at com.migrosWeb.test.pages.HomePage.<init>(HomePage.java:41)
	at com.migrosWeb.test.pages.BasketPage.<init>(BasketPage.java:37)
	at com.migrosWeb.test.pages.HomePage.<init>(HomePage.java:41)
	at com.migrosWeb.test.pages.BasketPage.<init>(BasketPage.java:37)
	at com.migrosWeb.test.pages.HomePage.<init>(HomePage.java:41)
	at com.migrosWeb.test.pages.BasketPage.<init>(BasketPage.java:37)
	at com.migrosWeb.test.pages.HomePage.<init>(HomePage.java:41)
	at com.migrosWeb.test.pages.BasketPage.<init>(BasketPage.java:37)
	at com.migrosWeb.test.pages.HomePage.<init>(HomePage.java:41)
	at com.migrosWeb.test.pages.BasketPage.<init>(BasketPage.java:37)
	at com.migrosWeb.test.pages.HomePage.<init>(HomePage.java:41)
	at com.migrosWeb.test.pages.BasketPage.<init>(BasketPage.java:37)
	at com.migrosWeb.test.pages.HomePage.<init>(HomePage.java:41)
	at com.migrosWeb.test.pages.BasketPage.<init>(BasketPage.java:37)
	at com.migrosWeb.test.pages.HomePage.<init>(HomePage.java:41)
	at com.migrosWeb.test.pages.BasketPage.<init>(BasketPage.java:37)
	at com.migrosWeb.test.pages.HomePage.<init>(HomePage.java:41)
	at com.migrosWeb.test.pages.BasketPage.<init>(BasketPage.java:37)
	at com.migrosWeb.test.pages.HomePage.<init>(HomePage.java:41)
	at com.migrosWeb.test.pages.BasketPage.<init>(BasketPage.java:37)
	at com.migrosWeb.test.pages.HomePage.<init>(HomePage.java:41)
	at com.migrosWeb.test.pages.BasketPage.<init>(BasketPage.java:37)
	at com.migrosWeb.test.pages.HomePage.<init>(HomePage.java:41)
	at com.migrosWeb.test.pages.BasketPage.<init>(BasketPage.java:37)
	at com.migrosWeb.test.pages.HomePage.<init>(HomePage.java:41)
	at com.migrosWeb.test.pages.BasketPage.<init>(BasketPage.java:37)
	at com.migrosWeb.test.pages.HomePage.<init>(HomePage.java:41)
	at com.migrosWeb.test.pages.BasketPage.<init>(BasketPage.java:37)
	at com.migrosWeb.test.pages.HomePage.<init>(HomePage.java:41)
	at com.migrosWeb.test.pages.BasketPage.<init>(BasketPage.java:37)
	at com.migrosWeb.test.pages.HomePage.<init>(HomePage.java:41)
	at com.migrosWeb.test.pages.BasketPage.<init>(BasketPage.java:37)
	at com.migrosWeb.test.pages.HomePage.<init>(HomePage.java:41)
	at com.migrosWeb.test.pages.BasketPage.<init>(BasketPage.java:37)
	at com.migrosWeb.test.pages.HomePage.<init>(HomePage.java:41)
	at com.migrosWeb.test.pages.BasketPage.<init>(BasketPage.java:37)
	at com.migrosWeb.test.pages.HomePage.<init>(HomePage.java:41)
	at com.migrosWeb.test.pages.BasketPage.<init>(BasketPage.java:37)
	at com.migrosWeb.test.pages.HomePage.<init>(HomePage.java:41)
	at com.migrosWeb.test.pages.BasketPage.<init>(BasketPage.java:37)
	at com.migrosWeb.test.pages.HomePage.<init>(HomePage.java:41)
	at com.migrosWeb.test.pages.BasketPage.<init>(BasketPage.java:37)
	at com.migrosWeb.test.pages.HomePage.<init>(HomePage.java:41)
	at com.migrosWeb.test.pages.BasketPage.<init>(BasketPage.java:37)
	at com.migrosWeb.test.pages.HomePage.<init>(HomePage.java:41)
	at com.migrosWeb.test.pages.BasketPage.<init>(BasketPage.java:37)
	at com.migrosWeb.test.pages.HomePage.<init>(HomePage.java:41)
	at com.migrosWeb.test.pages.BasketPage.<init>(BasketPage.java:37)
	at com.migrosWeb.test.pages.HomePage.<init>(HomePage.java:41)
	at com.migrosWeb.test.pages.BasketPage.<init>(BasketPage.java:37)
	at com.migrosWeb.test.pages.HomePage.<init>(HomePage.java:41)
	at com.migrosWeb.test.pages.BasketPage.<init>(BasketPage.java:37)
	at com.migrosWeb.test.pages.HomePage.<init>(HomePage.java:41)
	at com.migrosWeb.test.pages.BasketPage.<init>(BasketPage.java:37)
	at com.migrosWeb.test.pages.HomePage.<init>(HomePage.java:41)
	at com.migrosWeb.test.pages.BasketPage.<init>(BasketPage.java:37)
	at com.migrosWeb.test.pages.HomePage.<init>(HomePage.java:41)
	at com.migrosWeb.test.pages.BasketPage.<init>(BasketPage.java:37)
	at com.migrosWeb.test.pages.HomePage.<init>(HomePage.java:41)
	at com.migrosWeb.test.pages.BasketPage.<init>(BasketPage.java:37)
	at com.migrosWeb.test.pages.HomePage.<init>(HomePage.java:41)
	at com.migrosWeb.test.pages.BasketPage.<init>(BasketPage.java:37)
	at com.migrosWeb.test.pages.HomePage.<init>(HomePage.java:41)
	at com.migrosWeb.test.pages.BasketPage.<init>(BasketPage.java:37)
	at com.migrosWeb.test.pages.HomePage.<init>(HomePage.java:41)
	at com.migrosWeb.test.pages.BasketPage.<init>(BasketPage.java:37)
	at com.migrosWeb.test.pages.HomePage.<init>(HomePage.java:41)
	at com.migrosWeb.test.pages.BasketPage.<init>(BasketPage.java:37)
	at com.migrosWeb.test.pages.HomePage.<init>(HomePage.java:41)
	at com.migrosWeb.test.pages.BasketPage.<init>(BasketPage.java:37)
	at com.migrosWeb.test.pages.HomePage.<init>(HomePage.java:41)
	at com.migrosWeb.test.pages.BasketPage.<init>(BasketPage.java:37)
	at com.migrosWeb.test.pages.HomePage.<init>(HomePage.java:41)
	at com.migrosWeb.test.pages.BasketPage.<init>(BasketPage.java:37)
	at com.migrosWeb.test.pages.HomePage.<init>(HomePage.java:41)
	at com.migrosWeb.test.pages.BasketPage.<init>(BasketPage.java:37)
	at com.migrosWeb.test.pages.HomePage.<init>(HomePage.java:41)
	at com.migrosWeb.test.pages.BasketPage.<init>(BasketPage.java:37)
	at com.migrosWeb.test.pages.HomePage.<init>(HomePage.java:41)
	at com.migrosWeb.test.pages.BasketPage.<init>(BasketPage.java:37)
	at com.migrosWeb.test.pages.HomePage.<init>(HomePage.java:41)
	at com.migrosWeb.test.pages.BasketPage.<init>(BasketPage.java:37)
	at com.migrosWeb.test.pages.HomePage.<init>(HomePage.java:41)
	at com.migrosWeb.test.pages.BasketPage.<init>(BasketPage.java:37)
	at com.migrosWeb.test.pages.HomePage.<init>(HomePage.java:41)
	at com.migrosWeb.test.pages.BasketPage.<init>(BasketPage.java:37)
	at com.migrosWeb.test.pages.HomePage.<init>(HomePage.java:41)
	at com.migrosWeb.test.pages.BasketPage.<init>(BasketPage.java:37)
	at com.migrosWeb.test.pages.HomePage.<init>(HomePage.java:41)
	at com.migrosWeb.test.pages.BasketPage.<init>(BasketPage.java:37)
	at com.migrosWeb.test.pages.HomePage.<init>(HomePage.java:41)
	at com.migrosWeb.test.pages.BasketPage.<init>(BasketPage.java:37)
	at com.migrosWeb.test.pages.HomePage.<init>(HomePage.java:41)
	at com.migrosWeb.test.pages.BasketPage.<init>(BasketPage.java:37)
	at com.migrosWeb.test.pages.HomePage.<init>(HomePage.java:41)
	at com.migrosWeb.test.pages.BasketPage.<init>(BasketPage.java:37)
	at com.migrosWeb.test.pages.HomePage.<init>(HomePage.java:41)
	at com.migrosWeb.test.pages.BasketPage.<init>(BasketPage.java:37)
	at com.migrosWeb.test.pages.HomePage.<init>(HomePage.java:41)
	at com.migrosWeb.test.pages.BasketPage.<init>(BasketPage.java:37)
	at com.migrosWeb.test.pages.HomePage.<init>(HomePage.java:41)
	at com.migrosWeb.test.pages.BasketPage.<init>(BasketPage.java:37)
	at com.migrosWeb.test.pages.HomePage.<init>(HomePage.java:41)
	at com.migrosWeb.test.pages.BasketPage.<init>(BasketPage.java:37)
	at com.migrosWeb.test.pages.HomePage.<init>(HomePage.java:41)
	at com.migrosWeb.test.pages.BasketPage.<init>(BasketPage.java:37)
	at com.migrosWeb.test.pages.HomePage.<init>(HomePage.java:41)
	at com.migrosWeb.test.pages.BasketPage.<init>(BasketPage.java:37)
	at com.migrosWeb.test.pages.HomePage.<init>(HomePage.java:41)
	at com.migrosWeb.test.pages.BasketPage.<init>(BasketPage.java:37)
	at com.migrosWeb.test.pages.HomePage.<init>(HomePage.java:41)
	at com.migrosWeb.test.pages.BasketPage.<init>(BasketPage.java:37)
	at com.migrosWeb.test.pages.HomePage.<init>(HomePage.java:41)
	at com.migrosWeb.test.pages.BasketPage.<init>(BasketPage.java:37)
	at com.migrosWeb.test.pages.HomePage.<init>(HomePage.java:41)
	at com.migrosWeb.test.pages.BasketPage.<init>(BasketPage.java:37)
	at com.migrosWeb.test.pages.HomePage.<init>(HomePage.java:41)
	at com.migrosWeb.test.pages.BasketPage.<init>(BasketPage.java:37)
	at com.migrosWeb.test.pages.HomePage.<init>(HomePage.java:41)
	at com.migrosWeb.test.pages.BasketPage.<init>(BasketPage.java:37)
	at com.migrosWeb.test.pages.HomePage.<init>(HomePage.java:41)
	at com.migrosWeb.test.pages.BasketPage.<init>(BasketPage.java:37)
	at com.migrosWeb.test.pages.HomePage.<init>(HomePage.java:41)
	at com.migrosWeb.test.pages.BasketPage.<init>(BasketPage.java:37)
	at com.migrosWeb.test.pages.HomePage.<init>(HomePage.java:41)
	at com.migrosWeb.test.pages.BasketPage.<init>(BasketPage.java:37)
	at com.migrosWeb.test.pages.HomePage.<init>(HomePage.java:41)
	at com.migrosWeb.test.pages.BasketPage.<init>(BasketPage.java:37)
	at com.migrosWeb.test.pages.HomePage.<init>(HomePage.java:41)
	at com.migrosWeb.test.pages.BasketPage.<init>(BasketPage.java:37)
	at com.migrosWeb.test.pages.HomePage.<init>(HomePage.java:41)
	at com.migrosWeb.test.pages.BasketPage.<init>(BasketPage.java:37)
	at com.migrosWeb.test.pages.HomePage.<init>(HomePage.java:41)
	at com.migrosWeb.test.pages.BasketPage.<init>(BasketPage.java:37)
	at com.migrosWeb.test.pages.HomePage.<init>(HomePage.java:41)
	at com.migrosWeb.test.pages.BasketPage.<init>(BasketPage.java:37)
	at com.migrosWeb.test.pages.HomePage.<init>(HomePage.java:41)
	at com.migrosWeb.test.pages.BasketPage.<init>(BasketPage.java:37)
	at com.migrosWeb.test.pages.HomePage.<init>(HomePage.java:41)
	at com.migrosWeb.test.pages.BasketPage.<init>(BasketPage.java:37)
	at com.migrosWeb.test.pages.HomePage.<init>(HomePage.java:41)
	at com.migrosWeb.test.pages.BasketPage.<init>(BasketPage.java:37)
	at com.migrosWeb.test.pages.HomePage.<init>(HomePage.java:41)
	at com.migrosWeb.test.pages.BasketPage.<init>(BasketPage.java:37)
	at com.migrosWeb.test.pages.HomePage.<init>(HomePage.java:41)
	at com.migrosWeb.test.pages.BasketPage.<init>(BasketPage.java:37)
	at com.migrosWeb.test.pages.HomePage.<init>(HomePage.java:41)
	at com.migrosWeb.test.pages.BasketPage.<init>(BasketPage.java:37)
	at com.migrosWeb.test.pages.HomePage.<init>(HomePage.java:41)
	at com.migrosWeb.test.pages.BasketPage.<init>(BasketPage.java:37)
	at com.migrosWeb.test.pages.HomePage.<init>(HomePage.java:41)
	at com.migrosWeb.test.pages.BasketPage.<init>(BasketPage.java:37)
	at com.migrosWeb.test.pages.HomePage.<init>(HomePage.java:41)
	at com.migrosWeb.test.pages.BasketPage.<init>(BasketPage.java:37)
	at com.migrosWeb.test.pages.HomePage.<init>(HomePage.java:41)
	at com.migrosWeb.test.pages.BasketPage.<init>(BasketPage.java:37)
	at com.migrosWeb.test.pages.HomePage.<init>(HomePage.java:41)
	at com.migrosWeb.test.pages.BasketPage.<init>(BasketPage.java:37)
	at com.migrosWeb.test.pages.HomePage.<init>(HomePage.java:41)
	at com.migrosWeb.test.pages.BasketPage.<init>(BasketPage.java:37)
	at com.migrosWeb.test.pages.HomePage.<init>(HomePage.java:41)
	at com.migrosWeb.test.pages.BasketPage.<init>(BasketPage.java:37)
	at com.migrosWeb.test.pages.HomePage.<init>(HomePage.java:41)
	at com.migrosWeb.test.pages.BasketPage.<init>(BasketPage.java:37)
	at com.migrosWeb.test.pages.HomePage.<init>(HomePage.java:41)
	at com.migrosWeb.test.pages.BasketPage.<init>(BasketPage.java:37)
	at com.migrosWeb.test.pages.HomePage.<init>(HomePage.java:41)
	at com.migrosWeb.test.pages.BasketPage.<init>(BasketPage.java:37)
	at com.migrosWeb.test.pages.HomePage.<init>(HomePage.java:41)
	at com.migrosWeb.test.pages.BasketPage.<init>(BasketPage.java:37)
	at com.migrosWeb.test.pages.HomePage.<init>(HomePage.java:41)
	at com.migrosWeb.test.pages.BasketPage.<init>(BasketPage.java:37)
	at com.migrosWeb.test.pages.HomePage.<init>(HomePage.java:41)
	at com.migrosWeb.test.pages.BasketPage.<init>(BasketPage.java:37)
	at com.migrosWeb.test.pages.HomePage.<init>(HomePage.java:41)
	at com.migrosWeb.test.pages.BasketPage.<init>(BasketPage.java:37)
	at com.migrosWeb.test.pages.HomePage.<init>(HomePage.java:41)
	at com.migrosWeb.test.pages.BasketPage.<init>(BasketPage.java:37)
	at com.migrosWeb.test.pages.HomePage.<init>(HomePage.java:41)
	at com.migrosWeb.test.pages.BasketPage.<init>(BasketPage.java:37)
	at com.migrosWeb.test.pages.HomePage.<init>(HomePage.java:41)
	at com.migrosWeb.test.pages.BasketPage.<init>(BasketPage.java:37)
	at com.migrosWeb.test.pages.HomePage.<init>(HomePage.java:41)
	at com.migrosWeb.test.pages.BasketPage.<init>(BasketPage.java:37)
	at com.migrosWeb.test.pages.HomePage.<init>(HomePage.java:41)
	at com.migrosWeb.test.pages.BasketPage.<init>(BasketPage.java:37)
	at com.migrosWeb.test.pages.HomePage.<init>(HomePage.java:41)
	at com.migrosWeb.test.pages.BasketPage.<init>(BasketPage.java:37)
	at com.migrosWeb.test.pages.HomePage.<init>(HomePage.java:41)
	at com.migrosWeb.test.pages.BasketPage.<init>(BasketPage.java:37)
	at com.migrosWeb.test.pages.HomePage.<init>(HomePage.java:41)
	at com.migrosWeb.test.pages.BasketPage.<init>(BasketPage.java:37)
	at com.migrosWeb.test.pages.HomePage.<init>(HomePage.java:41)
	at com.migrosWeb.test.pages.BasketPage.<init>(BasketPage.java:37)
	at com.migrosWeb.test.pages.HomePage.<init>(HomePage.java:41)
	at com.migrosWeb.test.pages.BasketPage.<init>(BasketPage.java:37)
	at com.migrosWeb.test.pages.HomePage.<init>(HomePage.java:41)
	at com.migrosWeb.test.pages.BasketPage.<init>(BasketPage.java:37)
	at com.migrosWeb.test.pages.HomePage.<init>(HomePage.java:41)
	at com.migrosWeb.test.pages.BasketPage.<init>(BasketPage.java:37)
	at com.migrosWeb.test.pages.HomePage.<init>(HomePage.java:41)
	at com.migrosWeb.test.pages.BasketPage.<init>(BasketPage.java:37)
	at com.migrosWeb.test.pages.HomePage.<init>(HomePage.java:41)
	at com.migrosWeb.test.pages.BasketPage.<init>(BasketPage.java:37)
	at com.migrosWeb.test.pages.HomePage.<init>(HomePage.java:41)
	at com.migrosWeb.test.pages.BasketPage.<init>(BasketPage.java:37)
	at com.migrosWeb.test.pages.HomePage.<init>(HomePage.java:41)
	at com.migrosWeb.test.pages.BasketPage.<init>(BasketPage.java:37)
	at com.migrosWeb.test.pages.HomePage.<init>(HomePage.java:41)
	at com.migrosWeb.test.pages.BasketPage.<init>(BasketPage.java:37)
	at com.migrosWeb.test.pages.HomePage.<init>(HomePage.java:41)
	at com.migrosWeb.test.pages.BasketPage.<init>(BasketPage.java:37)
	at com.migrosWeb.test.pages.HomePage.<init>(HomePage.java:41)
	at com.migrosWeb.test.pages.BasketPage.<init>(BasketPage.java:37)
	at com.migrosWeb.test.pages.HomePage.<init>(HomePage.java:41)
	at com.migrosWeb.test.pages.BasketPage.<init>(BasketPage.java:37)
	at com.migrosWeb.test.pages.HomePage.<init>(HomePage.java:41)
	at com.migrosWeb.test.pages.BasketPage.<init>(BasketPage.java:37)
	at com.migrosWeb.test.pages.HomePage.<init>(HomePage.java:41)
	at com.migrosWeb.test.pages.BasketPage.<init>(BasketPage.java:37)
	at com.migrosWeb.test.pages.HomePage.<init>(HomePage.java:41)
	at com.migrosWeb.test.pages.BasketPage.<init>(BasketPage.java:37)
	at com.migrosWeb.test.pages.HomePage.<init>(HomePage.java:41)
	at com.migrosWeb.test.pages.BasketPage.<init>(BasketPage.java:37)
	at com.migrosWeb.test.pages.HomePage.<init>(HomePage.java:41)
	at com.migrosWeb.test.pages.BasketPage.<init>(BasketPage.java:37)
	at com.migrosWeb.test.pages.HomePage.<init>(HomePage.java:41)
	at com.migrosWeb.test.pages.BasketPage.<init>(BasketPage.java:37)
	at com.migrosWeb.test.pages.HomePage.<init>(HomePage.java:41)
	at com.migrosWeb.test.pages.BasketPage.<init>(BasketPage.java:37)
	at com.migrosWeb.test.pages.HomePage.<init>(HomePage.java:41)
	at com.migrosWeb.test.pages.BasketPage.<init>(BasketPage.java:37)
	at com.migrosWeb.test.pages.HomePage.<init>(HomePage.java:41)
	at com.migrosWeb.test.pages.BasketPage.<init>(BasketPage.java:37)
	at com.migrosWeb.test.pages.HomePage.<init>(HomePage.java:41)
	at com.migrosWeb.test.pages.BasketPage.<init>(BasketPage.java:37)
	at com.migrosWeb.test.pages.HomePage.<init>(HomePage.java:41)
	at com.migrosWeb.test.pages.BasketPage.<init>(BasketPage.java:37)
	at com.migrosWeb.test.pages.HomePage.<init>(HomePage.java:41)
	at com.migrosWeb.test.pages.BasketPage.<init>(BasketPage.java:37)
	at com.migrosWeb.test.pages.HomePage.<init>(HomePage.java:41)
	at com.migrosWeb.test.pages.BasketPage.<init>(BasketPage.java:37)
	at com.migrosWeb.test.pages.HomePage.<init>(HomePage.java:41)
	at com.migrosWeb.test.pages.BasketPage.<init>(BasketPage.java:37)
	at com.migrosWeb.test.pages.HomePage.<init>(HomePage.java:41)
	at com.migrosWeb.test.pages.BasketPage.<init>(BasketPage.java:37)
	at com.migrosWeb.test.pages.HomePage.<init>(HomePage.java:41)
	at com.migrosWeb.test.pages.BasketPage.<init>(BasketPage.java:37)
	at com.migrosWeb.test.pages.HomePage.<init>(HomePage.java:41)
	at com.migrosWeb.test.pages.BasketPage.<init>(BasketPage.java:37)
	at com.migrosWeb.test.pages.HomePage.<init>(HomePage.java:41)
	at com.migrosWeb.test.pages.BasketPage.<init>(BasketPage.java:37)
	at com.migrosWeb.test.pages.HomePage.<init>(HomePage.java:41)
	at com.migrosWeb.test.pages.BasketPage.<init>(BasketPage.java:37)
	at com.migrosWeb.test.pages.HomePage.<init>(HomePage.java:41)
	at com.migrosWeb.test.pages.BasketPage.<init>(BasketPage.java:37)
	at com.migrosWeb.test.pages.HomePage.<init>(HomePage.java:41)
	at com.migrosWeb.test.pages.BasketPage.<init>(BasketPage.java:37)
	at com.migrosWeb.test.pages.HomePage.<init>(HomePage.java:41)
	at com.migrosWeb.test.pages.BasketPage.<init>(BasketPage.java:37)
	at com.migrosWeb.test.pages.HomePage.<init>(HomePage.java:41)
	at com.migrosWeb.test.pages.BasketPage.<init>(BasketPage.java:37)
	at com.migrosWeb.test.pages.HomePage.<init>(HomePage.java:41)
	at com.migrosWeb.test.pages.BasketPage.<init>(BasketPage.java:37)
	at com.migrosWeb.test.pages.HomePage.<init>(HomePage.java:41)
	at com.migrosWeb.test.pages.BasketPage.<init>(BasketPage.java:37)
	at com.migrosWeb.test.pages.HomePage.<init>(HomePage.java:41)
	at com.migrosWeb.test.pages.BasketPage.<init>(BasketPage.java:37)
	at com.migrosWeb.test.pages.HomePage.<init>(HomePage.java:41)
	at com.migrosWeb.test.pages.BasketPage.<init>(BasketPage.java:37)
	at com.migrosWeb.test.pages.HomePage.<init>(HomePage.java:41)
	at com.migrosWeb.test.pages.BasketPage.<init>(BasketPage.java:37)
	at com.migrosWeb.test.pages.HomePage.<init>(HomePage.java:41)
	at com.migrosWeb.test.pages.BasketPage.<init>(BasketPage.java:37)
	at com.migrosWeb.test.pages.HomePage.<init>(HomePage.java:41)
	at com.migrosWeb.test.pages.BasketPage.<init>(BasketPage.java:37)
	at com.migrosWeb.test.pages.HomePage.<init>(HomePage.java:41)
	at com.migrosWeb.test.pages.BasketPage.<init>(BasketPage.java:37)
	at com.migrosWeb.test.pages.HomePage.<init>(HomePage.java:41)
	at com.migrosWeb.test.pages.BasketPage.<init>(BasketPage.java:37)
	at com.migrosWeb.test.pages.HomePage.<init>(HomePage.java:41)
	at com.migrosWeb.test.pages.BasketPage.<init>(BasketPage.java:37)
	at com.migrosWeb.test.pages.HomePage.<init>(HomePage.java:41)
	at com.migrosWeb.test.pages.BasketPage.<init>(BasketPage.java:37)
	at com.migrosWeb.test.pages.HomePage.<init>(HomePage.java:41)
	at com.migrosWeb.test.pages.BasketPage.<init>(BasketPage.java:37)
	at com.migrosWeb.test.pages.HomePage.<init>(HomePage.java:41)
	at com.migrosWeb.test.pages.BasketPage.<init>(BasketPage.java:37)
	at com.migrosWeb.test.pages.HomePage.<init>(HomePage.java:41)
	at com.migrosWeb.test.pages.BasketPage.<init>(BasketPage.java:37)
	at com.migrosWeb.test.pages.HomePage.<init>(HomePage.java:41)
	at com.migrosWeb.test.pages.BasketPage.<init>(BasketPage.java:37)
	at com.migrosWeb.test.pages.HomePage.<init>(HomePage.java:41)
	at com.migrosWeb.test.pages.BasketPage.<init>(BasketPage.java:37)
	at com.migrosWeb.test.pages.HomePage.<init>(HomePage.java:41)
	at com.migrosWeb.test.pages.BasketPage.<init>(BasketPage.java:37)
	at com.migrosWeb.test.pages.HomePage.<init>(HomePage.java:41)
	at com.migrosWeb.test.pages.BasketPage.<init>(BasketPage.java:37)
	at com.migrosWeb.test.pages.HomePage.<init>(HomePage.java:41)
	at com.migrosWeb.test.pages.BasketPage.<init>(BasketPage.java:37)
	at com.migrosWeb.test.pages.HomePage.<init>(HomePage.java:41)
	at com.migrosWeb.test.pages.BasketPage.<init>(BasketPage.java:37)
	at com.migrosWeb.test.pages.HomePage.<init>(HomePage.java:41)
	at com.migrosWeb.test.pages.BasketPage.<init>(BasketPage.java:37)
	at com.migrosWeb.test.pages.HomePage.<init>(HomePage.java:41)
	at com.migrosWeb.test.pages.BasketPage.<init>(BasketPage.java:37)
	at com.migrosWeb.test.pages.HomePage.<init>(HomePage.java:41)
	at com.migrosWeb.test.pages.BasketPage.<init>(BasketPage.java:37)
	at com.migrosWeb.test.pages.HomePage.<init>(HomePage.java:41)
	at com.migrosWeb.test.pages.BasketPage.<init>(BasketPage.java:37)
	at com.migrosWeb.test.pages.HomePage.<init>(HomePage.java:41)
	at com.migrosWeb.test.pages.BasketPage.<init>(BasketPage.java:37)
	at com.migrosWeb.test.pages.HomePage.<init>(HomePage.java:41)
	at com.migrosWeb.test.pages.BasketPage.<init>(BasketPage.java:37)
	at com.migrosWeb.test.pages.HomePage.<init>(HomePage.java:41)
	at com.migrosWeb.test.pages.BasketPage.<init>(BasketPage.java:37)
	at com.migrosWeb.test.pages.HomePage.<init>(HomePage.java:41)
	at com.migrosWeb.test.pages.BasketPage.<init>(BasketPage.java:37)
	at com.migrosWeb.test.pages.HomePage.<init>(HomePage.java:41)
	at com.migrosWeb.test.pages.BasketPage.<init>(BasketPage.java:37)
	at com.migrosWeb.test.pages.HomePage.<init>(HomePage.java:41)
	at com.migrosWeb.test.pages.BasketPage.<init>(BasketPage.java:37)
	at com.migrosWeb.test.pages.HomePage.<init>(HomePage.java:41)
	at com.migrosWeb.test.pages.BasketPage.<init>(BasketPage.java:37)
	at com.migrosWeb.test.pages.HomePage.<init>(HomePage.java:41)
	at com.migrosWeb.test.pages.BasketPage.<init>(BasketPage.java:37)
	at com.migrosWeb.test.pages.HomePage.<init>(HomePage.java:41)
	at com.migrosWeb.test.pages.BasketPage.<init>(BasketPage.java:37)
	at com.migrosWeb.test.pages.HomePage.<init>(HomePage.java:41)
	at com.migrosWeb.test.pages.BasketPage.<init>(BasketPage.java:37)
	at com.migrosWeb.test.pages.HomePage.<init>(HomePage.java:41)
	at com.migrosWeb.test.pages.BasketPage.<init>(BasketPage.java:37)
	at com.migrosWeb.test.pages.HomePage.<init>(HomePage.java:41)
	at com.migrosWeb.test.pages.BasketPage.<init>(BasketPage.java:37)
	at com.migrosWeb.test.pages.HomePage.<init>(HomePage.java:41)
	at com.migrosWeb.test.pages.BasketPage.<init>(BasketPage.java:37)
	at com.migrosWeb.test.pages.HomePage.<init>(HomePage.java:41)
	at com.migrosWeb.test.pages.BasketPage.<init>(BasketPage.java:37)
	at com.migrosWeb.test.pages.HomePage.<init>(HomePage.java:41)
	at com.migrosWeb.test.pages.BasketPage.<init>(BasketPage.java:37)
	at com.migrosWeb.test.pages.HomePage.<init>(HomePage.java:41)
	at com.migrosWeb.test.pages.BasketPage.<init>(BasketPage.java:37)
	at com.migrosWeb.test.pages.HomePage.<init>(HomePage.java:41)
	at com.migrosWeb.test.pages.BasketPage.<init>(BasketPage.java:37)
	at com.migrosWeb.test.pages.HomePage.<init>(HomePage.java:41)
	at com.migrosWeb.test.pages.BasketPage.<init>(BasketPage.java:37)
	at com.migrosWeb.test.pages.HomePage.<init>(HomePage.java:41)
	at com.migrosWeb.test.pages.BasketPage.<init>(BasketPage.java:37)
	at com.migrosWeb.test.pages.HomePage.<init>(HomePage.java:41)
	at com.migrosWeb.test.pages.BasketPage.<init>(BasketPage.java:37)
	at com.migrosWeb.test.pages.HomePage.<init>(HomePage.java:41)
	at com.migrosWeb.test.pages.BasketPage.<init>(BasketPage.java:37)
	at com.migrosWeb.test.pages.HomePage.<init>(HomePage.java:41)
	at com.migrosWeb.test.pages.BasketPage.<init>(BasketPage.java:37)
	at com.migrosWeb.test.pages.HomePage.<init>(HomePage.java:41)
	at com.migrosWeb.test.pages.BasketPage.<init>(BasketPage.java:37)
	at com.migrosWeb.test.pages.HomePage.<init>(HomePage.java:41)
	at com.migrosWeb.test.pages.BasketPage.<init>(BasketPage.java:37)
	at com.migrosWeb.test.pages.HomePage.<init>(HomePage.java:41)
	at com.migrosWeb.test.pages.BasketPage.<init>(BasketPage.java:37)
	at com.migrosWeb.test.pages.HomePage.<init>(HomePage.java:41)
	at com.migrosWeb.test.pages.BasketPage.<init>(BasketPage.java:37)
	at com.migrosWeb.test.pages.HomePage.<init>(HomePage.java:41)
	at com.migrosWeb.test.pages.BasketPage.<init>(BasketPage.java:37)
	at com.migrosWeb.test.pages.HomePage.<init>(HomePage.java:41)
	at com.migrosWeb.test.pages.BasketPage.<init>(BasketPage.java:37)
	at com.migrosWeb.test.pages.HomePage.<init>(HomePage.java:41)
	at com.migrosWeb.test.pages.BasketPage.<init>(BasketPage.java:37)
	at com.migrosWeb.test.pages.HomePage.<init>(HomePage.java:41)
	at com.migrosWeb.test.pages.BasketPage.<init>(BasketPage.java:37)
	at com.migrosWeb.test.pages.HomePage.<init>(HomePage.java:41)
	at com.migrosWeb.test.pages.BasketPage.<init>(BasketPage.java:37)
	at com.migrosWeb.test.pages.HomePage.<init>(HomePage.java:41)
	at com.migrosWeb.test.pages.BasketPage.<init>(BasketPage.java:37)
	at com.migrosWeb.test.pages.HomePage.<init>(HomePage.java:41)
	at com.migrosWeb.test.pages.BasketPage.<init>(BasketPage.java:37)
	at com.migrosWeb.test.pages.HomePage.<init>(HomePage.java:41)
	at com.migrosWeb.test.pages.BasketPage.<init>(BasketPage.java:37)
	at com.migrosWeb.test.pages.HomePage.<init>(HomePage.java:41)
	at com.migrosWeb.test.pages.BasketPage.<init>(BasketPage.java:37)
	at com.migrosWeb.test.pages.HomePage.<init>(HomePage.java:41)
	at com.migrosWeb.test.pages.BasketPage.<init>(BasketPage.java:37)
	at com.migrosWeb.test.pages.HomePage.<init>(HomePage.java:41)
	at com.migrosWeb.test.pages.BasketPage.<init>(BasketPage.java:37)
	at com.migrosWeb.test.pages.HomePage.<init>(HomePage.java:41)
	at com.migrosWeb.test.pages.BasketPage.<init>(BasketPage.java:37)
	at com.migrosWeb.test.pages.HomePage.<init>(HomePage.java:41)
	at com.migrosWeb.test.pages.BasketPage.<init>(BasketPage.java:37)
	at com.migrosWeb.test.pages.HomePage.<init>(HomePage.java:41)
	at com.migrosWeb.test.pages.BasketPage.<init>(BasketPage.java:37)
	at com.migrosWeb.test.pages.HomePage.<init>(HomePage.java:41)
	at com.migrosWeb.test.pages.BasketPage.<init>(BasketPage.java:37)
	at com.migrosWeb.test.pages.HomePage.<init>(HomePage.java:41)
	at com.migrosWeb.test.pages.BasketPage.<init>(BasketPage.java:37)
	at com.migrosWeb.test.pages.HomePage.<init>(HomePage.java:41)
	at com.migrosWeb.test.pages.BasketPage.<init>(BasketPage.java:37)
	at com.migrosWeb.test.pages.HomePage.<init>(HomePage.java:41)
	at com.migrosWeb.test.pages.BasketPage.<init>(BasketPage.java:37)
	at com.migrosWeb.test.pages.HomePage.<init>(HomePage.java:41)
	at com.migrosWeb.test.pages.BasketPage.<init>(BasketPage.java:37)
	at com.migrosWeb.test.pages.HomePage.<init>(HomePage.java:41)
	at com.migrosWeb.test.pages.BasketPage.<init>(BasketPage.java:37)
	at com.migrosWeb.test.pages.HomePage.<init>(HomePage.java:41)
	at com.migrosWeb.test.pages.BasketPage.<init>(BasketPage.java:37)
	at com.migrosWeb.test.pages.HomePage.<init>(HomePage.java:41)
	at com.migrosWeb.test.pages.BasketPage.<init>(BasketPage.java:37)
	at com.migrosWeb.test.pages.HomePage.<init>(HomePage.java:41)
	at com.migrosWeb.test.pages.BasketPage.<init>(BasketPage.java:37)
	at com.migrosWeb.test.pages.HomePage.<init>(HomePage.java:41)
	at com.migrosWeb.test.pages.BasketPage.<init>(BasketPage.java:37)
	at com.migrosWeb.test.pages.HomePage.<init>(HomePage.java:41)
	at com.migrosWeb.test.pages.BasketPage.<init>(BasketPage.java:37)
	at com.migrosWeb.test.pages.HomePage.<init>(HomePage.java:41)
	at com.migrosWeb.test.pages.BasketPage.<init>(BasketPage.java:37)
	at com.migrosWeb.test.pages.HomePage.<init>(HomePage.java:41)
	at com.migrosWeb.test.pages.BasketPage.<init>(BasketPage.java:37)
	at com.migrosWeb.test.pages.HomePage.<init>(HomePage.java:41)
	at com.migrosWeb.test.pages.BasketPage.<init>(BasketPage.java:37)
	at com.migrosWeb.test.pages.HomePage.<init>(HomePage.java:41)
	at com.migrosWeb.test.pages.BasketPage.<init>(BasketPage.java:37)
	at com.migrosWeb.test.pages.HomePage.<init>(HomePage.java:41)
	at com.migrosWeb.test.pages.BasketPage.<init>(BasketPage.java:37)
	at com.migrosWeb.test.pages.HomePage.<init>(HomePage.java:41)
	at com.migrosWeb.test.pages.BasketPage.<init>(BasketPage.java:37)
	at com.migrosWeb.test.pages.HomePage.<init>(HomePage.java:41)
	at com.migrosWeb.test.pages.BasketPage.<init>(BasketPage.java:37)
	at com.migrosWeb.test.pages.HomePage.<init>(HomePage.java:41)
	at com.migrosWeb.test.pages.BasketPage.<init>(BasketPage.java:37)
	at com.migrosWeb.test.pages.HomePage.<init>(HomePage.java:41)
	at com.migrosWeb.test.pages.BasketPage.<init>(BasketPage.java:37)
	at com.migrosWeb.test.pages.HomePage.<init>(HomePage.java:41)
	at com.migrosWeb.test.pages.BasketPage.<init>(BasketPage.java:37)
	at com.migrosWeb.test.pages.HomePage.<init>(HomePage.java:41)
	at com.migrosWeb.test.pages.BasketPage.<init>(BasketPage.java:37)
	at com.migrosWeb.test.pages.HomePage.<init>(HomePage.java:41)
	at com.migrosWeb.test.pages.BasketPage.<init>(BasketPage.java:37)
	at com.migrosWeb.test.pages.HomePage.<init>(HomePage.java:41)
	at com.migrosWeb.test.pages.BasketPage.<init>(BasketPage.java:37)
	at com.migrosWeb.test.pages.HomePage.<init>(HomePage.java:41)
	at com.migrosWeb.test.pages.BasketPage.<init>(BasketPage.java:37)
	at com.migrosWeb.test.pages.HomePage.<init>(HomePage.java:41)
	at com.migrosWeb.test.pages.BasketPage.<init>(BasketPage.java:37)
	at com.migrosWeb.test.pages.HomePage.<init>(HomePage.java:41)
	at com.migrosWeb.test.pages.BasketPage.<init>(BasketPage.java:37)
	at com.migrosWeb.test.pages.HomePage.<init>(HomePage.java:41)
	at com.migrosWeb.test.pages.BasketPage.<init>(BasketPage.java:37)
	at com.migrosWeb.test.pages.HomePage.<init>(HomePage.java:41)
	at com.migrosWeb.test.pages.BasketPage.<init>(BasketPage.java:37)
	at com.migrosWeb.test.pages.HomePage.<init>(HomePage.java:41)
	at com.migrosWeb.test.pages.BasketPage.<init>(BasketPage.java:37)
	at com.migrosWeb.test.pages.HomePage.<init>(HomePage.java:41)
	at com.migrosWeb.test.pages.BasketPage.<init>(BasketPage.java:37)
	at com.migrosWeb.test.pages.HomePage.<init>(HomePage.java:41)
	at com.migrosWeb.test.pages.BasketPage.<init>(BasketPage.java:37)
	at com.migrosWeb.test.pages.HomePage.<init>(HomePage.java:41)
	at com.migrosWeb.test.pages.BasketPage.<init>(BasketPage.java:37)
	at com.migrosWeb.test.pages.HomePage.<init>(HomePage.java:41)
	at com.migrosWeb.test.pages.BasketPage.<init>(BasketPage.java:37)
	at com.migrosWeb.test.pages.HomePage.<init>(HomePage.java:41)
	at com.migrosWeb.test.pages.BasketPage.<init>(BasketPage.java:37)
	at com.migrosWeb.test.pages.HomePage.<init>(HomePage.java:41)
	at com.migrosWeb.test.pages.BasketPage.<init>(BasketPage.java:37)
	at com.migrosWeb.test.pages.HomePage.<init>(HomePage.java:41)
	at com.migrosWeb.test.pages.BasketPage.<init>(BasketPage.java:37)
	at com.migrosWeb.test.pages.HomePage.<init>(HomePage.java:41)
	at com.migrosWeb.test.pages.BasketPage.<init>(BasketPage.java:37)
	at com.migrosWeb.test.pages.HomePage.<init>(HomePage.java:41)
	at com.migrosWeb.test.pages.BasketPage.<init>(BasketPage.java:37)
	at com.migrosWeb.test.pages.HomePage.<init>(HomePage.java:41)
	at com.migrosWeb.test.pages.BasketPage.<init>(BasketPage.java:37)
	at com.migrosWeb.test.pages.HomePage.<init>(HomePage.java:41)
	at com.migrosWeb.test.pages.BasketPage.<init>(BasketPage.java:37)
	at com.migrosWeb.test.pages.HomePage.<init>(HomePage.java:41)
	at com.migrosWeb.test.pages.BasketPage.<init>(BasketPage.java:37)
	at com.migrosWeb.test.pages.HomePage.<init>(HomePage.java:41)
	at com.migrosWeb.test.pages.BasketPage.<init>(BasketPage.java:37)
	at com.migrosWeb.test.pages.HomePage.<init>(HomePage.java:41)
	at com.migrosWeb.test.pages.BasketPage.<init>(BasketPage.java:37)
	at com.migrosWeb.test.pages.HomePage.<init>(HomePage.java:41)
	at com.migrosWeb.test.pages.BasketPage.<init>(BasketPage.java:37)
	at com.migrosWeb.test.pages.HomePage.<init>(HomePage.java:41)
	at com.migrosWeb.test.pages.BasketPage.<init>(BasketPage.java:37)
	at com.migrosWeb.test.pages.HomePage.<init>(HomePage.java:41)
	at com.migrosWeb.test.pages.BasketPage.<init>(BasketPage.java:37)
	at com.migrosWeb.test.pages.HomePage.<init>(HomePage.java:41)
	at com.migrosWeb.test.pages.BasketPage.<init>(BasketPage.java:37)
	at com.migrosWeb.test.pages.HomePage.<init>(HomePage.java:41)
	at com.migrosWeb.test.pages.BasketPage.<init>(BasketPage.java:37)
	at com.migrosWeb.test.pages.HomePage.<init>(HomePage.java:41)
	at com.migrosWeb.test.pages.BasketPage.<init>(BasketPage.java:37)
	at com.migrosWeb.test.pages.HomePage.<init>(HomePage.java:41)
	at com.migrosWeb.test.pages.BasketPage.<init>(BasketPage.java:37)
	at com.migrosWeb.test.pages.HomePage.<init>(HomePage.java:41)
	at com.migrosWeb.test.pages.BasketPage.<init>(BasketPage.java:37)
	at com.migrosWeb.test.pages.HomePage.<init>(HomePage.java:41)
	at com.migrosWeb.test.pages.BasketPage.<init>(BasketPage.java:37)
	at com.migrosWeb.test.pages.HomePage.<init>(HomePage.java:41)
	at com.migrosWeb.test.pages.BasketPage.<init>(BasketPage.java:37)
	at com.migrosWeb.test.pages.HomePage.<init>(HomePage.java:41)
	at com.migrosWeb.test.pages.BasketPage.<init>(BasketPage.java:37)
	at com.migrosWeb.test.pages.HomePage.<init>(HomePage.java:41)
]]></failure>
    <system-out><![CDATA[Configuring TestNG with: TestNG652Configurator
]]></system-out>
    <system-err><![CDATA[Starting ChromeDriver 81.0.4044.138 (8c6c7ba89cc9453625af54f11fd83179e23450fa-refs/branch-heads/4044@{#999}) on port 5166
Only local connections are allowed.
Please protect ports used by ChromeDriver and related test frameworks to prevent access by malicious code.
May 11, 2020 2:38:15 PM org.openqa.selenium.remote.ProtocolHandshake createSession
INFO: Detected dialect: W3C
[1589197097,349][SEVERE]: Timed out receiving message from renderer: 0,100
[1589197097,451][SEVERE]: Timed out receiving message from renderer: 0,100
[1589197097,567][SEVERE]: Timed out receiving message from renderer: 0,100
[1589197097,742][SEVERE]: Timed out receiving message from renderer: 0,100
[1589197097,844][SEVERE]: Timed out receiving message from renderer: 0,100
[1589197097,946][SEVERE]: Timed out receiving message from renderer: 0,100
[1589197098,048][SEVERE]: Timed out receiving message from renderer: 0,100
[1589197098,150][SEVERE]: Timed out receiving message from renderer: 0,100
[1589197098,253][SEVERE]: Timed out receiving message from renderer: 0,100
[1589197098,355][SEVERE]: Timed out receiving message from renderer: 0,100
[1589197098,457][SEVERE]: Timed out receiving message from renderer: 0,100
[1589197098,559][SEVERE]: Timed out receiving message from renderer: 0,100
[1589197098,661][SEVERE]: Timed out receiving message from renderer: 0,100
[1589197098,763][SEVERE]: Timed out receiving message from renderer: 0,100
[1589197098,866][SEVERE]: Timed out receiving message from renderer: 0,100
[1589197098,968][SEVERE]: Timed out receiving message from renderer: 0,100
[1589197099,070][SEVERE]: Timed out receiving message from renderer: 0,100
[1589197099,171][SEVERE]: Timed out receiving message from renderer: 0,100
[1589197099,273][SEVERE]: Timed out receiving message from renderer: 0,100
[1589197099,376][SEVERE]: Timed out receiving message from renderer: 0,100
[1589197099,478][SEVERE]: Timed out receiving message from renderer: 0,100
[1589197099,580][SEVERE]: Timed out receiving message from renderer: 0,100
[1589197099,682][SEVERE]: Timed out receiving message from renderer: 0,100
[1589197099,784][SEVERE]: Timed out receiving message from renderer: 0,100
[1589197099,887][SEVERE]: Timed out receiving message from renderer: 0,100
[1589197099,989][SEVERE]: Timed out receiving message from renderer: 0,100
[1589197100,091][SEVERE]: Timed out receiving message from renderer: 0,100
[1589197100,193][SEVERE]: Timed out receiving message from renderer: 0,100
[1589197100,296][SEVERE]: Timed out receiving message from renderer: 0,100
[1589197100,398][SEVERE]: Timed out receiving message from renderer: 0,100
[1589197100,500][SEVERE]: Timed out receiving message from renderer: 0,100
[1589197100,603][SEVERE]: Timed out receiving message from renderer: 0,100
[1589197100,706][SEVERE]: Timed out receiving message from renderer: 0,100
[1589197100,809][SEVERE]: Timed out receiving message from renderer: 0,100
[1589197100,911][SEVERE]: Timed out receiving message from renderer: 0,100
[1589197101,013][SEVERE]: Timed out receiving message from renderer: 0,100
[1589197101,115][SEVERE]: Timed out receiving message from renderer: 0,100
[1589197101,218][SEVERE]: Timed out receiving message from renderer: 0,100
[1589197101,320][SEVERE]: Timed out receiving message from renderer: 0,100
[1589197101,422][SEVERE]: Timed out receiving message from renderer: 0,100
[1589197101,526][SEVERE]: Timed out receiving message from renderer: 0,100
[1589197101,628][SEVERE]: Timed out receiving message from renderer: 0,100
[1589197101,730][SEVERE]: Timed out receiving message from renderer: 0,100
[1589197101,832][SEVERE]: Timed out receiving message from renderer: 0,100
[1589197101,935][SEVERE]: Timed out receiving message from renderer: 0,100
[1589197102,037][SEVERE]: Timed out receiving message from renderer: 0,100
[1589197102,139][SEVERE]: Timed out receiving message from renderer: 0,100
[1589197102,516][SEVERE]: Timed out receiving message from renderer: 0,100
[1589197102,618][SEVERE]: Timed out receiving message from renderer: 0,100
[1589197102,720][SEVERE]: Timed out receiving message from renderer: 0,100
[1589197102,823][SEVERE]: Timed out receiving message from renderer: 0,100
[1589197102,925][SEVERE]: Timed out receiving message from renderer: 0,100
[1589197103,028][SEVERE]: Timed out receiving message from renderer: 0,100
[1589197103,130][SEVERE]: Timed out receiving message from renderer: 0,100
[1589197103,232][SEVERE]: Timed out receiving message from renderer: 0,100
[1589197103,334][SEVERE]: Timed out receiving message from renderer: 0,100
[1589197103,436][SEVERE]: Timed out receiving message from renderer: 0,100
[1589197103,539][SEVERE]: Timed out receiving message from renderer: 0,100
[1589197103,642][SEVERE]: Timed out receiving message from renderer: 0,100
[1589197104,179][SEVERE]: Timed out receiving message from renderer: 0,100
[1589197104,445][SEVERE]: Timed out receiving message from renderer: 0,100
[1589197104,579][SEVERE]: Timed out receiving message from renderer: 0,100
[1589197104,681][SEVERE]: Timed out receiving message from renderer: 0,100
[1589197104,783][SEVERE]: Timed out receiving message from renderer: 0,100
[1589197104,885][SEVERE]: Timed out receiving message from renderer: 0,100
[1589197104,987][SEVERE]: Timed out receiving message from renderer: 0,100
[1589197105,090][SEVERE]: Timed out receiving message from renderer: 0,100
[1589197105,192][SEVERE]: Timed out receiving message from renderer: 0,100
[1589197106,119][SEVERE]: Timed out receiving message from renderer: 0,100
[1589197106,227][SEVERE]: Timed out receiving message from renderer: 0,100
[1589197106,328][SEVERE]: Timed out receiving message from renderer: 0,100
[1589197106,430][SEVERE]: Timed out receiving message from renderer: 0,100
[1589197106,532][SEVERE]: Timed out receiving message from renderer: 0,100
[1589197106,634][SEVERE]: Timed out receiving message from renderer: 0,100
[1589197106,737][SEVERE]: Timed out receiving message from renderer: 0,100
[1589197106,858][SEVERE]: Timed out receiving message from renderer: 0,100
[1589197106,961][SEVERE]: Timed out receiving message from renderer: 0,100
[1589197107,086][SEVERE]: Timed out receiving message from renderer: 0,100
[1589197107,188][SEVERE]: Timed out receiving message from renderer: 0,100
[1589197107,290][SEVERE]: Timed out receiving message from renderer: 0,100
[1589197107,393][SEVERE]: Timed out receiving message from renderer: 0,100
[1589197107,495][SEVERE]: Timed out receiving message from renderer: 0,100
[1589197107,597][SEVERE]: Timed out receiving message from renderer: 0,100
[1589197107,699][SEVERE]: Timed out receiving message from renderer: 0,100
[1589197107,805][SEVERE]: Timed out receiving message from renderer: 0,100
[1589197107,907][SEVERE]: Timed out receiving message from renderer: 0,100
[1589197108,009][SEVERE]: Timed out receiving message from renderer: 0,100
[1589197108,110][SEVERE]: Timed out receiving message from renderer: 0,100
[1589197108,212][SEVERE]: Timed out receiving message from renderer: 0,100
[1589197108,314][SEVERE]: Timed out receiving message from renderer: 0,100
[1589197108,416][SEVERE]: Timed out receiving message from renderer: 0,100
[1589197108,520][SEVERE]: Timed out receiving message from renderer: 0,100
[1589197108,623][SEVERE]: Timed out receiving message from renderer: 0,100
[1589197108,947][SEVERE]: Timed out receiving message from renderer: 0,100
[1589197109,145][SEVERE]: Timed out receiving message from renderer: 0,100
[1589197109,337][SEVERE]: Timed out receiving message from renderer: 0,100
[1589197109,532][SEVERE]: Timed out receiving message from renderer: 0,100
[1589197109,634][SEVERE]: Timed out receiving message from renderer: 0,100
[1589197109,737][SEVERE]: Timed out receiving message from renderer: 0,100
[1589197110,033][SEVERE]: Timed out receiving message from renderer: 0,100
[1589197110,146][SEVERE]: Timed out receiving message from renderer: 0,100
[1589197110,283][SEVERE]: Timed out receiving message from renderer: 0,100
[1589197110,520][SEVERE]: Timed out receiving message from renderer: 0,100
[1589197110,622][SEVERE]: Timed out receiving message from renderer: 0,100
[1589197110,724][SEVERE]: Timed out receiving message from renderer: 0,100
[1589197110,826][SEVERE]: Timed out receiving message from renderer: 0,100
[1589197110,940][SEVERE]: Timed out receiving message from renderer: 0,100
[1589197111,041][SEVERE]: Timed out receiving message from renderer: 0,100
[1589197111,142][SEVERE]: Timed out receiving message from renderer: 0,100
[1589197111,244][SEVERE]: Timed out receiving message from renderer: 0,100
[1589197111,448][SEVERE]: Timed out receiving message from renderer: 0,100
[1589197111,550][SEVERE]: Timed out receiving message from renderer: 0,100
[1589197111,652][SEVERE]: Timed out receiving message from renderer: 0,100
[1589197111,755][SEVERE]: Timed out receiving message from renderer: 0,100
[1589197111,857][SEVERE]: Timed out receiving message from renderer: 0,100
[1589197111,960][SEVERE]: Timed out receiving message from renderer: 0,100
[1589197112,062][SEVERE]: Timed out receiving message from renderer: 0,100
[1589197112,164][SEVERE]: Timed out receiving message from renderer: 0,100
[1589197112,266][SEVERE]: Timed out receiving message from renderer: 0,100
[1589197112,368][SEVERE]: Timed out receiving message from renderer: 0,100
[1589197112,470][SEVERE]: Timed out receiving message from renderer: 0,100
[1589197112,573][SEVERE]: Timed out receiving message from renderer: 0,100
[1589197112,675][SEVERE]: Timed out receiving message from renderer: 0,100
[1589197112,778][SEVERE]: Timed out receiving message from renderer: 0,100
[1589197112,880][SEVERE]: Timed out receiving message from renderer: 0,100
[1589197112,982][SEVERE]: Timed out receiving message from renderer: 0,100
[1589197113,209][SEVERE]: Timed out receiving message from renderer: 0,100
[1589197113,311][SEVERE]: Timed out receiving message from renderer: 0,100
[1589197113,413][SEVERE]: Timed out receiving message from renderer: 0,100
[1589197113,515][SEVERE]: Timed out receiving message from renderer: 0,100
[1589197113,706][SEVERE]: Timed out receiving message from renderer: 0,100
[1589197113,810][SEVERE]: Timed out receiving message from renderer: 0,100
[1589197113,912][SEVERE]: Timed out receiving message from renderer: 0,100
[1589197114,014][SEVERE]: Timed out receiving message from renderer: 0,100
[1589197114,116][SEVERE]: Timed out receiving message from renderer: 0,100
[1589197114,315][SEVERE]: Timed out receiving message from renderer: 0,100
[1589197114,478][SEVERE]: Timed out receiving message from renderer: 0,100
[1589197114,580][SEVERE]: Timed out receiving message from renderer: 0,100
[1589197114,683][SEVERE]: Timed out receiving message from renderer: 0,100
[1589197114,785][SEVERE]: Timed out receiving message from renderer: 0,100
[1589197114,887][SEVERE]: Timed out receiving message from renderer: 0,100
]]></system-err>
  </testcase>
</testsuite>