<?xml version="1.0" encoding="UTF-8"?>
<testng-results ignored="0" total="1" passed="0" failed="1" skipped="0">
  <reporter-output>
  </reporter-output>
  <suite started-at="2020-05-11T14:38:34 TRT" name="Surefire suite" finished-at="2020-05-11T14:38:35 TRT" duration-ms="562">
    <groups>
      <group name="cucumber">
        <method signature="TestRunner.feature(cucumber.api.testng.CucumberFeatureWrapper)[pri:0, instance:com.migrosWeb.test.runner.TestRunner@467aecef]" name="feature" class="com.migrosWeb.test.runner.TestRunner"/>
      </group> <!-- cucumber -->
    </groups>
    <test started-at="2020-05-11T14:38:34 TRT" name="Surefire test" finished-at="2020-05-11T14:38:35 TRT" duration-ms="562">
      <class name="com.migrosWeb.test.runner.TestRunner">
        <test-method is-config="true" signature="setUp()[pri:0, instance:com.migrosWeb.test.runner.TestRunner@467aecef]" started-at="2020-05-11T14:38:15 TRT" name="setUp" finished-at="2020-05-11T14:38:34 TRT" duration-ms="19732" status="PASS">
          <reporter-output>
          </reporter-output>
        </test-method> <!-- setUp -->
        <test-method is-config="true" signature="setUpClass()[pri:0, instance:com.migrosWeb.test.runner.TestRunner@467aecef]" started-at="2020-05-11T14:38:34 TRT" name="setUpClass" finished-at="2020-05-11T14:38:35 TRT" duration-ms="185" status="PASS">
          <reporter-output>
          </reporter-output>
        </test-method> <!-- setUpClass -->
        <test-method signature="feature(cucumber.api.testng.CucumberFeatureWrapper)[pri:0, instance:com.migrosWeb.test.runner.TestRunner@467aecef]" started-at="2020-05-11T14:38:35 TRT" name="feature" description="Run All Tests" data-provider="features" finished-at="2020-05-11T14:38:35 TRT" duration-ms="164" status="FAIL">
          <params>
            <param index="0">
              <value>
                <![CDATA[Open Home Page]]>
              </value>
            </param>
          </params>
          <exception class="cucumber.runtime.CucumberException">
            <message>
              <![CDATA[cucumber.runtime.CucumberException: Failed to instantiate class com.migrosWeb.test.stepdefs.Steps]]>
            </message>
            <full-stacktrace>
              <![CDATA[cucumber.runtime.CucumberException: cucumber.runtime.CucumberException: Failed to instantiate class com.migrosWeb.test.stepdefs.Steps
at cucumber.api.testng.TestNGCucumberRunner.runCucumber(TestNGCucumberRunner.java:69)
at com.migrosWeb.test.runner.TestRunner.feature(TestRunner.java:38)
at java.base/jdk.internal.reflect.NativeMethodAccessorImpl.invoke0(Native Method)
at java.base/jdk.internal.reflect.NativeMethodAccessorImpl.invoke(NativeMethodAccessorImpl.java:62)
at java.base/jdk.internal.reflect.DelegatingMethodAccessorImpl.invoke(DelegatingMethodAccessorImpl.java:43)
at java.base/java.lang.reflect.Method.invoke(Method.java:566)
at org.testng.internal.MethodInvocationHelper.invokeMethod(MethodInvocationHelper.java:134)
at org.testng.internal.TestInvoker.invokeMethod(TestInvoker.java:597)
at org.testng.internal.TestInvoker.invokeTestMethod(TestInvoker.java:173)
at org.testng.internal.MethodRunner.runInSequence(MethodRunner.java:46)
at org.testng.internal.TestInvoker$MethodInvocationAgent.invoke(TestInvoker.java:816)
at org.testng.internal.TestInvoker.invokeTestMethods(TestInvoker.java:146)
at org.testng.internal.TestMethodWorker.invokeTestMethods(TestMethodWorker.java:146)
at org.testng.internal.TestMethodWorker.run(TestMethodWorker.java:128)
at java.base/java.util.ArrayList.forEach(ArrayList.java:1540)
at org.testng.TestRunner.privateRun(TestRunner.java:766)
at org.testng.TestRunner.run(TestRunner.java:587)
at org.testng.SuiteRunner.runTest(SuiteRunner.java:384)
at org.testng.SuiteRunner.runSequentially(SuiteRunner.java:378)
at org.testng.SuiteRunner.privateRun(SuiteRunner.java:337)
at org.testng.SuiteRunner.run(SuiteRunner.java:286)
at org.testng.SuiteRunnerWorker.runSuite(SuiteRunnerWorker.java:53)
at org.testng.SuiteRunnerWorker.run(SuiteRunnerWorker.java:96)
at org.testng.TestNG.runSuitesSequentially(TestNG.java:1187)
at org.testng.TestNG.runSuitesLocally(TestNG.java:1109)
at org.testng.TestNG.runSuites(TestNG.java:1039)
at org.testng.TestNG.run(TestNG.java:1007)
at org.apache.maven.surefire.testng.TestNGExecutor.run(TestNGExecutor.java:115)
at org.apache.maven.surefire.testng.TestNGDirectoryTestSuite.executeSingleClass(TestNGDirectoryTestSuite.java:129)
at org.apache.maven.surefire.testng.TestNGDirectoryTestSuite.execute(TestNGDirectoryTestSuite.java:113)
at org.apache.maven.surefire.testng.TestNGProvider.invoke(TestNGProvider.java:111)
at org.apache.maven.surefire.booter.ForkedBooter.invokeProviderInSameClassLoader(ForkedBooter.java:203)
at org.apache.maven.surefire.booter.ForkedBooter.runSuitesInProcess(ForkedBooter.java:155)
at org.apache.maven.surefire.booter.ForkedBooter.main(ForkedBooter.java:103)
Caused by: cucumber.runtime.CucumberException: Failed to instantiate class com.migrosWeb.test.stepdefs.Steps
at cucumber.runtime.java.DefaultJavaObjectFactory.cacheNewInstance(DefaultJavaObjectFactory.java:47)
at cucumber.runtime.java.DefaultJavaObjectFactory.getInstance(DefaultJavaObjectFactory.java:33)
at cucumber.runtime.java.JavaStepDefinition.execute(JavaStepDefinition.java:38)
at cucumber.runtime.StepDefinitionMatch.runStep(StepDefinitionMatch.java:37)
at cucumber.runtime.Runtime.runStep(Runtime.java:300)
at cucumber.runtime.model.StepContainer.runStep(StepContainer.java:44)
at cucumber.runtime.model.StepContainer.runSteps(StepContainer.java:39)
at cucumber.runtime.model.CucumberScenario.run(CucumberScenario.java:44)
at cucumber.runtime.model.CucumberFeature.run(CucumberFeature.java:165)
at cucumber.api.testng.TestNGCucumberRunner.runCucumber(TestNGCucumberRunner.java:63)
... 33 more
Caused by: java.lang.reflect.InvocationTargetException
at java.base/jdk.internal.reflect.NativeConstructorAccessorImpl.newInstance0(Native Method)
at java.base/jdk.internal.reflect.NativeConstructorAccessorImpl.newInstance(NativeConstructorAccessorImpl.java:62)
at java.base/jdk.internal.reflect.DelegatingConstructorAccessorImpl.newInstance(DelegatingConstructorAccessorImpl.java:45)
at java.base/java.lang.reflect.Constructor.newInstance(Constructor.java:490)
at cucumber.runtime.java.DefaultJavaObjectFactory.cacheNewInstance(DefaultJavaObjectFactory.java:41)
... 42 more
Caused by: java.lang.StackOverflowError
at com.migrosWeb.test.main.BaseClass.<init>(BaseClass.java:17)
at com.migrosWeb.test.pages.HomePage.<init>(HomePage.java:10)
at com.migrosWeb.test.pages.BasketPage.<init>(BasketPage.java:37)
at com.migrosWeb.test.pages.HomePage.<init>(HomePage.java:41)
at com.migrosWeb.test.pages.BasketPage.<init>(BasketPage.java:37)
at com.migrosWeb.test.pages.HomePage.<init>(HomePage.java:41)
at com.migrosWeb.test.pages.BasketPage.<init>(BasketPage.java:37)
at com.migrosWeb.test.pages.HomePage.<init>(HomePage.java:41)
at com.migrosWeb.test.pages.BasketPage.<init>(BasketPage.java:37)
at com.migrosWeb.test.pages.HomePage.<init>(HomePage.java:41)
at com.migrosWeb.test.pages.BasketPage.<init>(BasketPage.java:37)
at com.migrosWeb.test.pages.HomePage.<init>(HomePage.java:41)
at com.migrosWeb.test.pages.BasketPage.<init>(BasketPage.java:37)
at com.migrosWeb.test.pages.HomePage.<init>(HomePage.java:41)
at com.migrosWeb.test.pages.BasketPage.<init>(BasketPage.java:37)
at com.migrosWeb.test.pages.HomePage.<init>(HomePage.java:41)
at com.migrosWeb.test.pages.BasketPage.<init>(BasketPage.java:37)
at com.migrosWeb.test.pages.HomePage.<init>(HomePage.java:41)
at com.migrosWeb.test.pages.BasketPage.<init>(BasketPage.java:37)
at com.migrosWeb.test.pages.HomePage.<init>(HomePage.java:41)
at com.migrosWeb.test.pages.BasketPage.<init>(BasketPage.java:37)
at com.migrosWeb.test.pages.HomePage.<init>(HomePage.java:41)
at com.migrosWeb.test.pages.BasketPage.<init>(BasketPage.java:37)
at com.migrosWeb.test.pages.HomePage.<init>(HomePage.java:41)
at com.migrosWeb.test.pages.BasketPage.<init>(BasketPage.java:37)
at com.migrosWeb.test.pages.HomePage.<init>(HomePage.java:41)
at com.migrosWeb.test.pages.BasketPage.<init>(BasketPage.java:37)
at com.migrosWeb.test.pages.HomePage.<init>(HomePage.java:41)
at com.migrosWeb.test.pages.BasketPage.<init>(BasketPage.java:37)
at com.migrosWeb.test.pages.HomePage.<init>(HomePage.java:41)
at com.migrosWeb.test.pages.BasketPage.<init>(BasketPage.java:37)
at com.migrosWeb.test.pages.HomePage.<init>(HomePage.java:41)
at com.migrosWeb.test.pages.BasketPage.<init>(BasketPage.java:37)
at com.migrosWeb.test.pages.HomePage.<init>(HomePage.java:41)
at com.migrosWeb.test.pages.BasketPage.<init>(BasketPage.java:37)
at com.migrosWeb.test.pages.HomePage.<init>(HomePage.java:41)
at com.migrosWeb.test.pages.BasketPage.<init>(BasketPage.java:37)
at com.migrosWeb.test.pages.HomePage.<init>(HomePage.java:41)
at com.migrosWeb.test.pages.BasketPage.<init>(BasketPage.java:37)
at com.migrosWeb.test.pages.HomePage.<init>(HomePage.java:41)
at com.migrosWeb.test.pages.BasketPage.<init>(BasketPage.java:37)
at com.migrosWeb.test.pages.HomePage.<init>(HomePage.java:41)
at com.migrosWeb.test.pages.BasketPage.<init>(BasketPage.java:37)
at com.migrosWeb.test.pages.HomePage.<init>(HomePage.java:41)
at com.migrosWeb.test.pages.BasketPage.<init>(BasketPage.java:37)
at com.migrosWeb.test.pages.HomePage.<init>(HomePage.java:41)
at com.migrosWeb.test.pages.BasketPage.<init>(BasketPage.java:37)
at com.migrosWeb.test.pages.HomePage.<init>(HomePage.java:41)
at com.migrosWeb.test.pages.BasketPage.<init>(BasketPage.java:37)
at com.migrosWeb.test.pages.HomePage.<init>(HomePage.java:41)
at com.migrosWeb.test.pages.BasketPage.<init>(BasketPage.java:37)
at com.migrosWeb.test.pages.HomePage.<init>(HomePage.java:41)
at com.migrosWeb.test.pages.BasketPage.<init>(BasketPage.java:37)
at com.migrosWeb.test.pages.HomePage.<init>(HomePage.java:41)
at com.migrosWeb.test.pages.BasketPage.<init>(BasketPage.java:37)
at com.migrosWeb.test.pages.HomePage.<init>(HomePage.java:41)
at com.migrosWeb.test.pages.BasketPage.<init>(BasketPage.java:37)
at com.migrosWeb.test.pages.HomePage.<init>(HomePage.java:41)
at com.migrosWeb.test.pages.BasketPage.<init>(BasketPage.java:37)
at com.migrosWeb.test.pages.HomePage.<init>(HomePage.java:41)
at com.migrosWeb.test.pages.BasketPage.<init>(BasketPage.java:37)
at com.migrosWeb.test.pages.HomePage.<init>(HomePage.java:41)
at com.migrosWeb.test.pages.BasketPage.<init>(BasketPage.java:37)
at com.migrosWeb.test.pages.HomePage.<init>(HomePage.java:41)
at com.migrosWeb.test.pages.BasketPage.<init>(BasketPage.java:37)
at com.migrosWeb.test.pages.HomePage.<init>(HomePage.java:41)
at com.migrosWeb.test.pages.BasketPage.<init>(BasketPage.java:37)
at com.migrosWeb.test.pages.HomePage.<init>(HomePage.java:41)
at com.migrosWeb.test.pages.BasketPage.<init>(BasketPage.java:37)
at com.migrosWeb.test.pages.HomePage.<init>(HomePage.java:41)
at com.migrosWeb.test.pages.BasketPage.<init>(BasketPage.java:37)
at com.migrosWeb.test.pages.HomePage.<init>(HomePage.java:41)
at com.migrosWeb.test.pages.BasketPage.<init>(BasketPage.java:37)
at com.migrosWeb.test.pages.HomePage.<init>(HomePage.java:41)
at com.migrosWeb.test.pages.BasketPage.<init>(BasketPage.java:37)
at com.migrosWeb.test.pages.HomePage.<init>(HomePage.java:41)
at com.migrosWeb.test.pages.BasketPage.<init>(BasketPage.java:37)
at com.migrosWeb.test.pages.HomePage.<init>(HomePage.java:41)
at com.migrosWeb.test.pages.BasketPage.<init>(BasketPage.java:37)
at com.migrosWeb.test.pages.HomePage.<init>(HomePage.java:41)
at com.migrosWeb.test.pages.BasketPage.<init>(BasketPage.java:37)
at com.migrosWeb.test.pages.HomePage.<init>(HomePage.java:41)
at com.migrosWeb.test.pages.BasketPage.<init>(BasketPage.java:37)
at com.migrosWeb.test.pages.HomePage.<init>(HomePage.java:41)
at com.migrosWeb.test.pages.BasketPage.<init>(BasketPage.java:37)
at com.migrosWeb.test.pages.HomePage.<init>(HomePage.java:41)
at com.migrosWeb.test.pages.BasketPage.<init>(BasketPage.java:37)
at com.migrosWeb.test.pages.HomePage.<init>(HomePage.java:41)
at com.migrosWeb.test.pages.BasketPage.<init>(BasketPage.java:37)
at com.migrosWeb.test.pages.HomePage.<init>(HomePage.java:41)
at com.migrosWeb.test.pages.BasketPage.<init>(BasketPage.java:37)
at com.migrosWeb.test.pages.HomePage.<init>(HomePage.java:41)
at com.migrosWeb.test.pages.BasketPage.<init>(BasketPage.java:37)
at com.migrosWeb.test.pages.HomePage.<init>(HomePage.java:41)
at com.migrosWeb.test.pages.BasketPage.<init>(BasketPage.java:37)
at com.migrosWeb.test.pages.HomePage.<init>(HomePage.java:41)
at com.migrosWeb.test.pages.BasketPage.<init>(BasketPage.java:37)
at com.migrosWeb.test.pages.HomePage.<init>(HomePage.java:41)
at com.migrosWeb.test.pages.BasketPage.<init>(BasketPage.java:37)
at com.migrosWeb.test.pages.HomePage.<init>(HomePage.java:41)
at com.migrosWeb.test.pages.BasketPage.<init>(BasketPage.java:37)
at com.migrosWeb.test.pages.HomePage.<init>(HomePage.java:41)
at com.migrosWeb.test.pages.BasketPage.<init>(BasketPage.java:37)
at com.migrosWeb.test.pages.HomePage.<init>(HomePage.java:41)
at com.migrosWeb.test.pages.BasketPage.<init>(BasketPage.java:37)
at com.migrosWeb.test.pages.HomePage.<init>(HomePage.java:41)
at com.migrosWeb.test.pages.BasketPage.<init>(BasketPage.java:37)
at com.migrosWeb.test.pages.HomePage.<init>(HomePage.java:41)
at com.migrosWeb.test.pages.BasketPage.<init>(BasketPage.java:37)
at com.migrosWeb.test.pages.HomePage.<init>(HomePage.java:41)
at com.migrosWeb.test.pages.BasketPage.<init>(BasketPage.java:37)
at com.migrosWeb.test.pages.HomePage.<init>(HomePage.java:41)
at com.migrosWeb.test.pages.BasketPage.<init>(BasketPage.java:37)
at com.migrosWeb.test.pages.HomePage.<init>(HomePage.java:41)
at com.migrosWeb.test.pages.BasketPage.<init>(BasketPage.java:37)
at com.migrosWeb.test.pages.HomePage.<init>(HomePage.java:41)
at com.migrosWeb.test.pages.BasketPage.<init>(BasketPage.java:37)
at com.migrosWeb.test.pages.HomePage.<init>(HomePage.java:41)
at com.migrosWeb.test.pages.BasketPage.<init>(BasketPage.java:37)
at com.migrosWeb.test.pages.HomePage.<init>(HomePage.java:41)
at com.migrosWeb.test.pages.BasketPage.<init>(BasketPage.java:37)
at com.migrosWeb.test.pages.HomePage.<init>(HomePage.java:41)
at com.migrosWeb.test.pages.BasketPage.<init>(BasketPage.java:37)
at com.migrosWeb.test.pages.HomePage.<init>(HomePage.java:41)
at com.migrosWeb.test.pages.BasketPage.<init>(BasketPage.java:37)
at com.migrosWeb.test.pages.HomePage.<init>(HomePage.java:41)
at com.migrosWeb.test.pages.BasketPage.<init>(BasketPage.java:37)
at com.migrosWeb.test.pages.HomePage.<init>(HomePage.java:41)
at com.migrosWeb.test.pages.BasketPage.<init>(BasketPage.java:37)
at com.migrosWeb.test.pages.HomePage.<init>(HomePage.java:41)
at com.migrosWeb.test.pages.BasketPage.<init>(BasketPage.java:37)
at com.migrosWeb.test.pages.HomePage.<init>(HomePage.java:41)
at com.migrosWeb.test.pages.BasketPage.<init>(BasketPage.java:37)
at com.migrosWeb.test.pages.HomePage.<init>(HomePage.java:41)
at com.migrosWeb.test.pages.BasketPage.<init>(BasketPage.java:37)
at com.migrosWeb.test.pages.HomePage.<init>(HomePage.java:41)
at com.migrosWeb.test.pages.BasketPage.<init>(BasketPage.java:37)
at com.migrosWeb.test.pages.HomePage.<init>(HomePage.java:41)
at com.migrosWeb.test.pages.BasketPage.<init>(BasketPage.java:37)
at com.migrosWeb.test.pages.HomePage.<init>(HomePage.java:41)
at com.migrosWeb.test.pages.BasketPage.<init>(BasketPage.java:37)
at com.migrosWeb.test.pages.HomePage.<init>(HomePage.java:41)
at com.migrosWeb.test.pages.BasketPage.<init>(BasketPage.java:37)
at com.migrosWeb.test.pages.HomePage.<init>(HomePage.java:41)
at com.migrosWeb.test.pages.BasketPage.<init>(BasketPage.java:37)
at com.migrosWeb.test.pages.HomePage.<init>(HomePage.java:41)
at com.migrosWeb.test.pages.BasketPage.<init>(BasketPage.java:37)
at com.migrosWeb.test.pages.HomePage.<init>(HomePage.java:41)
at com.migrosWeb.test.pages.BasketPage.<init>(BasketPage.java:37)
at com.migrosWeb.test.pages.HomePage.<init>(HomePage.java:41)
at com.migrosWeb.test.pages.BasketPage.<init>(BasketPage.java:37)
at com.migrosWeb.test.pages.HomePage.<init>(HomePage.java:41)
at com.migrosWeb.test.pages.BasketPage.<init>(BasketPage.java:37)
at com.migrosWeb.test.pages.HomePage.<init>(HomePage.java:41)
at com.migrosWeb.test.pages.BasketPage.<init>(BasketPage.java:37)
at com.migrosWeb.test.pages.HomePage.<init>(HomePage.java:41)
at com.migrosWeb.test.pages.BasketPage.<init>(BasketPage.java:37)
at com.migrosWeb.test.pages.HomePage.<init>(HomePage.java:41)
at com.migrosWeb.test.pages.BasketPage.<init>(BasketPage.java:37)
at com.migrosWeb.test.pages.HomePage.<init>(HomePage.java:41)
at com.migrosWeb.test.pages.BasketPage.<init>(BasketPage.java:37)
at com.migrosWeb.test.pages.HomePage.<init>(HomePage.java:41)
at com.migrosWeb.test.pages.BasketPage.<init>(BasketPage.java:37)
at com.migrosWeb.test.pages.HomePage.<init>(HomePage.java:41)
at com.migrosWeb.test.pages.BasketPage.<init>(BasketPage.java:37)
at com.migrosWeb.test.pages.HomePage.<init>(HomePage.java:41)
at com.migrosWeb.test.pages.BasketPage.<init>(BasketPage.java:37)
at com.migrosWeb.test.pages.HomePage.<init>(HomePage.java:41)
at com.migrosWeb.test.pages.BasketPage.<init>(BasketPage.java:37)
at com.migrosWeb.test.pages.HomePage.<init>(HomePage.java:41)
at com.migrosWeb.test.pages.BasketPage.<init>(BasketPage.java:37)
at com.migrosWeb.test.pages.HomePage.<init>(HomePage.java:41)
at com.migrosWeb.test.pages.BasketPage.<init>(BasketPage.java:37)
at com.migrosWeb.test.pages.HomePage.<init>(HomePage.java:41)
at com.migrosWeb.test.pages.BasketPage.<init>(BasketPage.java:37)
at com.migrosWeb.test.pages.HomePage.<init>(HomePage.java:41)
at com.migrosWeb.test.pages.BasketPage.<init>(BasketPage.java:37)
at com.migrosWeb.test.pages.HomePage.<init>(HomePage.java:41)
at com.migrosWeb.test.pages.BasketPage.<init>(BasketPage.java:37)
at com.migrosWeb.test.pages.HomePage.<init>(HomePage.java:41)
at com.migrosWeb.test.pages.BasketPage.<init>(BasketPage.java:37)
at com.migrosWeb.test.pages.HomePage.<init>(HomePage.java:41)
at com.migrosWeb.test.pages.BasketPage.<init>(BasketPage.java:37)
at com.migrosWeb.test.pages.HomePage.<init>(HomePage.java:41)
at com.migrosWeb.test.pages.BasketPage.<init>(BasketPage.java:37)
at com.migrosWeb.test.pages.HomePage.<init>(HomePage.java:41)
at com.migrosWeb.test.pages.BasketPage.<init>(BasketPage.java:37)
at com.migrosWeb.test.pages.HomePage.<init>(HomePage.java:41)
at com.migrosWeb.test.pages.BasketPage.<init>(BasketPage.java:37)
at com.migrosWeb.test.pages.HomePage.<init>(HomePage.java:41)
at com.migrosWeb.test.pages.BasketPage.<init>(BasketPage.java:37)
at com.migrosWeb.test.pages.HomePage.<init>(HomePage.java:41)
at com.migrosWeb.test.pages.BasketPage.<init>(BasketPage.java:37)
at com.migrosWeb.test.pages.HomePage.<init>(HomePage.java:41)
at com.migrosWeb.test.pages.BasketPage.<init>(BasketPage.java:37)
at com.migrosWeb.test.pages.HomePage.<init>(HomePage.java:41)
at com.migrosWeb.test.pages.BasketPage.<init>(BasketPage.java:37)
at com.migrosWeb.test.pages.HomePage.<init>(HomePage.java:41)
at com.migrosWeb.test.pages.BasketPage.<init>(BasketPage.java:37)
at com.migrosWeb.test.pages.HomePage.<init>(HomePage.java:41)
at com.migrosWeb.test.pages.BasketPage.<init>(BasketPage.java:37)
at com.migrosWeb.test.pages.HomePage.<init>(HomePage.java:41)
at com.migrosWeb.test.pages.BasketPage.<init>(BasketPage.java:37)
at com.migrosWeb.test.pages.HomePage.<init>(HomePage.java:41)
at com.migrosWeb.test.pages.BasketPage.<init>(BasketPage.java:37)
at com.migrosWeb.test.pages.HomePage.<init>(HomePage.java:41)
at com.migrosWeb.test.pages.BasketPage.<init>(BasketPage.java:37)
at com.migrosWeb.test.pages.HomePage.<init>(HomePage.java:41)
at com.migrosWeb.test.pages.BasketPage.<init>(BasketPage.java:37)
at com.migrosWeb.test.pages.HomePage.<init>(HomePage.java:41)
at com.migrosWeb.test.pages.BasketPage.<init>(BasketPage.java:37)
at com.migrosWeb.test.pages.HomePage.<init>(HomePage.java:41)
at com.migrosWeb.test.pages.BasketPage.<init>(BasketPage.java:37)
at com.migrosWeb.test.pages.HomePage.<init>(HomePage.java:41)
at com.migrosWeb.test.pages.BasketPage.<init>(BasketPage.java:37)
at com.migrosWeb.test.pages.HomePage.<init>(HomePage.java:41)
at com.migrosWeb.test.pages.BasketPage.<init>(BasketPage.java:37)
at com.migrosWeb.test.pages.HomePage.<init>(HomePage.java:41)
at com.migrosWeb.test.pages.BasketPage.<init>(BasketPage.java:37)
at com.migrosWeb.test.pages.HomePage.<init>(HomePage.java:41)
at com.migrosWeb.test.pages.BasketPage.<init>(BasketPage.java:37)
at com.migrosWeb.test.pages.HomePage.<init>(HomePage.java:41)
at com.migrosWeb.test.pages.BasketPage.<init>(BasketPage.java:37)
at com.migrosWeb.test.pages.HomePage.<init>(HomePage.java:41)
at com.migrosWeb.test.pages.BasketPage.<init>(BasketPage.java:37)
at com.migrosWeb.test.pages.HomePage.<init>(HomePage.java:41)
at com.migrosWeb.test.pages.BasketPage.<init>(BasketPage.java:37)
at com.migrosWeb.test.pages.HomePage.<init>(HomePage.java:41)
at com.migrosWeb.test.pages.BasketPage.<init>(BasketPage.java:37)
at com.migrosWeb.test.pages.HomePage.<init>(HomePage.java:41)
at com.migrosWeb.test.pages.BasketPage.<init>(BasketPage.java:37)
at com.migrosWeb.test.pages.HomePage.<init>(HomePage.java:41)
at com.migrosWeb.test.pages.BasketPage.<init>(BasketPage.java:37)
at com.migrosWeb.test.pages.HomePage.<init>(HomePage.java:41)
at com.migrosWeb.test.pages.BasketPage.<init>(BasketPage.java:37)
at com.migrosWeb.test.pages.HomePage.<init>(HomePage.java:41)
at com.migrosWeb.test.pages.BasketPage.<init>(BasketPage.java:37)
at com.migrosWeb.test.pages.HomePage.<init>(HomePage.java:41)
at com.migrosWeb.test.pages.BasketPage.<init>(BasketPage.java:37)
at com.migrosWeb.test.pages.HomePage.<init>(HomePage.java:41)
at com.migrosWeb.test.pages.BasketPage.<init>(BasketPage.java:37)
at com.migrosWeb.test.pages.HomePage.<init>(HomePage.java:41)
at com.migrosWeb.test.pages.BasketPage.<init>(BasketPage.java:37)
at com.migrosWeb.test.pages.HomePage.<init>(HomePage.java:41)
at com.migrosWeb.test.pages.BasketPage.<init>(BasketPage.java:37)
at com.migrosWeb.test.pages.HomePage.<init>(HomePage.java:41)
at com.migrosWeb.test.pages.BasketPage.<init>(BasketPage.java:37)
at com.migrosWeb.test.pages.HomePage.<init>(HomePage.java:41)
at com.migrosWeb.test.pages.BasketPage.<init>(BasketPage.java:37)
at com.migrosWeb.test.pages.HomePage.<init>(HomePage.java:41)
at com.migrosWeb.test.pages.BasketPage.<init>(BasketPage.java:37)
at com.migrosWeb.test.pages.HomePage.<init>(HomePage.java:41)
at com.migrosWeb.test.pages.BasketPage.<init>(BasketPage.java:37)
at com.migrosWeb.test.pages.HomePage.<init>(HomePage.java:41)
at com.migrosWeb.test.pages.BasketPage.<init>(BasketPage.java:37)
at com.migrosWeb.test.pages.HomePage.<init>(HomePage.java:41)
at com.migrosWeb.test.pages.BasketPage.<init>(BasketPage.java:37)
at com.migrosWeb.test.pages.HomePage.<init>(HomePage.java:41)
at com.migrosWeb.test.pages.BasketPage.<init>(BasketPage.java:37)
at com.migrosWeb.test.pages.HomePage.<init>(HomePage.java:41)
at com.migrosWeb.test.pages.BasketPage.<init>(BasketPage.java:37)
at com.migrosWeb.test.pages.HomePage.<init>(HomePage.java:41)
at com.migrosWeb.test.pages.BasketPage.<init>(BasketPage.java:37)
at com.migrosWeb.test.pages.HomePage.<init>(HomePage.java:41)
at com.migrosWeb.test.pages.BasketPage.<init>(BasketPage.java:37)
at com.migrosWeb.test.pages.HomePage.<init>(HomePage.java:41)
at com.migrosWeb.test.pages.BasketPage.<init>(BasketPage.java:37)
at com.migrosWeb.test.pages.HomePage.<init>(HomePage.java:41)
at com.migrosWeb.test.pages.BasketPage.<init>(BasketPage.java:37)
at com.migrosWeb.test.pages.HomePage.<init>(HomePage.java:41)
at com.migrosWeb.test.pages.BasketPage.<init>(BasketPage.java:37)
at com.migrosWeb.test.pages.HomePage.<init>(HomePage.java:41)
at com.migrosWeb.test.pages.BasketPage.<init>(BasketPage.java:37)
at com.migrosWeb.test.pages.HomePage.<init>(HomePage.java:41)
at com.migrosWeb.test.pages.BasketPage.<init>(BasketPage.java:37)
at com.migrosWeb.test.pages.HomePage.<init>(HomePage.java:41)
at com.migrosWeb.test.pages.BasketPage.<init>(BasketPage.java:37)
at com.migrosWeb.test.pages.HomePage.<init>(HomePage.java:41)
at com.migrosWeb.test.pages.BasketPage.<init>(BasketPage.java:37)
at com.migrosWeb.test.pages.HomePage.<init>(HomePage.java:41)
at com.migrosWeb.test.pages.BasketPage.<init>(BasketPage.java:37)
at com.migrosWeb.test.pages.HomePage.<init>(HomePage.java:41)
at com.migrosWeb.test.pages.BasketPage.<init>(BasketPage.java:37)
at com.migrosWeb.test.pages.HomePage.<init>(HomePage.java:41)
at com.migrosWeb.test.pages.BasketPage.<init>(BasketPage.java:37)
at com.migrosWeb.test.pages.HomePage.<init>(HomePage.java:41)
at com.migrosWeb.test.pages.BasketPage.<init>(BasketPage.java:37)
at com.migrosWeb.test.pages.HomePage.<init>(HomePage.java:41)
at com.migrosWeb.test.pages.BasketPage.<init>(BasketPage.java:37)
at com.migrosWeb.test.pages.HomePage.<init>(HomePage.java:41)
at com.migrosWeb.test.pages.BasketPage.<init>(BasketPage.java:37)
at com.migrosWeb.test.pages.HomePage.<init>(HomePage.java:41)
at com.migrosWeb.test.pages.BasketPage.<init>(BasketPage.java:37)
at com.migrosWeb.test.pages.HomePage.<init>(HomePage.java:41)
at com.migrosWeb.test.pages.BasketPage.<init>(BasketPage.java:37)
at com.migrosWeb.test.pages.HomePage.<init>(HomePage.java:41)
at com.migrosWeb.test.pages.BasketPage.<init>(BasketPage.java:37)
at com.migrosWeb.test.pages.HomePage.<init>(HomePage.java:41)
at com.migrosWeb.test.pages.BasketPage.<init>(BasketPage.java:37)
at com.migrosWeb.test.pages.HomePage.<init>(HomePage.java:41)
at com.migrosWeb.test.pages.BasketPage.<init>(BasketPage.java:37)
at com.migrosWeb.test.pages.HomePage.<init>(HomePage.java:41)
at com.migrosWeb.test.pages.BasketPage.<init>(BasketPage.java:37)
at com.migrosWeb.test.pages.HomePage.<init>(HomePage.java:41)
at com.migrosWeb.test.pages.BasketPage.<init>(BasketPage.java:37)
at com.migrosWeb.test.pages.HomePage.<init>(HomePage.java:41)
at com.migrosWeb.test.pages.BasketPage.<init>(BasketPage.java:37)
at com.migrosWeb.test.pages.HomePage.<init>(HomePage.java:41)
at com.migrosWeb.test.pages.BasketPage.<init>(BasketPage.java:37)
at com.migrosWeb.test.pages.HomePage.<init>(HomePage.java:41)
at com.migrosWeb.test.pages.BasketPage.<init>(BasketPage.java:37)
at com.migrosWeb.test.pages.HomePage.<init>(HomePage.java:41)
at com.migrosWeb.test.pages.BasketPage.<init>(BasketPage.java:37)
at com.migrosWeb.test.pages.HomePage.<init>(HomePage.java:41)
at com.migrosWeb.test.pages.BasketPage.<init>(BasketPage.java:37)
at com.migrosWeb.test.pages.HomePage.<init>(HomePage.java:41)
at com.migrosWeb.test.pages.BasketPage.<init>(BasketPage.java:37)
at com.migrosWeb.test.pages.HomePage.<init>(HomePage.java:41)
at com.migrosWeb.test.pages.BasketPage.<init>(BasketPage.java:37)
at com.migrosWeb.test.pages.HomePage.<init>(HomePage.java:41)
at com.migrosWeb.test.pages.BasketPage.<init>(BasketPage.java:37)
at com.migrosWeb.test.pages.HomePage.<init>(HomePage.java:41)
at com.migrosWeb.test.pages.BasketPage.<init>(BasketPage.java:37)
at com.migrosWeb.test.pages.HomePage.<init>(HomePage.java:41)
at com.migrosWeb.test.pages.BasketPage.<init>(BasketPage.java:37)
at com.migrosWeb.test.pages.HomePage.<init>(HomePage.java:41)
at com.migrosWeb.test.pages.BasketPage.<init>(BasketPage.java:37)
at com.migrosWeb.test.pages.HomePage.<init>(HomePage.java:41)
at com.migrosWeb.test.pages.BasketPage.<init>(BasketPage.java:37)
at com.migrosWeb.test.pages.HomePage.<init>(HomePage.java:41)
at com.migrosWeb.test.pages.BasketPage.<init>(BasketPage.java:37)
at com.migrosWeb.test.pages.HomePage.<init>(HomePage.java:41)
at com.migrosWeb.test.pages.BasketPage.<init>(BasketPage.java:37)
at com.migrosWeb.test.pages.HomePage.<init>(HomePage.java:41)
at com.migrosWeb.test.pages.BasketPage.<init>(BasketPage.java:37)
at com.migrosWeb.test.pages.HomePage.<init>(HomePage.java:41)
at com.migrosWeb.test.pages.BasketPage.<init>(BasketPage.java:37)
at com.migrosWeb.test.pages.HomePage.<init>(HomePage.java:41)
at com.migrosWeb.test.pages.BasketPage.<init>(BasketPage.java:37)
at com.migrosWeb.test.pages.HomePage.<init>(HomePage.java:41)
at com.migrosWeb.test.pages.BasketPage.<init>(BasketPage.java:37)
at com.migrosWeb.test.pages.HomePage.<init>(HomePage.java:41)
at com.migrosWeb.test.pages.BasketPage.<init>(BasketPage.java:37)
at com.migrosWeb.test.pages.HomePage.<init>(HomePage.java:41)
at com.migrosWeb.test.pages.BasketPage.<init>(BasketPage.java:37)
at com.migrosWeb.test.pages.HomePage.<init>(HomePage.java:41)
at com.migrosWeb.test.pages.BasketPage.<init>(BasketPage.java:37)
at com.migrosWeb.test.pages.HomePage.<init>(HomePage.java:41)
at com.migrosWeb.test.pages.BasketPage.<init>(BasketPage.java:37)
at com.migrosWeb.test.pages.HomePage.<init>(HomePage.java:41)
at com.migrosWeb.test.pages.BasketPage.<init>(BasketPage.java:37)
at com.migrosWeb.test.pages.HomePage.<init>(HomePage.java:41)
at com.migrosWeb.test.pages.BasketPage.<init>(BasketPage.java:37)
at com.migrosWeb.test.pages.HomePage.<init>(HomePage.java:41)
at com.migrosWeb.test.pages.BasketPage.<init>(BasketPage.java:37)
at com.migrosWeb.test.pages.HomePage.<init>(HomePage.java:41)
at com.migrosWeb.test.pages.BasketPage.<init>(BasketPage.java:37)
at com.migrosWeb.test.pages.HomePage.<init>(HomePage.java:41)
at com.migrosWeb.test.pages.BasketPage.<init>(BasketPage.java:37)
at com.migrosWeb.test.pages.HomePage.<init>(HomePage.java:41)
at com.migrosWeb.test.pages.BasketPage.<init>(BasketPage.java:37)
at com.migrosWeb.test.pages.HomePage.<init>(HomePage.java:41)
at com.migrosWeb.test.pages.BasketPage.<init>(BasketPage.java:37)
at com.migrosWeb.test.pages.HomePage.<init>(HomePage.java:41)
at com.migrosWeb.test.pages.BasketPage.<init>(BasketPage.java:37)
at com.migrosWeb.test.pages.HomePage.<init>(HomePage.java:41)
at com.migrosWeb.test.pages.BasketPage.<init>(BasketPage.java:37)
at com.migrosWeb.test.pages.HomePage.<init>(HomePage.java:41)
at com.migrosWeb.test.pages.BasketPage.<init>(BasketPage.java:37)
at com.migrosWeb.test.pages.HomePage.<init>(HomePage.java:41)
at com.migrosWeb.test.pages.BasketPage.<init>(BasketPage.java:37)
at com.migrosWeb.test.pages.HomePage.<init>(HomePage.java:41)
at com.migrosWeb.test.pages.BasketPage.<init>(BasketPage.java:37)
at com.migrosWeb.test.pages.HomePage.<init>(HomePage.java:41)
at com.migrosWeb.test.pages.BasketPage.<init>(BasketPage.java:37)
at com.migrosWeb.test.pages.HomePage.<init>(HomePage.java:41)
at com.migrosWeb.test.pages.BasketPage.<init>(BasketPage.java:37)
at com.migrosWeb.test.pages.HomePage.<init>(HomePage.java:41)
at com.migrosWeb.test.pages.BasketPage.<init>(BasketPage.java:37)
at com.migrosWeb.test.pages.HomePage.<init>(HomePage.java:41)
at com.migrosWeb.test.pages.BasketPage.<init>(BasketPage.java:37)
at com.migrosWeb.test.pages.HomePage.<init>(HomePage.java:41)
at com.migrosWeb.test.pages.BasketPage.<init>(BasketPage.java:37)
at com.migrosWeb.test.pages.HomePage.<init>(HomePage.java:41)
at com.migrosWeb.test.pages.BasketPage.<init>(BasketPage.java:37)
at com.migrosWeb.test.pages.HomePage.<init>(HomePage.java:41)
at com.migrosWeb.test.pages.BasketPage.<init>(BasketPage.java:37)
at com.migrosWeb.test.pages.HomePage.<init>(HomePage.java:41)
at com.migrosWeb.test.pages.BasketPage.<init>(BasketPage.java:37)
at com.migrosWeb.test.pages.HomePage.<init>(HomePage.java:41)
at com.migrosWeb.test.pages.BasketPage.<init>(BasketPage.java:37)
at com.migrosWeb.test.pages.HomePage.<init>(HomePage.java:41)
at com.migrosWeb.test.pages.BasketPage.<init>(BasketPage.java:37)
at com.migrosWeb.test.pages.HomePage.<init>(HomePage.java:41)
at com.migrosWeb.test.pages.BasketPage.<init>(BasketPage.java:37)
at com.migrosWeb.test.pages.HomePage.<init>(HomePage.java:41)
at com.migrosWeb.test.pages.BasketPage.<init>(BasketPage.java:37)
at com.migrosWeb.test.pages.HomePage.<init>(HomePage.java:41)
at com.migrosWeb.test.pages.BasketPage.<init>(BasketPage.java:37)
at com.migrosWeb.test.pages.HomePage.<init>(HomePage.java:41)
at com.migrosWeb.test.pages.BasketPage.<init>(BasketPage.java:37)
at com.migrosWeb.test.pages.HomePage.<init>(HomePage.java:41)
at com.migrosWeb.test.pages.BasketPage.<init>(BasketPage.java:37)
at com.migrosWeb.test.pages.HomePage.<init>(HomePage.java:41)
at com.migrosWeb.test.pages.BasketPage.<init>(BasketPage.java:37)
at com.migrosWeb.test.pages.HomePage.<init>(HomePage.java:41)
at com.migrosWeb.test.pages.BasketPage.<init>(BasketPage.java:37)
at com.migrosWeb.test.pages.HomePage.<init>(HomePage.java:41)
at com.migrosWeb.test.pages.BasketPage.<init>(BasketPage.java:37)
at com.migrosWeb.test.pages.HomePage.<init>(HomePage.java:41)
at com.migrosWeb.test.pages.BasketPage.<init>(BasketPage.java:37)
at com.migrosWeb.test.pages.HomePage.<init>(HomePage.java:41)
at com.migrosWeb.test.pages.BasketPage.<init>(BasketPage.java:37)
at com.migrosWeb.test.pages.HomePage.<init>(HomePage.java:41)
at com.migrosWeb.test.pages.BasketPage.<init>(BasketPage.java:37)
at com.migrosWeb.test.pages.HomePage.<init>(HomePage.java:41)
at com.migrosWeb.test.pages.BasketPage.<init>(BasketPage.java:37)
at com.migrosWeb.test.pages.HomePage.<init>(HomePage.java:41)
at com.migrosWeb.test.pages.BasketPage.<init>(BasketPage.java:37)
at com.migrosWeb.test.pages.HomePage.<init>(HomePage.java:41)
at com.migrosWeb.test.pages.BasketPage.<init>(BasketPage.java:37)
at com.migrosWeb.test.pages.HomePage.<init>(HomePage.java:41)
at com.migrosWeb.test.pages.BasketPage.<init>(BasketPage.java:37)
at com.migrosWeb.test.pages.HomePage.<init>(HomePage.java:41)
at com.migrosWeb.test.pages.BasketPage.<init>(BasketPage.java:37)
at com.migrosWeb.test.pages.HomePage.<init>(HomePage.java:41)
at com.migrosWeb.test.pages.BasketPage.<init>(BasketPage.java:37)
at com.migrosWeb.test.pages.HomePage.<init>(HomePage.java:41)
at com.migrosWeb.test.pages.BasketPage.<init>(BasketPage.java:37)
at com.migrosWeb.test.pages.HomePage.<init>(HomePage.java:41)
at com.migrosWeb.test.pages.BasketPage.<init>(BasketPage.java:37)
at com.migrosWeb.test.pages.HomePage.<init>(HomePage.java:41)
at com.migrosWeb.test.pages.BasketPage.<init>(BasketPage.java:37)
at com.migrosWeb.test.pages.HomePage.<init>(HomePage.java:41)
at com.migrosWeb.test.pages.BasketPage.<init>(BasketPage.java:37)
at com.migrosWeb.test.pages.HomePage.<init>(HomePage.java:41)
at com.migrosWeb.test.pages.BasketPage.<init>(BasketPage.java:37)
at com.migrosWeb.test.pages.HomePage.<init>(HomePage.java:41)
at com.migrosWeb.test.pages.BasketPage.<init>(BasketPage.java:37)
at com.migrosWeb.test.pages.HomePage.<init>(HomePage.java:41)
at com.migrosWeb.test.pages.BasketPage.<init>(BasketPage.java:37)
at com.migrosWeb.test.pages.HomePage.<init>(HomePage.java:41)
at com.migrosWeb.test.pages.BasketPage.<init>(BasketPage.java:37)
at com.migrosWeb.test.pages.HomePage.<init>(HomePage.java:41)
at com.migrosWeb.test.pages.BasketPage.<init>(BasketPage.java:37)
at com.migrosWeb.test.pages.HomePage.<init>(HomePage.java:41)
at com.migrosWeb.test.pages.BasketPage.<init>(BasketPage.java:37)
at com.migrosWeb.test.pages.HomePage.<init>(HomePage.java:41)
at com.migrosWeb.test.pages.BasketPage.<init>(BasketPage.java:37)
at com.migrosWeb.test.pages.HomePage.<init>(HomePage.java:41)
at com.migrosWeb.test.pages.BasketPage.<init>(BasketPage.java:37)
at com.migrosWeb.test.pages.HomePage.<init>(HomePage.java:41)
at com.migrosWeb.test.pages.BasketPage.<init>(BasketPage.java:37)
at com.migrosWeb.test.pages.HomePage.<init>(HomePage.java:41)
at com.migrosWeb.test.pages.BasketPage.<init>(BasketPage.java:37)
at com.migrosWeb.test.pages.HomePage.<init>(HomePage.java:41)
at com.migrosWeb.test.pages.BasketPage.<init>(BasketPage.java:37)
at com.migrosWeb.test.pages.HomePage.<init>(HomePage.java:41)
at com.migrosWeb.test.pages.BasketPage.<init>(BasketPage.java:37)
at com.migrosWeb.test.pages.HomePage.<init>(HomePage.java:41)
at com.migrosWeb.test.pages.BasketPage.<init>(BasketPage.java:37)
at com.migrosWeb.test.pages.HomePage.<init>(HomePage.java:41)
at com.migrosWeb.test.pages.BasketPage.<init>(BasketPage.java:37)
at com.migrosWeb.test.pages.HomePage.<init>(HomePage.java:41)
at com.migrosWeb.test.pages.BasketPage.<init>(BasketPage.java:37)
at com.migrosWeb.test.pages.HomePage.<init>(HomePage.java:41)
at com.migrosWeb.test.pages.BasketPage.<init>(BasketPage.java:37)
at com.migrosWeb.test.pages.HomePage.<init>(HomePage.java:41)
at com.migrosWeb.test.pages.BasketPage.<init>(BasketPage.java:37)
at com.migrosWeb.test.pages.HomePage.<init>(HomePage.java:41)
at com.migrosWeb.test.pages.BasketPage.<init>(BasketPage.java:37)
at com.migrosWeb.test.pages.HomePage.<init>(HomePage.java:41)
at com.migrosWeb.test.pages.BasketPage.<init>(BasketPage.java:37)
at com.migrosWeb.test.pages.HomePage.<init>(HomePage.java:41)
at com.migrosWeb.test.pages.BasketPage.<init>(BasketPage.java:37)
at com.migrosWeb.test.pages.HomePage.<init>(HomePage.java:41)
at com.migrosWeb.test.pages.BasketPage.<init>(BasketPage.java:37)
at com.migrosWeb.test.pages.HomePage.<init>(HomePage.java:41)
at com.migrosWeb.test.pages.BasketPage.<init>(BasketPage.java:37)
at com.migrosWeb.test.pages.HomePage.<init>(HomePage.java:41)
at com.migrosWeb.test.pages.BasketPage.<init>(BasketPage.java:37)
at com.migrosWeb.test.pages.HomePage.<init>(HomePage.java:41)
at com.migrosWeb.test.pages.BasketPage.<init>(BasketPage.java:37)
at com.migrosWeb.test.pages.HomePage.<init>(HomePage.java:41)
at com.migrosWeb.test.pages.BasketPage.<init>(BasketPage.java:37)
at com.migrosWeb.test.pages.HomePage.<init>(HomePage.java:41)
at com.migrosWeb.test.pages.BasketPage.<init>(BasketPage.java:37)
at com.migrosWeb.test.pages.HomePage.<init>(HomePage.java:41)
at com.migrosWeb.test.pages.BasketPage.<init>(BasketPage.java:37)
at com.migrosWeb.test.pages.HomePage.<init>(HomePage.java:41)
at com.migrosWeb.test.pages.BasketPage.<init>(BasketPage.java:37)
at com.migrosWeb.test.pages.HomePage.<init>(HomePage.java:41)
at com.migrosWeb.test.pages.BasketPage.<init>(BasketPage.java:37)
at com.migrosWeb.test.pages.HomePage.<init>(HomePage.java:41)
at com.migrosWeb.test.pages.BasketPage.<init>(BasketPage.java:37)
at com.migrosWeb.test.pages.HomePage.<init>(HomePage.java:41)
at com.migrosWeb.test.pages.BasketPage.<init>(BasketPage.java:37)
at com.migrosWeb.test.pages.HomePage.<init>(HomePage.java:41)
at com.migrosWeb.test.pages.BasketPage.<init>(BasketPage.java:37)
at com.migrosWeb.test.pages.HomePage.<init>(HomePage.java:41)
at com.migrosWeb.test.pages.BasketPage.<init>(BasketPage.java:37)
at com.migrosWeb.test.pages.HomePage.<init>(HomePage.java:41)
at com.migrosWeb.test.pages.BasketPage.<init>(BasketPage.java:37)
at com.migrosWeb.test.pages.HomePage.<init>(HomePage.java:41)
at com.migrosWeb.test.pages.BasketPage.<init>(BasketPage.java:37)
at com.migrosWeb.test.pages.HomePage.<init>(HomePage.java:41)
at com.migrosWeb.test.pages.BasketPage.<init>(BasketPage.java:37)
at com.migrosWeb.test.pages.HomePage.<init>(HomePage.java:41)
at com.migrosWeb.test.pages.BasketPage.<init>(BasketPage.java:37)
at com.migrosWeb.test.pages.HomePage.<init>(HomePage.java:41)
at com.migrosWeb.test.pages.BasketPage.<init>(BasketPage.java:37)
at com.migrosWeb.test.pages.HomePage.<init>(HomePage.java:41)
at com.migrosWeb.test.pages.BasketPage.<init>(BasketPage.java:37)
at com.migrosWeb.test.pages.HomePage.<init>(HomePage.java:41)
at com.migrosWeb.test.pages.BasketPage.<init>(BasketPage.java:37)
at com.migrosWeb.test.pages.HomePage.<init>(HomePage.java:41)
at com.migrosWeb.test.pages.BasketPage.<init>(BasketPage.java:37)
at com.migrosWeb.test.pages.HomePage.<init>(HomePage.java:41)
at com.migrosWeb.test.pages.BasketPage.<init>(BasketPage.java:37)
at com.migrosWeb.test.pages.HomePage.<init>(HomePage.java:41)
at com.migrosWeb.test.pages.BasketPage.<init>(BasketPage.java:37)
at com.migrosWeb.test.pages.HomePage.<init>(HomePage.java:41)
at com.migrosWeb.test.pages.BasketPage.<init>(BasketPage.java:37)
at com.migrosWeb.test.pages.HomePage.<init>(HomePage.java:41)
at com.migrosWeb.test.pages.BasketPage.<init>(BasketPage.java:37)
at com.migrosWeb.test.pages.HomePage.<init>(HomePage.java:41)
at com.migrosWeb.test.pages.BasketPage.<init>(BasketPage.java:37)
at com.migrosWeb.test.pages.HomePage.<init>(HomePage.java:41)
at com.migrosWeb.test.pages.BasketPage.<init>(BasketPage.java:37)
at com.migrosWeb.test.pages.HomePage.<init>(HomePage.java:41)
at com.migrosWeb.test.pages.BasketPage.<init>(BasketPage.java:37)
at com.migrosWeb.test.pages.HomePage.<init>(HomePage.java:41)
at com.migrosWeb.test.pages.BasketPage.<init>(BasketPage.java:37)
at com.migrosWeb.test.pages.HomePage.<init>(HomePage.java:41)
at com.migrosWeb.test.pages.BasketPage.<init>(BasketPage.java:37)
at com.migrosWeb.test.pages.HomePage.<init>(HomePage.java:41)
at com.migrosWeb.test.pages.BasketPage.<init>(BasketPage.java:37)
at com.migrosWeb.test.pages.HomePage.<init>(HomePage.java:41)
at com.migrosWeb.test.pages.BasketPage.<init>(BasketPage.java:37)
at com.migrosWeb.test.pages.HomePage.<init>(HomePage.java:41)
at com.migrosWeb.test.pages.BasketPage.<init>(BasketPage.java:37)
at com.migrosWeb.test.pages.HomePage.<init>(HomePage.java:41)
at com.migrosWeb.test.pages.BasketPage.<init>(BasketPage.java:37)
at com.migrosWeb.test.pages.HomePage.<init>(HomePage.java:41)
at com.migrosWeb.test.pages.BasketPage.<init>(BasketPage.java:37)
at com.migrosWeb.test.pages.HomePage.<init>(HomePage.java:41)
at com.migrosWeb.test.pages.BasketPage.<init>(BasketPage.java:37)
at com.migrosWeb.test.pages.HomePage.<init>(HomePage.java:41)
at com.migrosWeb.test.pages.BasketPage.<init>(BasketPage.java:37)
at com.migrosWeb.test.pages.HomePage.<init>(HomePage.java:41)
at com.migrosWeb.test.pages.BasketPage.<init>(BasketPage.java:37)
at com.migrosWeb.test.pages.HomePage.<init>(HomePage.java:41)
at com.migrosWeb.test.pages.BasketPage.<init>(BasketPage.java:37)
at com.migrosWeb.test.pages.HomePage.<init>(HomePage.java:41)
at com.migrosWeb.test.pages.BasketPage.<init>(BasketPage.java:37)
at com.migrosWeb.test.pages.HomePage.<init>(HomePage.java:41)
at com.migrosWeb.test.pages.BasketPage.<init>(BasketPage.java:37)
at com.migrosWeb.test.pages.HomePage.<init>(HomePage.java:41)
at com.migrosWeb.test.pages.BasketPage.<init>(BasketPage.java:37)
at com.migrosWeb.test.pages.HomePage.<init>(HomePage.java:41)
at com.migrosWeb.test.pages.BasketPage.<init>(BasketPage.java:37)
at com.migrosWeb.test.pages.HomePage.<init>(HomePage.java:41)
at com.migrosWeb.test.pages.BasketPage.<init>(BasketPage.java:37)
at com.migrosWeb.test.pages.HomePage.<init>(HomePage.java:41)
at com.migrosWeb.test.pages.BasketPage.<init>(BasketPage.java:37)
at com.migrosWeb.test.pages.HomePage.<init>(HomePage.java:41)
at com.migrosWeb.test.pages.BasketPage.<init>(BasketPage.java:37)
at com.migrosWeb.test.pages.HomePage.<init>(HomePage.java:41)
at com.migrosWeb.test.pages.BasketPage.<init>(BasketPage.java:37)
at com.migrosWeb.test.pages.HomePage.<init>(HomePage.java:41)
at com.migrosWeb.test.pages.BasketPage.<init>(BasketPage.java:37)
at com.migrosWeb.test.pages.HomePage.<init>(HomePage.java:41)
at com.migrosWeb.test.pages.BasketPage.<init>(BasketPage.java:37)
at com.migrosWeb.test.pages.HomePage.<init>(HomePage.java:41)
at com.migrosWeb.test.pages.BasketPage.<init>(BasketPage.java:37)
at com.migrosWeb.test.pages.HomePage.<init>(HomePage.java:41)
at com.migrosWeb.test.pages.BasketPage.<init>(BasketPage.java:37)
at com.migrosWeb.test.pages.HomePage.<init>(HomePage.java:41)
at com.migrosWeb.test.pages.BasketPage.<init>(BasketPage.java:37)
at com.migrosWeb.test.pages.HomePage.<init>(HomePage.java:41)
at com.migrosWeb.test.pages.BasketPage.<init>(BasketPage.java:37)
at com.migrosWeb.test.pages.HomePage.<init>(HomePage.java:41)
at com.migrosWeb.test.pages.BasketPage.<init>(BasketPage.java:37)
at com.migrosWeb.test.pages.HomePage.<init>(HomePage.java:41)
at com.migrosWeb.test.pages.BasketPage.<init>(BasketPage.java:37)
at com.migrosWeb.test.pages.HomePage.<init>(HomePage.java:41)
at com.migrosWeb.test.pages.BasketPage.<init>(BasketPage.java:37)
at com.migrosWeb.test.pages.HomePage.<init>(HomePage.java:41)
at com.migrosWeb.test.pages.BasketPage.<init>(BasketPage.java:37)
at com.migrosWeb.test.pages.HomePage.<init>(HomePage.java:41)
at com.migrosWeb.test.pages.BasketPage.<init>(BasketPage.java:37)
at com.migrosWeb.test.pages.HomePage.<init>(HomePage.java:41)
at com.migrosWeb.test.pages.BasketPage.<init>(BasketPage.java:37)
at com.migrosWeb.test.pages.HomePage.<init>(HomePage.java:41)
at com.migrosWeb.test.pages.BasketPage.<init>(BasketPage.java:37)
at com.migrosWeb.test.pages.HomePage.<init>(HomePage.java:41)
at com.migrosWeb.test.pages.BasketPage.<init>(BasketPage.java:37)
at com.migrosWeb.test.pages.HomePage.<init>(HomePage.java:41)
at com.migrosWeb.test.pages.BasketPage.<init>(BasketPage.java:37)
at com.migrosWeb.test.pages.HomePage.<init>(HomePage.java:41)
at com.migrosWeb.test.pages.BasketPage.<init>(BasketPage.java:37)
at com.migrosWeb.test.pages.HomePage.<init>(HomePage.java:41)
at com.migrosWeb.test.pages.BasketPage.<init>(BasketPage.java:37)
at com.migrosWeb.test.pages.HomePage.<init>(HomePage.java:41)
at com.migrosWeb.test.pages.BasketPage.<init>(BasketPage.java:37)
at com.migrosWeb.test.pages.HomePage.<init>(HomePage.java:41)
at com.migrosWeb.test.pages.BasketPage.<init>(BasketPage.java:37)
at com.migrosWeb.test.pages.HomePage.<init>(HomePage.java:41)
at com.migrosWeb.test.pages.BasketPage.<init>(BasketPage.java:37)
at com.migrosWeb.test.pages.HomePage.<init>(HomePage.java:41)
at com.migrosWeb.test.pages.BasketPage.<init>(BasketPage.java:37)
at com.migrosWeb.test.pages.HomePage.<init>(HomePage.java:41)
at com.migrosWeb.test.pages.BasketPage.<init>(BasketPage.java:37)
at com.migrosWeb.test.pages.HomePage.<init>(HomePage.java:41)
at com.migrosWeb.test.pages.BasketPage.<init>(BasketPage.java:37)
at com.migrosWeb.test.pages.HomePage.<init>(HomePage.java:41)
at com.migrosWeb.test.pages.BasketPage.<init>(BasketPage.java:37)
at com.migrosWeb.test.pages.HomePage.<init>(HomePage.java:41)
at com.migrosWeb.test.pages.BasketPage.<init>(BasketPage.java:37)
at com.migrosWeb.test.pages.HomePage.<init>(HomePage.java:41)
at com.migrosWeb.test.pages.BasketPage.<init>(BasketPage.java:37)
at com.migrosWeb.test.pages.HomePage.<init>(HomePage.java:41)
at com.migrosWeb.test.pages.BasketPage.<init>(BasketPage.java:37)
at com.migrosWeb.test.pages.HomePage.<init>(HomePage.java:41)
at com.migrosWeb.test.pages.BasketPage.<init>(BasketPage.java:37)
at com.migrosWeb.test.pages.HomePage.<init>(HomePage.java:41)
at com.migrosWeb.test.pages.BasketPage.<init>(BasketPage.java:37)
at com.migrosWeb.test.pages.HomePage.<init>(HomePage.java:41)
at com.migrosWeb.test.pages.BasketPage.<init>(BasketPage.java:37)
at com.migrosWeb.test.pages.HomePage.<init>(HomePage.java:41)
at com.migrosWeb.test.pages.BasketPage.<init>(BasketPage.java:37)
at com.migrosWeb.test.pages.HomePage.<init>(HomePage.java:41)
at com.migrosWeb.test.pages.BasketPage.<init>(BasketPage.java:37)
at com.migrosWeb.test.pages.HomePage.<init>(HomePage.java:41)
at com.migrosWeb.test.pages.BasketPage.<init>(BasketPage.java:37)
at com.migrosWeb.test.pages.HomePage.<init>(HomePage.java:41)
at com.migrosWeb.test.pages.BasketPage.<init>(BasketPage.java:37)
at com.migrosWeb.test.pages.HomePage.<init>(HomePage.java:41)
at com.migrosWeb.test.pages.BasketPage.<init>(BasketPage.java:37)
at com.migrosWeb.test.pages.HomePage.<init>(HomePage.java:41)
at com.migrosWeb.test.pages.BasketPage.<init>(BasketPage.java:37)
at com.migrosWeb.test.pages.HomePage.<init>(HomePage.java:41)
at com.migrosWeb.test.pages.BasketPage.<init>(BasketPage.java:37)
at com.migrosWeb.test.pages.HomePage.<init>(HomePage.java:41)
at com.migrosWeb.test.pages.BasketPage.<init>(BasketPage.java:37)
at com.migrosWeb.test.pages.HomePage.<init>(HomePage.java:41)
at com.migrosWeb.test.pages.BasketPage.<init>(BasketPage.java:37)
at com.migrosWeb.test.pages.HomePage.<init>(HomePage.java:41)
at com.migrosWeb.test.pages.BasketPage.<init>(BasketPage.java:37)
at com.migrosWeb.test.pages.HomePage.<init>(HomePage.java:41)
at com.migrosWeb.test.pages.BasketPage.<init>(BasketPage.java:37)
at com.migrosWeb.test.pages.HomePage.<init>(HomePage.java:41)
at com.migrosWeb.test.pages.BasketPage.<init>(BasketPage.java:37)
at com.migrosWeb.test.pages.HomePage.<init>(HomePage.java:41)
at com.migrosWeb.test.pages.BasketPage.<init>(BasketPage.java:37)
at com.migrosWeb.test.pages.HomePage.<init>(HomePage.java:41)
at com.migrosWeb.test.pages.BasketPage.<init>(BasketPage.java:37)
at com.migrosWeb.test.pages.HomePage.<init>(HomePage.java:41)
at com.migrosWeb.test.pages.BasketPage.<init>(BasketPage.java:37)
at com.migrosWeb.test.pages.HomePage.<init>(HomePage.java:41)
at com.migrosWeb.test.pages.BasketPage.<init>(BasketPage.java:37)
at com.migrosWeb.test.pages.HomePage.<init>(HomePage.java:41)
at com.migrosWeb.test.pages.BasketPage.<init>(BasketPage.java:37)
at com.migrosWeb.test.pages.HomePage.<init>(HomePage.java:41)
at com.migrosWeb.test.pages.BasketPage.<init>(BasketPage.java:37)
at com.migrosWeb.test.pages.HomePage.<init>(HomePage.java:41)
at com.migrosWeb.test.pages.BasketPage.<init>(BasketPage.java:37)
at com.migrosWeb.test.pages.HomePage.<init>(HomePage.java:41)
at com.migrosWeb.test.pages.BasketPage.<init>(BasketPage.java:37)
at com.migrosWeb.test.pages.HomePage.<init>(HomePage.java:41)
at com.migrosWeb.test.pages.BasketPage.<init>(BasketPage.java:37)
at com.migrosWeb.test.pages.HomePage.<init>(HomePage.java:41)
at com.migrosWeb.test.pages.BasketPage.<init>(BasketPage.java:37)
at com.migrosWeb.test.pages.HomePage.<init>(HomePage.java:41)
at com.migrosWeb.test.pages.BasketPage.<init>(BasketPage.java:37)
at com.migrosWeb.test.pages.HomePage.<init>(HomePage.java:41)
at com.migrosWeb.test.pages.BasketPage.<init>(BasketPage.java:37)
at com.migrosWeb.test.pages.HomePage.<init>(HomePage.java:41)
at com.migrosWeb.test.pages.BasketPage.<init>(BasketPage.java:37)
at com.migrosWeb.test.pages.HomePage.<init>(HomePage.java:41)
at com.migrosWeb.test.pages.BasketPage.<init>(BasketPage.java:37)
at com.migrosWeb.test.pages.HomePage.<init>(HomePage.java:41)
at com.migrosWeb.test.pages.BasketPage.<init>(BasketPage.java:37)
at com.migrosWeb.test.pages.HomePage.<init>(HomePage.java:41)
at com.migrosWeb.test.pages.BasketPage.<init>(BasketPage.java:37)
at com.migrosWeb.test.pages.HomePage.<init>(HomePage.java:41)
at com.migrosWeb.test.pages.BasketPage.<init>(BasketPage.java:37)
at com.migrosWeb.test.pages.HomePage.<init>(HomePage.java:41)
at com.migrosWeb.test.pages.BasketPage.<init>(BasketPage.java:37)
at com.migrosWeb.test.pages.HomePage.<init>(HomePage.java:41)
at com.migrosWeb.test.pages.BasketPage.<init>(BasketPage.java:37)
at com.migrosWeb.test.pages.HomePage.<init>(HomePage.java:41)
at com.migrosWeb.test.pages.BasketPage.<init>(BasketPage.java:37)
at com.migrosWeb.test.pages.HomePage.<init>(HomePage.java:41)
at com.migrosWeb.test.pages.BasketPage.<init>(BasketPage.java:37)
at com.migrosWeb.test.pages.HomePage.<init>(HomePage.java:41)
at com.migrosWeb.test.pages.BasketPage.<init>(BasketPage.java:37)
at com.migrosWeb.test.pages.HomePage.<init>(HomePage.java:41)
at com.migrosWeb.test.pages.BasketPage.<init>(BasketPage.java:37)
at com.migrosWeb.test.pages.HomePage.<init>(HomePage.java:41)
at com.migrosWeb.test.pages.BasketPage.<init>(BasketPage.java:37)
at com.migrosWeb.test.pages.HomePage.<init>(HomePage.java:41)
at com.migrosWeb.test.pages.BasketPage.<init>(BasketPage.java:37)
at com.migrosWeb.test.pages.HomePage.<init>(HomePage.java:41)
at com.migrosWeb.test.pages.BasketPage.<init>(BasketPage.java:37)
at com.migrosWeb.test.pages.HomePage.<init>(HomePage.java:41)
at com.migrosWeb.test.pages.BasketPage.<init>(BasketPage.java:37)
at com.migrosWeb.test.pages.HomePage.<init>(HomePage.java:41)
at com.migrosWeb.test.pages.BasketPage.<init>(BasketPage.java:37)
at com.migrosWeb.test.pages.HomePage.<init>(HomePage.java:41)
at com.migrosWeb.test.pages.BasketPage.<init>(BasketPage.java:37)
at com.migrosWeb.test.pages.HomePage.<init>(HomePage.java:41)
at com.migrosWeb.test.pages.BasketPage.<init>(BasketPage.java:37)
at com.migrosWeb.test.pages.HomePage.<init>(HomePage.java:41)
at com.migrosWeb.test.pages.BasketPage.<init>(BasketPage.java:37)
at com.migrosWeb.test.pages.HomePage.<init>(HomePage.java:41)
at com.migrosWeb.test.pages.BasketPage.<init>(BasketPage.java:37)
at com.migrosWeb.test.pages.HomePage.<init>(HomePage.java:41)
at com.migrosWeb.test.pages.BasketPage.<init>(BasketPage.java:37)
at com.migrosWeb.test.pages.HomePage.<init>(HomePage.java:41)
at com.migrosWeb.test.pages.BasketPage.<init>(BasketPage.java:37)
at com.migrosWeb.test.pages.HomePage.<init>(HomePage.java:41)
at com.migrosWeb.test.pages.BasketPage.<init>(BasketPage.java:37)
at com.migrosWeb.test.pages.HomePage.<init>(HomePage.java:41)
at com.migrosWeb.test.pages.BasketPage.<init>(BasketPage.java:37)
at com.migrosWeb.test.pages.HomePage.<init>(HomePage.java:41)
at com.migrosWeb.test.pages.BasketPage.<init>(BasketPage.java:37)
at com.migrosWeb.test.pages.HomePage.<init>(HomePage.java:41)
at com.migrosWeb.test.pages.BasketPage.<init>(BasketPage.java:37)
at com.migrosWeb.test.pages.HomePage.<init>(HomePage.java:41)
at com.migrosWeb.test.pages.BasketPage.<init>(BasketPage.java:37)
at com.migrosWeb.test.pages.HomePage.<init>(HomePage.java:41)
at com.migrosWeb.test.pages.BasketPage.<init>(BasketPage.java:37)
at com.migrosWeb.test.pages.HomePage.<init>(HomePage.java:41)
at com.migrosWeb.test.pages.BasketPage.<init>(BasketPage.java:37)
at com.migrosWeb.test.pages.HomePage.<init>(HomePage.java:41)
at com.migrosWeb.test.pages.BasketPage.<init>(BasketPage.java:37)
at com.migrosWeb.test.pages.HomePage.<init>(HomePage.java:41)
at com.migrosWeb.test.pages.BasketPage.<init>(BasketPage.java:37)
at com.migrosWeb.test.pages.HomePage.<init>(HomePage.java:41)
at com.migrosWeb.test.pages.BasketPage.<init>(BasketPage.java:37)
at com.migrosWeb.test.pages.HomePage.<init>(HomePage.java:41)
at com.migrosWeb.test.pages.BasketPage.<init>(BasketPage.java:37)
at com.migrosWeb.test.pages.HomePage.<init>(HomePage.java:41)
at com.migrosWeb.test.pages.BasketPage.<init>(BasketPage.java:37)
at com.migrosWeb.test.pages.HomePage.<init>(HomePage.java:41)
at com.migrosWeb.test.pages.BasketPage.<init>(BasketPage.java:37)
at com.migrosWeb.test.pages.HomePage.<init>(HomePage.java:41)
at com.migrosWeb.test.pages.BasketPage.<init>(BasketPage.java:37)
at com.migrosWeb.test.pages.HomePage.<init>(HomePage.java:41)
at com.migrosWeb.test.pages.BasketPage.<init>(BasketPage.java:37)
at com.migrosWeb.test.pages.HomePage.<init>(HomePage.java:41)
at com.migrosWeb.test.pages.BasketPage.<init>(BasketPage.java:37)
at com.migrosWeb.test.pages.HomePage.<init>(HomePage.java:41)
at com.migrosWeb.test.pages.BasketPage.<init>(BasketPage.java:37)
at com.migrosWeb.test.pages.HomePage.<init>(HomePage.java:41)
at com.migrosWeb.test.pages.BasketPage.<init>(BasketPage.java:37)
at com.migrosWeb.test.pages.HomePage.<init>(HomePage.java:41)
at com.migrosWeb.test.pages.BasketPage.<init>(BasketPage.java:37)
at com.migrosWeb.test.pages.HomePage.<init>(HomePage.java:41)
at com.migrosWeb.test.pages.BasketPage.<init>(BasketPage.java:37)
at com.migrosWeb.test.pages.HomePage.<init>(HomePage.java:41)
at com.migrosWeb.test.pages.BasketPage.<init>(BasketPage.java:37)
at com.migrosWeb.test.pages.HomePage.<init>(HomePage.java:41)
at com.migrosWeb.test.pages.BasketPage.<init>(BasketPage.java:37)
at com.migrosWeb.test.pages.HomePage.<init>(HomePage.java:41)
at com.migrosWeb.test.pages.BasketPage.<init>(BasketPage.java:37)
at com.migrosWeb.test.pages.HomePage.<init>(HomePage.java:41)
at com.migrosWeb.test.pages.BasketPage.<init>(BasketPage.java:37)
at com.migrosWeb.test.pages.HomePage.<init>(HomePage.java:41)
at com.migrosWeb.test.pages.BasketPage.<init>(BasketPage.java:37)
at com.migrosWeb.test.pages.HomePage.<init>(HomePage.java:41)
at com.migrosWeb.test.pages.BasketPage.<init>(BasketPage.java:37)
at com.migrosWeb.test.pages.HomePage.<init>(HomePage.java:41)
at com.migrosWeb.test.pages.BasketPage.<init>(BasketPage.java:37)
at com.migrosWeb.test.pages.HomePage.<init>(HomePage.java:41)
at com.migrosWeb.test.pages.BasketPage.<init>(BasketPage.java:37)
at com.migrosWeb.test.pages.HomePage.<init>(HomePage.java:41)
at com.migrosWeb.test.pages.BasketPage.<init>(BasketPage.java:37)
at com.migrosWeb.test.pages.HomePage.<init>(HomePage.java:41)
at com.migrosWeb.test.pages.BasketPage.<init>(BasketPage.java:37)
at com.migrosWeb.test.pages.HomePage.<init>(HomePage.java:41)
at com.migrosWeb.test.pages.BasketPage.<init>(BasketPage.java:37)
at com.migrosWeb.test.pages.HomePage.<init>(HomePage.java:41)
at com.migrosWeb.test.pages.BasketPage.<init>(BasketPage.java:37)
at com.migrosWeb.test.pages.HomePage.<init>(HomePage.java:41)
at com.migrosWeb.test.pages.BasketPage.<init>(BasketPage.java:37)
at com.migrosWeb.test.pages.HomePage.<init>(HomePage.java:41)
at com.migrosWeb.test.pages.BasketPage.<init>(BasketPage.java:37)
at com.migrosWeb.test.pages.HomePage.<init>(HomePage.java:41)
at com.migrosWeb.test.pages.BasketPage.<init>(BasketPage.java:37)
at com.migrosWeb.test.pages.HomePage.<init>(HomePage.java:41)
at com.migrosWeb.test.pages.BasketPage.<init>(BasketPage.java:37)
at com.migrosWeb.test.pages.HomePage.<init>(HomePage.java:41)
at com.migrosWeb.test.pages.BasketPage.<init>(BasketPage.java:37)
at com.migrosWeb.test.pages.HomePage.<init>(HomePage.java:41)
at com.migrosWeb.test.pages.BasketPage.<init>(BasketPage.java:37)
at com.migrosWeb.test.pages.HomePage.<init>(HomePage.java:41)
at com.migrosWeb.test.pages.BasketPage.<init>(BasketPage.java:37)
at com.migrosWeb.test.pages.HomePage.<init>(HomePage.java:41)
at com.migrosWeb.test.pages.BasketPage.<init>(BasketPage.java:37)
at com.migrosWeb.test.pages.HomePage.<init>(HomePage.java:41)
at com.migrosWeb.test.pages.BasketPage.<init>(BasketPage.java:37)
at com.migrosWeb.test.pages.HomePage.<init>(HomePage.java:41)
at com.migrosWeb.test.pages.BasketPage.<init>(BasketPage.java:37)
at com.migrosWeb.test.pages.HomePage.<init>(HomePage.java:41)
at com.migrosWeb.test.pages.BasketPage.<init>(BasketPage.java:37)
at com.migrosWeb.test.pages.HomePage.<init>(HomePage.java:41)
at com.migrosWeb.test.pages.BasketPage.<init>(BasketPage.java:37)
at com.migrosWeb.test.pages.HomePage.<init>(HomePage.java:41)
at com.migrosWeb.test.pages.BasketPage.<init>(BasketPage.java:37)
at com.migrosWeb.test.pages.HomePage.<init>(HomePage.java:41)
at com.migrosWeb.test.pages.BasketPage.<init>(BasketPage.java:37)
at com.migrosWeb.test.pages.HomePage.<init>(HomePage.java:41)
at com.migrosWeb.test.pages.BasketPage.<init>(BasketPage.java:37)
at com.migrosWeb.test.pages.HomePage.<init>(HomePage.java:41)
at com.migrosWeb.test.pages.BasketPage.<init>(BasketPage.java:37)
at com.migrosWeb.test.pages.HomePage.<init>(HomePage.java:41)
at com.migrosWeb.test.pages.BasketPage.<init>(BasketPage.java:37)
at com.migrosWeb.test.pages.HomePage.<init>(HomePage.java:41)
at com.migrosWeb.test.pages.BasketPage.<init>(BasketPage.java:37)
at com.migrosWeb.test.pages.HomePage.<init>(HomePage.java:41)
at com.migrosWeb.test.pages.BasketPage.<init>(BasketPage.java:37)
at com.migrosWeb.test.pages.HomePage.<init>(HomePage.java:41)
at com.migrosWeb.test.pages.BasketPage.<init>(BasketPage.java:37)
at com.migrosWeb.test.pages.HomePage.<init>(HomePage.java:41)
at com.migrosWeb.test.pages.BasketPage.<init>(BasketPage.java:37)
at com.migrosWeb.test.pages.HomePage.<init>(HomePage.java:41)
at com.migrosWeb.test.pages.BasketPage.<init>(BasketPage.java:37)
at com.migrosWeb.test.pages.HomePage.<init>(HomePage.java:41)
at com.migrosWeb.test.pages.BasketPage.<init>(BasketPage.java:37)
at com.migrosWeb.test.pages.HomePage.<init>(HomePage.java:41)
at com.migrosWeb.test.pages.BasketPage.<init>(BasketPage.java:37)
at com.migrosWeb.test.pages.HomePage.<init>(HomePage.java:41)
at com.migrosWeb.test.pages.BasketPage.<init>(BasketPage.java:37)
at com.migrosWeb.test.pages.HomePage.<init>(HomePage.java:41)
at com.migrosWeb.test.pages.BasketPage.<init>(BasketPage.java:37)
at com.migrosWeb.test.pages.HomePage.<init>(HomePage.java:41)
at com.migrosWeb.test.pages.BasketPage.<init>(BasketPage.java:37)
at com.migrosWeb.test.pages.HomePage.<init>(HomePage.java:41)
at com.migrosWeb.test.pages.BasketPage.<init>(BasketPage.java:37)
at com.migrosWeb.test.pages.HomePage.<init>(HomePage.java:41)
at com.migrosWeb.test.pages.BasketPage.<init>(BasketPage.java:37)
at com.migrosWeb.test.pages.HomePage.<init>(HomePage.java:41)
at com.migrosWeb.test.pages.BasketPage.<init>(BasketPage.java:37)
at com.migrosWeb.test.pages.HomePage.<init>(HomePage.java:41)
at com.migrosWeb.test.pages.BasketPage.<init>(BasketPage.java:37)
at com.migrosWeb.test.pages.HomePage.<init>(HomePage.java:41)
at com.migrosWeb.test.pages.BasketPage.<init>(BasketPage.java:37)
at com.migrosWeb.test.pages.HomePage.<init>(HomePage.java:41)
at com.migrosWeb.test.pages.BasketPage.<init>(BasketPage.java:37)
at com.migrosWeb.test.pages.HomePage.<init>(HomePage.java:41)
at com.migrosWeb.test.pages.BasketPage.<init>(BasketPage.java:37)
at com.migrosWeb.test.pages.HomePage.<init>(HomePage.java:41)
at com.migrosWeb.test.pages.BasketPage.<init>(BasketPage.java:37)
at com.migrosWeb.test.pages.HomePage.<init>(HomePage.java:41)
at com.migrosWeb.test.pages.BasketPage.<init>(BasketPage.java:37)
at com.migrosWeb.test.pages.HomePage.<init>(HomePage.java:41)
at com.migrosWeb.test.pages.BasketPage.<init>(BasketPage.java:37)
at com.migrosWeb.test.pages.HomePage.<init>(HomePage.java:41)
at com.migrosWeb.test.pages.BasketPage.<init>(BasketPage.java:37)
at com.migrosWeb.test.pages.HomePage.<init>(HomePage.java:41)
at com.migrosWeb.test.pages.BasketPage.<init>(BasketPage.java:37)
at com.migrosWeb.test.pages.HomePage.<init>(HomePage.java:41)
at com.migrosWeb.test.pages.BasketPage.<init>(BasketPage.java:37)
at com.migrosWeb.test.pages.HomePage.<init>(HomePage.java:41)
at com.migrosWeb.test.pages.BasketPage.<init>(BasketPage.java:37)
at com.migrosWeb.test.pages.HomePage.<init>(HomePage.java:41)
at com.migrosWeb.test.pages.BasketPage.<init>(BasketPage.java:37)
at com.migrosWeb.test.pages.HomePage.<init>(HomePage.java:41)
at com.migrosWeb.test.pages.BasketPage.<init>(BasketPage.java:37)
at com.migrosWeb.test.pages.HomePage.<init>(HomePage.java:41)
at com.migrosWeb.test.pages.BasketPage.<init>(BasketPage.java:37)
at com.migrosWeb.test.pages.HomePage.<init>(HomePage.java:41)
at com.migrosWeb.test.pages.BasketPage.<init>(BasketPage.java:37)
at com.migrosWeb.test.pages.HomePage.<init>(HomePage.java:41)
at com.migrosWeb.test.pages.BasketPage.<init>(BasketPage.java:37)
at com.migrosWeb.test.pages.HomePage.<init>(HomePage.java:41)
at com.migrosWeb.test.pages.BasketPage.<init>(BasketPage.java:37)
at com.migrosWeb.test.pages.HomePage.<init>(HomePage.java:41)
at com.migrosWeb.test.pages.BasketPage.<init>(BasketPage.java:37)
at com.migrosWeb.test.pages.HomePage.<init>(HomePage.java:41)
at com.migrosWeb.test.pages.BasketPage.<init>(BasketPage.java:37)
at com.migrosWeb.test.pages.HomePage.<init>(HomePage.java:41)
at com.migrosWeb.test.pages.BasketPage.<init>(BasketPage.java:37)
at com.migrosWeb.test.pages.HomePage.<init>(HomePage.java:41)
at com.migrosWeb.test.pages.BasketPage.<init>(BasketPage.java:37)
at com.migrosWeb.test.pages.HomePage.<init>(HomePage.java:41)
at com.migrosWeb.test.pages.BasketPage.<init>(BasketPage.java:37)
at com.migrosWeb.test.pages.HomePage.<init>(HomePage.java:41)
at com.migrosWeb.test.pages.BasketPage.<init>(BasketPage.java:37)
at com.migrosWeb.test.pages.HomePage.<init>(HomePage.java:41)
at com.migrosWeb.test.pages.BasketPage.<init>(BasketPage.java:37)
at com.migrosWeb.test.pages.HomePage.<init>(HomePage.java:41)
at com.migrosWeb.test.pages.BasketPage.<init>(BasketPage.java:37)
at com.migrosWeb.test.pages.HomePage.<init>(HomePage.java:41)
at com.migrosWeb.test.pages.BasketPage.<init>(BasketPage.java:37)
at com.migrosWeb.test.pages.HomePage.<init>(HomePage.java:41)
at com.migrosWeb.test.pages.BasketPage.<init>(BasketPage.java:37)
at com.migrosWeb.test.pages.HomePage.<init>(HomePage.java:41)
at com.migrosWeb.test.pages.BasketPage.<init>(BasketPage.java:37)
at com.migrosWeb.test.pages.HomePage.<init>(HomePage.java:41)
at com.migrosWeb.test.pages.BasketPage.<init>(BasketPage.java:37)
at com.migrosWeb.test.pages.HomePage.<init>(HomePage.java:41)
at com.migrosWeb.test.pages.BasketPage.<init>(BasketPage.java:37)
at com.migrosWeb.test.pages.HomePage.<init>(HomePage.java:41)
at com.migrosWeb.test.pages.BasketPage.<init>(BasketPage.java:37)
at com.migrosWeb.test.pages.HomePage.<init>(HomePage.java:41)
at com.migrosWeb.test.pages.BasketPage.<init>(BasketPage.java:37)
at com.migrosWeb.test.pages.HomePage.<init>(HomePage.java:41)
at com.migrosWeb.test.pages.BasketPage.<init>(BasketPage.java:37)
at com.migrosWeb.test.pages.HomePage.<init>(HomePage.java:41)
at com.migrosWeb.test.pages.BasketPage.<init>(BasketPage.java:37)
at com.migrosWeb.test.pages.HomePage.<init>(HomePage.java:41)
at com.migrosWeb.test.pages.BasketPage.<init>(BasketPage.java:37)
at com.migrosWeb.test.pages.HomePage.<init>(HomePage.java:41)
at com.migrosWeb.test.pages.BasketPage.<init>(BasketPage.java:37)
at com.migrosWeb.test.pages.HomePage.<init>(HomePage.java:41)
at com.migrosWeb.test.pages.BasketPage.<init>(BasketPage.java:37)
at com.migrosWeb.test.pages.HomePage.<init>(HomePage.java:41)
at com.migrosWeb.test.pages.BasketPage.<init>(BasketPage.java:37)
at com.migrosWeb.test.pages.HomePage.<init>(HomePage.java:41)
at com.migrosWeb.test.pages.BasketPage.<init>(BasketPage.java:37)
at com.migrosWeb.test.pages.HomePage.<init>(HomePage.java:41)
at com.migrosWeb.test.pages.BasketPage.<init>(BasketPage.java:37)
at com.migrosWeb.test.pages.HomePage.<init>(HomePage.java:41)
at com.migrosWeb.test.pages.BasketPage.<init>(BasketPage.java:37)
at com.migrosWeb.test.pages.HomePage.<init>(HomePage.java:41)
at com.migrosWeb.test.pages.BasketPage.<init>(BasketPage.java:37)
at com.migrosWeb.test.pages.HomePage.<init>(HomePage.java:41)
at com.migrosWeb.test.pages.BasketPage.<init>(BasketPage.java:37)
at com.migrosWeb.test.pages.HomePage.<init>(HomePage.java:41)
at com.migrosWeb.test.pages.BasketPage.<init>(BasketPage.java:37)
at com.migrosWeb.test.pages.HomePage.<init>(HomePage.java:41)
at com.migrosWeb.test.pages.BasketPage.<init>(BasketPage.java:37)
at com.migrosWeb.test.pages.HomePage.<init>(HomePage.java:41)
at com.migrosWeb.test.pages.BasketPage.<init>(BasketPage.java:37)
at com.migrosWeb.test.pages.HomePage.<init>(HomePage.java:41)
at com.migrosWeb.test.pages.BasketPage.<init>(BasketPage.java:37)
at com.migrosWeb.test.pages.HomePage.<init>(HomePage.java:41)
at com.migrosWeb.test.pages.BasketPage.<init>(BasketPage.java:37)
at com.migrosWeb.test.pages.HomePage.<init>(HomePage.java:41)
at com.migrosWeb.test.pages.BasketPage.<init>(BasketPage.java:37)
at com.migrosWeb.test.pages.HomePage.<init>(HomePage.java:41)
at com.migrosWeb.test.pages.BasketPage.<init>(BasketPage.java:37)
at com.migrosWeb.test.pages.HomePage.<init>(HomePage.java:41)
at com.migrosWeb.test.pages.BasketPage.<init>(BasketPage.java:37)
at com.migrosWeb.test.pages.HomePage.<init>(HomePage.java:41)
at com.migrosWeb.test.pages.BasketPage.<init>(BasketPage.java:37)
at com.migrosWeb.test.pages.HomePage.<init>(HomePage.java:41)
at com.migrosWeb.test.pages.BasketPage.<init>(BasketPage.java:37)
at com.migrosWeb.test.pages.HomePage.<init>(HomePage.java:41)
at com.migrosWeb.test.pages.BasketPage.<init>(BasketPage.java:37)
at com.migrosWeb.test.pages.HomePage.<init>(HomePage.java:41)
at com.migrosWeb.test.pages.BasketPage.<init>(BasketPage.java:37)
at com.migrosWeb.test.pages.HomePage.<init>(HomePage.java:41)
at com.migrosWeb.test.pages.BasketPage.<init>(BasketPage.java:37)
at com.migrosWeb.test.pages.HomePage.<init>(HomePage.java:41)
at com.migrosWeb.test.pages.BasketPage.<init>(BasketPage.java:37)
at com.migrosWeb.test.pages.HomePage.<init>(HomePage.java:41)
at com.migrosWeb.test.pages.BasketPage.<init>(BasketPage.java:37)
at com.migrosWeb.test.pages.HomePage.<init>(HomePage.java:41)
at com.migrosWeb.test.pages.BasketPage.<init>(BasketPage.java:37)
at com.migrosWeb.test.pages.HomePage.<init>(HomePage.java:41)
at com.migrosWeb.test.pages.BasketPage.<init>(BasketPage.java:37)
at com.migrosWeb.test.pages.HomePage.<init>(HomePage.java:41)
at com.migrosWeb.test.pages.BasketPage.<init>(BasketPage.java:37)
at com.migrosWeb.test.pages.HomePage.<init>(HomePage.java:41)
at com.migrosWeb.test.pages.BasketPage.<init>(BasketPage.java:37)
at com.migrosWeb.test.pages.HomePage.<init>(HomePage.java:41)
at com.migrosWeb.test.pages.BasketPage.<init>(BasketPage.java:37)
at com.migrosWeb.test.pages.HomePage.<init>(HomePage.java:41)
at com.migrosWeb.test.pages.BasketPage.<init>(BasketPage.java:37)
at com.migrosWeb.test.pages.HomePage.<init>(HomePage.java:41)
at com.migrosWeb.test.pages.BasketPage.<init>(BasketPage.java:37)
at com.migrosWeb.test.pages.HomePage.<init>(HomePage.java:41)
at com.migrosWeb.test.pages.BasketPage.<init>(BasketPage.java:37)
at com.migrosWeb.test.pages.HomePage.<init>(HomePage.java:41)
at com.migrosWeb.test.pages.BasketPage.<init>(BasketPage.java:37)
at com.migrosWeb.test.pages.HomePage.<init>(HomePage.java:41)
at com.migrosWeb.test.pages.BasketPage.<init>(BasketPage.java:37)
at com.migrosWeb.test.pages.HomePage.<init>(HomePage.java:41)
at com.migrosWeb.test.pages.BasketPage.<init>(BasketPage.java:37)
at com.migrosWeb.test.pages.HomePage.<init>(HomePage.java:41)
at com.migrosWeb.test.pages.BasketPage.<init>(BasketPage.java:37)
at com.migrosWeb.test.pages.HomePage.<init>(HomePage.java:41)
at com.migrosWeb.test.pages.BasketPage.<init>(BasketPage.java:37)
at com.migrosWeb.test.pages.HomePage.<init>(HomePage.java:41)
at com.migrosWeb.test.pages.BasketPage.<init>(BasketPage.java:37)
at com.migrosWeb.test.pages.HomePage.<init>(HomePage.java:41)
at com.migrosWeb.test.pages.BasketPage.<init>(BasketPage.java:37)
at com.migrosWeb.test.pages.HomePage.<init>(HomePage.java:41)
at com.migrosWeb.test.pages.BasketPage.<init>(BasketPage.java:37)
at com.migrosWeb.test.pages.HomePage.<init>(HomePage.java:41)
at com.migrosWeb.test.pages.BasketPage.<init>(BasketPage.java:37)
at com.migrosWeb.test.pages.HomePage.<init>(HomePage.java:41)
at com.migrosWeb.test.pages.BasketPage.<init>(BasketPage.java:37)
at com.migrosWeb.test.pages.HomePage.<init>(HomePage.java:41)
at com.migrosWeb.test.pages.BasketPage.<init>(BasketPage.java:37)
at com.migrosWeb.test.pages.HomePage.<init>(HomePage.java:41)
at com.migrosWeb.test.pages.BasketPage.<init>(BasketPage.java:37)
at com.migrosWeb.test.pages.HomePage.<init>(HomePage.java:41)
at com.migrosWeb.test.pages.BasketPage.<init>(BasketPage.java:37)
at com.migrosWeb.test.pages.HomePage.<init>(HomePage.java:41)
at com.migrosWeb.test.pages.BasketPage.<init>(BasketPage.java:37)
at com.migrosWeb.test.pages.HomePage.<init>(HomePage.java:41)
at com.migrosWeb.test.pages.BasketPage.<init>(BasketPage.java:37)
at com.migrosWeb.test.pages.HomePage.<init>(HomePage.java:41)
at com.migrosWeb.test.pages.BasketPage.<init>(BasketPage.java:37)
at com.migrosWeb.test.pages.HomePage.<init>(HomePage.java:41)
at com.migrosWeb.test.pages.BasketPage.<init>(BasketPage.java:37)
at com.migrosWeb.test.pages.HomePage.<init>(HomePage.java:41)
at com.migrosWeb.test.pages.BasketPage.<init>(BasketPage.java:37)
at com.migrosWeb.test.pages.HomePage.<init>(HomePage.java:41)
at com.migrosWeb.test.pages.BasketPage.<init>(BasketPage.java:37)
at com.migrosWeb.test.pages.HomePage.<init>(HomePage.java:41)
at com.migrosWeb.test.pages.BasketPage.<init>(BasketPage.java:37)
at com.migrosWeb.test.pages.HomePage.<init>(HomePage.java:41)
at com.migrosWeb.test.pages.BasketPage.<init>(BasketPage.java:37)
at com.migrosWeb.test.pages.HomePage.<init>(HomePage.java:41)
at com.migrosWeb.test.pages.BasketPage.<init>(BasketPage.java:37)
at com.migrosWeb.test.pages.HomePage.<init>(HomePage.java:41)
at com.migrosWeb.test.pages.BasketPage.<init>(BasketPage.java:37)
at com.migrosWeb.test.pages.HomePage.<init>(HomePage.java:41)
]]>
            </full-stacktrace>
          </exception> <!-- cucumber.runtime.CucumberException -->
          <reporter-output>
          </reporter-output>
        </test-method> <!-- feature -->
        <test-method is-config="true" signature="tearDownClass()[pri:0, instance:com.migrosWeb.test.runner.TestRunner@467aecef]" started-at="2020-05-11T14:38:35 TRT" name="tearDownClass" finished-at="2020-05-11T14:38:35 TRT" duration-ms="125" status="PASS">
          <reporter-output>
          </reporter-output>
        </test-method> <!-- tearDownClass -->
      </class> <!-- com.migrosWeb.test.runner.TestRunner -->
    </test> <!-- Surefire test -->
  </suite> <!-- Surefire suite -->
</testng-results>
