<?xml version="1.0" encoding="UTF-8"?>
<!-- Generated by org.testng.reporters.JUnitXMLReporter -->
<testsuite ignored="0" hostname="odeal" failures="1" tests="1" name="Test" time="5.06" errors="0" timestamp="2020-05-11T14:17:06 TRT">
  <testcase classname="com.migrosWeb.test.runner.TestRunner" name="feature" time="0.21">
    <failure type="cucumber.runtime.CucumberException" message="cucumber.runtime.CucumberException: Failed to instantiate class com.migrosWeb.test.stepdefs.Steps">
      <![CDATA[cucumber.runtime.CucumberException: cucumber.runtime.CucumberException: Failed to instantiate class com.migrosWeb.test.stepdefs.Steps
at cucumber.api.testng.TestNGCucumberRunner.runCucumber(TestNGCucumberRunner.java:69)
at com.migrosWeb.test.runner.TestRunner.feature(TestRunner.java:42)
at java.base/java.util.ArrayList.forEach(ArrayList.java:1540)
Caused by: cucumber.runtime.CucumberException: Failed to instantiate class com.migrosWeb.test.stepdefs.Steps
at cucumber.runtime.java.DefaultJavaObjectFactory.cacheNewInstance(DefaultJavaObjectFactory.java:47)
at cucumber.runtime.java.DefaultJavaObjectFactory.getInstance(DefaultJavaObjectFactory.java:33)
at cucumber.runtime.java.JavaStepDefinition.execute(JavaStepDefinition.java:38)
at cucumber.runtime.StepDefinitionMatch.runStep(StepDefinitionMatch.java:37)
at cucumber.runtime.Runtime.runStep(Runtime.java:300)
at cucumber.runtime.model.StepContainer.runStep(StepContainer.java:44)
at cucumber.runtime.model.StepContainer.runSteps(StepContainer.java:39)
at cucumber.runtime.model.CucumberScenario.run(CucumberScenario.java:44)
at cucumber.runtime.model.CucumberFeature.run(CucumberFeature.java:165)
at cucumber.api.testng.TestNGCucumberRunner.runCucumber(TestNGCucumberRunner.java:63)
... 29 more
at cucumber.runtime.java.DefaultJavaObjectFactory.cacheNewInstance(DefaultJavaObjectFactory.java:41)
... 38 more
Caused by: java.lang.StackOverflowError
at com.migrosWeb.test.pages.BasketPage.<init>(BasketPage.java:37)
at com.migrosWeb.test.pages.HomePage.<init>(HomePage.java:41)
at com.migrosWeb.test.pages.BasketPage.<init>(BasketPage.java:37)
at com.migrosWeb.test.pages.HomePage.<init>(HomePage.java:41)
at com.migrosWeb.test.pages.BasketPage.<init>(BasketPage.java:37)
at com.migrosWeb.test.pages.HomePage.<init>(HomePage.java:41)
at com.migrosWeb.test.pages.BasketPage.<init>(BasketPage.java:37)
at com.migrosWeb.test.pages.HomePage.<init>(HomePage.java:41)
at com.migrosWeb.test.pages.BasketPage.<init>(BasketPage.java:37)
at com.migrosWeb.test.pages.HomePage.<init>(HomePage.java:41)
at com.migrosWeb.test.pages.BasketPage.<init>(BasketPage.java:37)
at com.migrosWeb.test.pages.HomePage.<init>(HomePage.java:41)
at com.migrosWeb.test.pages.BasketPage.<init>(BasketPage.java:37)
at com.migrosWeb.test.pages.HomePage.<init>(HomePage.java:41)
at com.migrosWeb.test.pages.BasketPage.<init>(BasketPage.java:37)
at com.migrosWeb.test.pages.HomePage.<init>(HomePage.java:41)
at com.migrosWeb.test.pages.BasketPage.<init>(BasketPage.java:37)
at com.migrosWeb.test.pages.HomePage.<init>(HomePage.java:41)
at com.migrosWeb.test.pages.BasketPage.<init>(BasketPage.java:37)
at com.migrosWeb.test.pages.HomePage.<init>(HomePage.java:41)
at com.migrosWeb.test.pages.BasketPage.<init>(BasketPage.java:37)
at com.migrosWeb.test.pages.HomePage.<init>(HomePage.java:41)
at com.migrosWeb.test.pages.BasketPage.<init>(BasketPage.java:37)
at com.migrosWeb.test.pages.HomePage.<init>(HomePage.java:41)
at com.migrosWeb.test.pages.BasketPage.<init>(BasketPage.java:37)
at com.migrosWeb.test.pages.HomePage.<init>(HomePage.java:41)
at com.migrosWeb.test.pages.BasketPage.<init>(BasketPage.java:37)
at com.migrosWeb.test.pages.HomePage.<init>(HomePage.java:41)
at com.migrosWeb.test.pages.BasketPage.<init>(BasketPage.java:37)
at com.migrosWeb.test.pages.HomePage.<init>(HomePage.java:41)
at com.migrosWeb.test.pages.BasketPage.<init>(BasketPage.java:37)
at com.migrosWeb.test.pages.HomePage.<init>(HomePage.java:41)
at com.migrosWeb.test.pages.BasketPage.<init>(BasketPage.java:37)
at com.migrosWeb.test.pages.HomePage.<init>(HomePage.java:41)
at com.migrosWeb.test.pages.BasketPage.<init>(BasketPage.java:37)
at com.migrosWeb.test.pages.HomePage.<init>(HomePage.java:41)
at com.migrosWeb.test.pages.BasketPage.<init>(BasketPage.java:37)
at com.migrosWeb.test.pages.HomePage.<init>(HomePage.java:41)
at com.migrosWeb.test.pages.BasketPage.<init>(BasketPage.java:37)
at com.migrosWeb.test.pages.HomePage.<init>(HomePage.java:41)
at com.migrosWeb.test.pages.BasketPage.<init>(BasketPage.java:37)
at com.migrosWeb.test.pages.HomePage.<init>(HomePage.java:41)
at com.migrosWeb.test.pages.BasketPage.<init>(BasketPage.java:37)
at com.migrosWeb.test.pages.HomePage.<init>(HomePage.java:41)
at com.migrosWeb.test.pages.BasketPage.<init>(BasketPage.java:37)
at com.migrosWeb.test.pages.HomePage.<init>(HomePage.java:41)
at com.migrosWeb.test.pages.BasketPage.<init>(BasketPage.java:37)
at com.migrosWeb.test.pages.HomePage.<init>(HomePage.java:41)
at com.migrosWeb.test.pages.BasketPage.<init>(BasketPage.java:37)
at com.migrosWeb.test.pages.HomePage.<init>(HomePage.java:41)
at com.migrosWeb.test.pages.BasketPage.<init>(BasketPage.java:37)
at com.migrosWeb.test.pages.HomePage.<init>(HomePage.java:41)
at com.migrosWeb.test.pages.BasketPage.<init>(BasketPage.java:37)
at com.migrosWeb.test.pages.HomePage.<init>(HomePage.java:41)
at com.migrosWeb.test.pages.BasketPage.<init>(BasketPage.java:37)
at com.migrosWeb.test.pages.HomePage.<init>(HomePage.java:41)
at com.migrosWeb.test.pages.BasketPage.<init>(BasketPage.java:37)
at com.migrosWeb.test.pages.HomePage.<init>(HomePage.java:41)
at com.migrosWeb.test.pages.BasketPage.<init>(BasketPage.java:37)
at com.migrosWeb.test.pages.HomePage.<init>(HomePage.java:41)
at com.migrosWeb.test.pages.BasketPage.<init>(BasketPage.java:37)
at com.migrosWeb.test.pages.HomePage.<init>(HomePage.java:41)
at com.migrosWeb.test.pages.BasketPage.<init>(BasketPage.java:37)
at com.migrosWeb.test.pages.HomePage.<init>(HomePage.java:41)
at com.migrosWeb.test.pages.BasketPage.<init>(BasketPage.java:37)
at com.migrosWeb.test.pages.HomePage.<init>(HomePage.java:41)
at com.migrosWeb.test.pages.BasketPage.<init>(BasketPage.java:37)
at com.migrosWeb.test.pages.HomePage.<init>(HomePage.java:41)
at com.migrosWeb.test.pages.BasketPage.<init>(BasketPage.java:37)
at com.migrosWeb.test.pages.HomePage.<init>(HomePage.java:41)
at com.migrosWeb.test.pages.BasketPage.<init>(BasketPage.java:37)
at com.migrosWeb.test.pages.HomePage.<init>(HomePage.java:41)
at com.migrosWeb.test.pages.BasketPage.<init>(BasketPage.java:37)
at com.migrosWeb.test.pages.HomePage.<init>(HomePage.java:41)
at com.migrosWeb.test.pages.BasketPage.<init>(BasketPage.java:37)
at com.migrosWeb.test.pages.HomePage.<init>(HomePage.java:41)
at com.migrosWeb.test.pages.BasketPage.<init>(BasketPage.java:37)
at com.migrosWeb.test.pages.HomePage.<init>(HomePage.java:41)
at com.migrosWeb.test.pages.BasketPage.<init>(BasketPage.java:37)
at com.migrosWeb.test.pages.HomePage.<init>(HomePage.java:41)
at com.migrosWeb.test.pages.BasketPage.<init>(BasketPage.java:37)
at com.migrosWeb.test.pages.HomePage.<init>(HomePage.java:41)
at com.migrosWeb.test.pages.BasketPage.<init>(BasketPage.java:37)
at com.migrosWeb.test.pages.HomePage.<init>(HomePage.java:41)
at com.migrosWeb.test.pages.BasketPage.<init>(BasketPage.java:37)
at com.migrosWeb.test.pages.HomePage.<init>(HomePage.java:41)
at com.migrosWeb.test.pages.BasketPage.<init>(BasketPage.java:37)
at com.migrosWeb.test.pages.HomePage.<init>(HomePage.java:41)
at com.migrosWeb.test.pages.BasketPage.<init>(BasketPage.java:37)
at com.migrosWeb.test.pages.HomePage.<init>(HomePage.java:41)
at com.migrosWeb.test.pages.BasketPage.<init>(BasketPage.java:37)
at com.migrosWeb.test.pages.HomePage.<init>(HomePage.java:41)
at com.migrosWeb.test.pages.BasketPage.<init>(BasketPage.java:37)
at com.migrosWeb.test.pages.HomePage.<init>(HomePage.java:41)
at com.migrosWeb.test.pages.BasketPage.<init>(BasketPage.java:37)
at com.migrosWeb.test.pages.HomePage.<init>(HomePage.java:41)
at com.migrosWeb.test.pages.BasketPage.<init>(BasketPage.java:37)
at com.migrosWeb.test.pages.HomePage.<init>(HomePage.java:41)
at com.migrosWeb.test.pages.BasketPage.<init>(BasketPage.java:37)
at com.migrosWeb.test.pages.HomePage.<init>(HomePage.java:41)
at com.migrosWeb.test.pages.BasketPage.<init>(BasketPage.java:37)
at com.migrosWeb.test.pages.HomePage.<init>(HomePage.java:41)
at com.migrosWeb.test.pages.BasketPage.<init>(BasketPage.java:37)
at com.migrosWeb.test.pages.HomePage.<init>(HomePage.java:41)
at com.migrosWeb.test.pages.BasketPage.<init>(BasketPage.java:37)
at com.migrosWeb.test.pages.HomePage.<init>(HomePage.java:41)
at com.migrosWeb.test.pages.BasketPage.<init>(BasketPage.java:37)
at com.migrosWeb.test.pages.HomePage.<init>(HomePage.java:41)
at com.migrosWeb.test.pages.BasketPage.<init>(BasketPage.java:37)
at com.migrosWeb.test.pages.HomePage.<init>(HomePage.java:41)
at com.migrosWeb.test.pages.BasketPage.<init>(BasketPage.java:37)
at com.migrosWeb.test.pages.HomePage.<init>(HomePage.java:41)
at com.migrosWeb.test.pages.BasketPage.<init>(BasketPage.java:37)
at com.migrosWeb.test.pages.HomePage.<init>(HomePage.java:41)
at com.migrosWeb.test.pages.BasketPage.<init>(BasketPage.java:37)
at com.migrosWeb.test.pages.HomePage.<init>(HomePage.java:41)
at com.migrosWeb.test.pages.BasketPage.<init>(BasketPage.java:37)
at com.migrosWeb.test.pages.HomePage.<init>(HomePage.java:41)
at com.migrosWeb.test.pages.BasketPage.<init>(BasketPage.java:37)
at com.migrosWeb.test.pages.HomePage.<init>(HomePage.java:41)
at com.migrosWeb.test.pages.BasketPage.<init>(BasketPage.java:37)
at com.migrosWeb.test.pages.HomePage.<init>(HomePage.java:41)
at com.migrosWeb.test.pages.BasketPage.<init>(BasketPage.java:37)
at com.migrosWeb.test.pages.HomePage.<init>(HomePage.java:41)
at com.migrosWeb.test.pages.BasketPage.<init>(BasketPage.java:37)
at com.migrosWeb.test.pages.HomePage.<init>(HomePage.java:41)
at com.migrosWeb.test.pages.BasketPage.<init>(BasketPage.java:37)
at com.migrosWeb.test.pages.HomePage.<init>(HomePage.java:41)
at com.migrosWeb.test.pages.BasketPage.<init>(BasketPage.java:37)
at com.migrosWeb.test.pages.HomePage.<init>(HomePage.java:41)
at com.migrosWeb.test.pages.BasketPage.<init>(BasketPage.java:37)
at com.migrosWeb.test.pages.HomePage.<init>(HomePage.java:41)
at com.migrosWeb.test.pages.BasketPage.<init>(BasketPage.java:37)
at com.migrosWeb.test.pages.HomePage.<init>(HomePage.java:41)
at com.migrosWeb.test.pages.BasketPage.<init>(BasketPage.java:37)
at com.migrosWeb.test.pages.HomePage.<init>(HomePage.java:41)
at com.migrosWeb.test.pages.BasketPage.<init>(BasketPage.java:37)
at com.migrosWeb.test.pages.HomePage.<init>(HomePage.java:41)
at com.migrosWeb.test.pages.BasketPage.<init>(BasketPage.java:37)
at com.migrosWeb.test.pages.HomePage.<init>(HomePage.java:41)
at com.migrosWeb.test.pages.BasketPage.<init>(BasketPage.java:37)
at com.migrosWeb.test.pages.HomePage.<init>(HomePage.java:41)
at com.migrosWeb.test.pages.BasketPage.<init>(BasketPage.java:37)
at com.migrosWeb.test.pages.HomePage.<init>(HomePage.java:41)
at com.migrosWeb.test.pages.BasketPage.<init>(BasketPage.java:37)
at com.migrosWeb.test.pages.HomePage.<init>(HomePage.java:41)
at com.migrosWeb.test.pages.BasketPage.<init>(BasketPage.java:37)
at com.migrosWeb.test.pages.HomePage.<init>(HomePage.java:41)
at com.migrosWeb.test.pages.BasketPage.<init>(BasketPage.java:37)
at com.migrosWeb.test.pages.HomePage.<init>(HomePage.java:41)
at com.migrosWeb.test.pages.BasketPage.<init>(BasketPage.java:37)
at com.migrosWeb.test.pages.HomePage.<init>(HomePage.java:41)
at com.migrosWeb.test.pages.BasketPage.<init>(BasketPage.java:37)
at com.migrosWeb.test.pages.HomePage.<init>(HomePage.java:41)
at com.migrosWeb.test.pages.BasketPage.<init>(BasketPage.java:37)
at com.migrosWeb.test.pages.HomePage.<init>(HomePage.java:41)
at com.migrosWeb.test.pages.BasketPage.<init>(BasketPage.java:37)
at com.migrosWeb.test.pages.HomePage.<init>(HomePage.java:41)
at com.migrosWeb.test.pages.BasketPage.<init>(BasketPage.java:37)
at com.migrosWeb.test.pages.HomePage.<init>(HomePage.java:41)
at com.migrosWeb.test.pages.BasketPage.<init>(BasketPage.java:37)
at com.migrosWeb.test.pages.HomePage.<init>(HomePage.java:41)
at com.migrosWeb.test.pages.BasketPage.<init>(BasketPage.java:37)
at com.migrosWeb.test.pages.HomePage.<init>(HomePage.java:41)
at com.migrosWeb.test.pages.BasketPage.<init>(BasketPage.java:37)
at com.migrosWeb.test.pages.HomePage.<init>(HomePage.java:41)
at com.migrosWeb.test.pages.BasketPage.<init>(BasketPage.java:37)
at com.migrosWeb.test.pages.HomePage.<init>(HomePage.java:41)
at com.migrosWeb.test.pages.BasketPage.<init>(BasketPage.java:37)
at com.migrosWeb.test.pages.HomePage.<init>(HomePage.java:41)
at com.migrosWeb.test.pages.BasketPage.<init>(BasketPage.java:37)
at com.migrosWeb.test.pages.HomePage.<init>(HomePage.java:41)
at com.migrosWeb.test.pages.BasketPage.<init>(BasketPage.java:37)
at com.migrosWeb.test.pages.HomePage.<init>(HomePage.java:41)
at com.migrosWeb.test.pages.BasketPage.<init>(BasketPage.java:37)
at com.migrosWeb.test.pages.HomePage.<init>(HomePage.java:41)
at com.migrosWeb.test.pages.BasketPage.<init>(BasketPage.java:37)
at com.migrosWeb.test.pages.HomePage.<init>(HomePage.java:41)
at com.migrosWeb.test.pages.BasketPage.<init>(BasketPage.java:37)
at com.migrosWeb.test.pages.HomePage.<init>(HomePage.java:41)
at com.migrosWeb.test.pages.BasketPage.<init>(BasketPage.java:37)
at com.migrosWeb.test.pages.HomePage.<init>(HomePage.java:41)
at com.migrosWeb.test.pages.BasketPage.<init>(BasketPage.java:37)
at com.migrosWeb.test.pages.HomePage.<init>(HomePage.java:41)
at com.migrosWeb.test.pages.BasketPage.<init>(BasketPage.java:37)
at com.migrosWeb.test.pages.HomePage.<init>(HomePage.java:41)
at com.migrosWeb.test.pages.BasketPage.<init>(BasketPage.java:37)
at com.migrosWeb.test.pages.HomePage.<init>(HomePage.java:41)
at com.migrosWeb.test.pages.BasketPage.<init>(BasketPage.java:37)
at com.migrosWeb.test.pages.HomePage.<init>(HomePage.java:41)
at com.migrosWeb.test.pages.BasketPage.<init>(BasketPage.java:37)
at com.migrosWeb.test.pages.HomePage.<init>(HomePage.java:41)
at com.migrosWeb.test.pages.BasketPage.<init>(BasketPage.java:37)
at com.migrosWeb.test.pages.HomePage.<init>(HomePage.java:41)
at com.migrosWeb.test.pages.BasketPage.<init>(BasketPage.java:37)
at com.migrosWeb.test.pages.HomePage.<init>(HomePage.java:41)
at com.migrosWeb.test.pages.BasketPage.<init>(BasketPage.java:37)
at com.migrosWeb.test.pages.HomePage.<init>(HomePage.java:41)
at com.migrosWeb.test.pages.BasketPage.<init>(BasketPage.java:37)
at com.migrosWeb.test.pages.HomePage.<init>(HomePage.java:41)
at com.migrosWeb.test.pages.BasketPage.<init>(BasketPage.java:37)
at com.migrosWeb.test.pages.HomePage.<init>(HomePage.java:41)
at com.migrosWeb.test.pages.BasketPage.<init>(BasketPage.java:37)
at com.migrosWeb.test.pages.HomePage.<init>(HomePage.java:41)
at com.migrosWeb.test.pages.BasketPage.<init>(BasketPage.java:37)
at com.migrosWeb.test.pages.HomePage.<init>(HomePage.java:41)
at com.migrosWeb.test.pages.BasketPage.<init>(BasketPage.java:37)
at com.migrosWeb.test.pages.HomePage.<init>(HomePage.java:41)
at com.migrosWeb.test.pages.BasketPage.<init>(BasketPage.java:37)
at com.migrosWeb.test.pages.HomePage.<init>(HomePage.java:41)
at com.migrosWeb.test.pages.BasketPage.<init>(BasketPage.java:37)
at com.migrosWeb.test.pages.HomePage.<init>(HomePage.java:41)
at com.migrosWeb.test.pages.BasketPage.<init>(BasketPage.java:37)
at com.migrosWeb.test.pages.HomePage.<init>(HomePage.java:41)
at com.migrosWeb.test.pages.BasketPage.<init>(BasketPage.java:37)
at com.migrosWeb.test.pages.HomePage.<init>(HomePage.java:41)
at com.migrosWeb.test.pages.BasketPage.<init>(BasketPage.java:37)
at com.migrosWeb.test.pages.HomePage.<init>(HomePage.java:41)
at com.migrosWeb.test.pages.BasketPage.<init>(BasketPage.java:37)
at com.migrosWeb.test.pages.HomePage.<init>(HomePage.java:41)
at com.migrosWeb.test.pages.BasketPage.<init>(BasketPage.java:37)
at com.migrosWeb.test.pages.HomePage.<init>(HomePage.java:41)
at com.migrosWeb.test.pages.BasketPage.<init>(BasketPage.java:37)
at com.migrosWeb.test.pages.HomePage.<init>(HomePage.java:41)
at com.migrosWeb.test.pages.BasketPage.<init>(BasketPage.java:37)
at com.migrosWeb.test.pages.HomePage.<init>(HomePage.java:41)
at com.migrosWeb.test.pages.BasketPage.<init>(BasketPage.java:37)
at com.migrosWeb.test.pages.HomePage.<init>(HomePage.java:41)
at com.migrosWeb.test.pages.BasketPage.<init>(BasketPage.java:37)
at com.migrosWeb.test.pages.HomePage.<init>(HomePage.java:41)
at com.migrosWeb.test.pages.BasketPage.<init>(BasketPage.java:37)
at com.migrosWeb.test.pages.HomePage.<init>(HomePage.java:41)
at com.migrosWeb.test.pages.BasketPage.<init>(BasketPage.java:37)
at com.migrosWeb.test.pages.HomePage.<init>(HomePage.java:41)
at com.migrosWeb.test.pages.BasketPage.<init>(BasketPage.java:37)
at com.migrosWeb.test.pages.HomePage.<init>(HomePage.java:41)
at com.migrosWeb.test.pages.BasketPage.<init>(BasketPage.java:37)
at com.migrosWeb.test.pages.HomePage.<init>(HomePage.java:41)
at com.migrosWeb.test.pages.BasketPage.<init>(BasketPage.java:37)
at com.migrosWeb.test.pages.HomePage.<init>(HomePage.java:41)
at com.migrosWeb.test.pages.BasketPage.<init>(BasketPage.java:37)
at com.migrosWeb.test.pages.HomePage.<init>(HomePage.java:41)
at com.migrosWeb.test.pages.BasketPage.<init>(BasketPage.java:37)
at com.migrosWeb.test.pages.HomePage.<init>(HomePage.java:41)
at com.migrosWeb.test.pages.BasketPage.<init>(BasketPage.java:37)
at com.migrosWeb.test.pages.HomePage.<init>(HomePage.java:41)
at com.migrosWeb.test.pages.BasketPage.<init>(BasketPage.java:37)
at com.migrosWeb.test.pages.HomePage.<init>(HomePage.java:41)
at com.migrosWeb.test.pages.BasketPage.<init>(BasketPage.java:37)
at com.migrosWeb.test.pages.HomePage.<init>(HomePage.java:41)
at com.migrosWeb.test.pages.BasketPage.<init>(BasketPage.java:37)
at com.migrosWeb.test.pages.HomePage.<init>(HomePage.java:41)
at com.migrosWeb.test.pages.BasketPage.<init>(BasketPage.java:37)
at com.migrosWeb.test.pages.HomePage.<init>(HomePage.java:41)
at com.migrosWeb.test.pages.BasketPage.<init>(BasketPage.java:37)
at com.migrosWeb.test.pages.HomePage.<init>(HomePage.java:41)
at com.migrosWeb.test.pages.BasketPage.<init>(BasketPage.java:37)
at com.migrosWeb.test.pages.HomePage.<init>(HomePage.java:41)
at com.migrosWeb.test.pages.BasketPage.<init>(BasketPage.java:37)
at com.migrosWeb.test.pages.HomePage.<init>(HomePage.java:41)
at com.migrosWeb.test.pages.BasketPage.<init>(BasketPage.java:37)
at com.migrosWeb.test.pages.HomePage.<init>(HomePage.java:41)
at com.migrosWeb.test.pages.BasketPage.<init>(BasketPage.java:37)
at com.migrosWeb.test.pages.HomePage.<init>(HomePage.java:41)
at com.migrosWeb.test.pages.BasketPage.<init>(BasketPage.java:37)
at com.migrosWeb.test.pages.HomePage.<init>(HomePage.java:41)
at com.migrosWeb.test.pages.BasketPage.<init>(BasketPage.java:37)
at com.migrosWeb.test.pages.HomePage.<init>(HomePage.java:41)
at com.migrosWeb.test.pages.BasketPage.<init>(BasketPage.java:37)
at com.migrosWeb.test.pages.HomePage.<init>(HomePage.java:41)
at com.migrosWeb.test.pages.BasketPage.<init>(BasketPage.java:37)
at com.migrosWeb.test.pages.HomePage.<init>(HomePage.java:41)
at com.migrosWeb.test.pages.BasketPage.<init>(BasketPage.java:37)
at com.migrosWeb.test.pages.HomePage.<init>(HomePage.java:41)
at com.migrosWeb.test.pages.BasketPage.<init>(BasketPage.java:37)
at com.migrosWeb.test.pages.HomePage.<init>(HomePage.java:41)
at com.migrosWeb.test.pages.BasketPage.<init>(BasketPage.java:37)
at com.migrosWeb.test.pages.HomePage.<init>(HomePage.java:41)
at com.migrosWeb.test.pages.BasketPage.<init>(BasketPage.java:37)
at com.migrosWeb.test.pages.HomePage.<init>(HomePage.java:41)
at com.migrosWeb.test.pages.BasketPage.<init>(BasketPage.java:37)
at com.migrosWeb.test.pages.HomePage.<init>(HomePage.java:41)
at com.migrosWeb.test.pages.BasketPage.<init>(BasketPage.java:37)
at com.migrosWeb.test.pages.HomePage.<init>(HomePage.java:41)
at com.migrosWeb.test.pages.BasketPage.<init>(BasketPage.java:37)
at com.migrosWeb.test.pages.HomePage.<init>(HomePage.java:41)
at com.migrosWeb.test.pages.BasketPage.<init>(BasketPage.java:37)
at com.migrosWeb.test.pages.HomePage.<init>(HomePage.java:41)
at com.migrosWeb.test.pages.BasketPage.<init>(BasketPage.java:37)
at com.migrosWeb.test.pages.HomePage.<init>(HomePage.java:41)
at com.migrosWeb.test.pages.BasketPage.<init>(BasketPage.java:37)
at com.migrosWeb.test.pages.HomePage.<init>(HomePage.java:41)
at com.migrosWeb.test.pages.BasketPage.<init>(BasketPage.java:37)
at com.migrosWeb.test.pages.HomePage.<init>(HomePage.java:41)
at com.migrosWeb.test.pages.BasketPage.<init>(BasketPage.java:37)
at com.migrosWeb.test.pages.HomePage.<init>(HomePage.java:41)
at com.migrosWeb.test.pages.BasketPage.<init>(BasketPage.java:37)
at com.migrosWeb.test.pages.HomePage.<init>(HomePage.java:41)
at com.migrosWeb.test.pages.BasketPage.<init>(BasketPage.java:37)
at com.migrosWeb.test.pages.HomePage.<init>(HomePage.java:41)
at com.migrosWeb.test.pages.BasketPage.<init>(BasketPage.java:37)
at com.migrosWeb.test.pages.HomePage.<init>(HomePage.java:41)
at com.migrosWeb.test.pages.BasketPage.<init>(BasketPage.java:37)
at com.migrosWeb.test.pages.HomePage.<init>(HomePage.java:41)
at com.migrosWeb.test.pages.BasketPage.<init>(BasketPage.java:37)
at com.migrosWeb.test.pages.HomePage.<init>(HomePage.java:41)
at com.migrosWeb.test.pages.BasketPage.<init>(BasketPage.java:37)
at com.migrosWeb.test.pages.HomePage.<init>(HomePage.java:41)
at com.migrosWeb.test.pages.BasketPage.<init>(BasketPage.java:37)
at com.migrosWeb.test.pages.HomePage.<init>(HomePage.java:41)
at com.migrosWeb.test.pages.BasketPage.<init>(BasketPage.java:37)
at com.migrosWeb.test.pages.HomePage.<init>(HomePage.java:41)
at com.migrosWeb.test.pages.BasketPage.<init>(BasketPage.java:37)
at com.migrosWeb.test.pages.HomePage.<init>(HomePage.java:41)
at com.migrosWeb.test.pages.BasketPage.<init>(BasketPage.java:37)
at com.migrosWeb.test.pages.HomePage.<init>(HomePage.java:41)
at com.migrosWeb.test.pages.BasketPage.<init>(BasketPage.java:37)
at com.migrosWeb.test.pages.HomePage.<init>(HomePage.java:41)
at com.migrosWeb.test.pages.BasketPage.<init>(BasketPage.java:37)
at com.migrosWeb.test.pages.HomePage.<init>(HomePage.java:41)
at com.migrosWeb.test.pages.BasketPage.<init>(BasketPage.java:37)
at com.migrosWeb.test.pages.HomePage.<init>(HomePage.java:41)
at com.migrosWeb.test.pages.BasketPage.<init>(BasketPage.java:37)
at com.migrosWeb.test.pages.HomePage.<init>(HomePage.java:41)
at com.migrosWeb.test.pages.BasketPage.<init>(BasketPage.java:37)
at com.migrosWeb.test.pages.HomePage.<init>(HomePage.java:41)
at com.migrosWeb.test.pages.BasketPage.<init>(BasketPage.java:37)
at com.migrosWeb.test.pages.HomePage.<init>(HomePage.java:41)
at com.migrosWeb.test.pages.BasketPage.<init>(BasketPage.java:37)
at com.migrosWeb.test.pages.HomePage.<init>(HomePage.java:41)
at com.migrosWeb.test.pages.BasketPage.<init>(BasketPage.java:37)
at com.migrosWeb.test.pages.HomePage.<init>(HomePage.java:41)
at com.migrosWeb.test.pages.BasketPage.<init>(BasketPage.java:37)
at com.migrosWeb.test.pages.HomePage.<init>(HomePage.java:41)
at com.migrosWeb.test.pages.BasketPage.<init>(BasketPage.java:37)
at com.migrosWeb.test.pages.HomePage.<init>(HomePage.java:41)
at com.migrosWeb.test.pages.BasketPage.<init>(BasketPage.java:37)
at com.migrosWeb.test.pages.HomePage.<init>(HomePage.java:41)
at com.migrosWeb.test.pages.BasketPage.<init>(BasketPage.java:37)
at com.migrosWeb.test.pages.HomePage.<init>(HomePage.java:41)
at com.migrosWeb.test.pages.BasketPage.<init>(BasketPage.java:37)
at com.migrosWeb.test.pages.HomePage.<init>(HomePage.java:41)
at com.migrosWeb.test.pages.BasketPage.<init>(BasketPage.java:37)
at com.migrosWeb.test.pages.HomePage.<init>(HomePage.java:41)
at com.migrosWeb.test.pages.BasketPage.<init>(BasketPage.java:37)
at com.migrosWeb.test.pages.HomePage.<init>(HomePage.java:41)
at com.migrosWeb.test.pages.BasketPage.<init>(BasketPage.java:37)
at com.migrosWeb.test.pages.HomePage.<init>(HomePage.java:41)
at com.migrosWeb.test.pages.BasketPage.<init>(BasketPage.java:37)
at com.migrosWeb.test.pages.HomePage.<init>(HomePage.java:41)
at com.migrosWeb.test.pages.BasketPage.<init>(BasketPage.java:37)
at com.migrosWeb.test.pages.HomePage.<init>(HomePage.java:41)
at com.migrosWeb.test.pages.BasketPage.<init>(BasketPage.java:37)
at com.migrosWeb.test.pages.HomePage.<init>(HomePage.java:41)
at com.migrosWeb.test.pages.BasketPage.<init>(BasketPage.java:37)
at com.migrosWeb.test.pages.HomePage.<init>(HomePage.java:41)
at com.migrosWeb.test.pages.BasketPage.<init>(BasketPage.java:37)
at com.migrosWeb.test.pages.HomePage.<init>(HomePage.java:41)
at com.migrosWeb.test.pages.BasketPage.<init>(BasketPage.java:37)
at com.migrosWeb.test.pages.HomePage.<init>(HomePage.java:41)
at com.migrosWeb.test.pages.BasketPage.<init>(BasketPage.java:37)
at com.migrosWeb.test.pages.HomePage.<init>(HomePage.java:41)
at com.migrosWeb.test.pages.BasketPage.<init>(BasketPage.java:37)
at com.migrosWeb.test.pages.HomePage.<init>(HomePage.java:41)
at com.migrosWeb.test.pages.BasketPage.<init>(BasketPage.java:37)
at com.migrosWeb.test.pages.HomePage.<init>(HomePage.java:41)
at com.migrosWeb.test.pages.BasketPage.<init>(BasketPage.java:37)
at com.migrosWeb.test.pages.HomePage.<init>(HomePage.java:41)
at com.migrosWeb.test.pages.BasketPage.<init>(BasketPage.java:37)
at com.migrosWeb.test.pages.HomePage.<init>(HomePage.java:41)
at com.migrosWeb.test.pages.BasketPage.<init>(BasketPage.java:37)
at com.migrosWeb.test.pages.HomePage.<init>(HomePage.java:41)
at com.migrosWeb.test.pages.BasketPage.<init>(BasketPage.java:37)
at com.migrosWeb.test.pages.HomePage.<init>(HomePage.java:41)
at com.migrosWeb.test.pages.BasketPage.<init>(BasketPage.java:37)
at com.migrosWeb.test.pages.HomePage.<init>(HomePage.java:41)
at com.migrosWeb.test.pages.BasketPage.<init>(BasketPage.java:37)
at com.migrosWeb.test.pages.HomePage.<init>(HomePage.java:41)
at com.migrosWeb.test.pages.BasketPage.<init>(BasketPage.java:37)
at com.migrosWeb.test.pages.HomePage.<init>(HomePage.java:41)
at com.migrosWeb.test.pages.BasketPage.<init>(BasketPage.java:37)
at com.migrosWeb.test.pages.HomePage.<init>(HomePage.java:41)
at com.migrosWeb.test.pages.BasketPage.<init>(BasketPage.java:37)
at com.migrosWeb.test.pages.HomePage.<init>(HomePage.java:41)
at com.migrosWeb.test.pages.BasketPage.<init>(BasketPage.java:37)
at com.migrosWeb.test.pages.HomePage.<init>(HomePage.java:41)
at com.migrosWeb.test.pages.BasketPage.<init>(BasketPage.java:37)
at com.migrosWeb.test.pages.HomePage.<init>(HomePage.java:41)
at com.migrosWeb.test.pages.BasketPage.<init>(BasketPage.java:37)
at com.migrosWeb.test.pages.HomePage.<init>(HomePage.java:41)
at com.migrosWeb.test.pages.BasketPage.<init>(BasketPage.java:37)
at com.migrosWeb.test.pages.HomePage.<init>(HomePage.java:41)
at com.migrosWeb.test.pages.BasketPage.<init>(BasketPage.java:37)
at com.migrosWeb.test.pages.HomePage.<init>(HomePage.java:41)
at com.migrosWeb.test.pages.BasketPage.<init>(BasketPage.java:37)
at com.migrosWeb.test.pages.HomePage.<init>(HomePage.java:41)
at com.migrosWeb.test.pages.BasketPage.<init>(BasketPage.java:37)
at com.migrosWeb.test.pages.HomePage.<init>(HomePage.java:41)
at com.migrosWeb.test.pages.BasketPage.<init>(BasketPage.java:37)
at com.migrosWeb.test.pages.HomePage.<init>(HomePage.java:41)
at com.migrosWeb.test.pages.BasketPage.<init>(BasketPage.java:37)
at com.migrosWeb.test.pages.HomePage.<init>(HomePage.java:41)
at com.migrosWeb.test.pages.BasketPage.<init>(BasketPage.java:37)
at com.migrosWeb.test.pages.HomePage.<init>(HomePage.java:41)
at com.migrosWeb.test.pages.BasketPage.<init>(BasketPage.java:37)
at com.migrosWeb.test.pages.HomePage.<init>(HomePage.java:41)
at com.migrosWeb.test.pages.BasketPage.<init>(BasketPage.java:37)
at com.migrosWeb.test.pages.HomePage.<init>(HomePage.java:41)
at com.migrosWeb.test.pages.BasketPage.<init>(BasketPage.java:37)
at com.migrosWeb.test.pages.HomePage.<init>(HomePage.java:41)
at com.migrosWeb.test.pages.BasketPage.<init>(BasketPage.java:37)
at com.migrosWeb.test.pages.HomePage.<init>(HomePage.java:41)
at com.migrosWeb.test.pages.BasketPage.<init>(BasketPage.java:37)
at com.migrosWeb.test.pages.HomePage.<init>(HomePage.java:41)
at com.migrosWeb.test.pages.BasketPage.<init>(BasketPage.java:37)
at com.migrosWeb.test.pages.HomePage.<init>(HomePage.java:41)
at com.migrosWeb.test.pages.BasketPage.<init>(BasketPage.java:37)
at com.migrosWeb.test.pages.HomePage.<init>(HomePage.java:41)
at com.migrosWeb.test.pages.BasketPage.<init>(BasketPage.java:37)
at com.migrosWeb.test.pages.HomePage.<init>(HomePage.java:41)
at com.migrosWeb.test.pages.BasketPage.<init>(BasketPage.java:37)
at com.migrosWeb.test.pages.HomePage.<init>(HomePage.java:41)
at com.migrosWeb.test.pages.BasketPage.<init>(BasketPage.java:37)
at com.migrosWeb.test.pages.HomePage.<init>(HomePage.java:41)
at com.migrosWeb.test.pages.BasketPage.<init>(BasketPage.java:37)
at com.migrosWeb.test.pages.HomePage.<init>(HomePage.java:41)
at com.migrosWeb.test.pages.BasketPage.<init>(BasketPage.java:37)
at com.migrosWeb.test.pages.HomePage.<init>(HomePage.java:41)
at com.migrosWeb.test.pages.BasketPage.<init>(BasketPage.java:37)
at com.migrosWeb.test.pages.HomePage.<init>(HomePage.java:41)
at com.migrosWeb.test.pages.BasketPage.<init>(BasketPage.java:37)
at com.migrosWeb.test.pages.HomePage.<init>(HomePage.java:41)
at com.migrosWeb.test.pages.BasketPage.<init>(BasketPage.java:37)
at com.migrosWeb.test.pages.HomePage.<init>(HomePage.java:41)
at com.migrosWeb.test.pages.BasketPage.<init>(BasketPage.java:37)
at com.migrosWeb.test.pages.HomePage.<init>(HomePage.java:41)
at com.migrosWeb.test.pages.BasketPage.<init>(BasketPage.java:37)
at com.migrosWeb.test.pages.HomePage.<init>(HomePage.java:41)
at com.migrosWeb.test.pages.BasketPage.<init>(BasketPage.java:37)
at com.migrosWeb.test.pages.HomePage.<init>(HomePage.java:41)
at com.migrosWeb.test.pages.BasketPage.<init>(BasketPage.java:37)
at com.migrosWeb.test.pages.HomePage.<init>(HomePage.java:41)
at com.migrosWeb.test.pages.BasketPage.<init>(BasketPage.java:37)
at com.migrosWeb.test.pages.HomePage.<init>(HomePage.java:41)
at com.migrosWeb.test.pages.BasketPage.<init>(BasketPage.java:37)
at com.migrosWeb.test.pages.HomePage.<init>(HomePage.java:41)
at com.migrosWeb.test.pages.BasketPage.<init>(BasketPage.java:37)
at com.migrosWeb.test.pages.HomePage.<init>(HomePage.java:41)
at com.migrosWeb.test.pages.BasketPage.<init>(BasketPage.java:37)
at com.migrosWeb.test.pages.HomePage.<init>(HomePage.java:41)
at com.migrosWeb.test.pages.BasketPage.<init>(BasketPage.java:37)
at com.migrosWeb.test.pages.HomePage.<init>(HomePage.java:41)
at com.migrosWeb.test.pages.BasketPage.<init>(BasketPage.java:37)
at com.migrosWeb.test.pages.HomePage.<init>(HomePage.java:41)
at com.migrosWeb.test.pages.BasketPage.<init>(BasketPage.java:37)
at com.migrosWeb.test.pages.HomePage.<init>(HomePage.java:41)
at com.migrosWeb.test.pages.BasketPage.<init>(BasketPage.java:37)
at com.migrosWeb.test.pages.HomePage.<init>(HomePage.java:41)
at com.migrosWeb.test.pages.BasketPage.<init>(BasketPage.java:37)
at com.migrosWeb.test.pages.HomePage.<init>(HomePage.java:41)
at com.migrosWeb.test.pages.BasketPage.<init>(BasketPage.java:37)
at com.migrosWeb.test.pages.HomePage.<init>(HomePage.java:41)
at com.migrosWeb.test.pages.BasketPage.<init>(BasketPage.java:37)
at com.migrosWeb.test.pages.HomePage.<init>(HomePage.java:41)
at com.migrosWeb.test.pages.BasketPage.<init>(BasketPage.java:37)
at com.migrosWeb.test.pages.HomePage.<init>(HomePage.java:41)
at com.migrosWeb.test.pages.BasketPage.<init>(BasketPage.java:37)
at com.migrosWeb.test.pages.HomePage.<init>(HomePage.java:41)
at com.migrosWeb.test.pages.BasketPage.<init>(BasketPage.java:37)
at com.migrosWeb.test.pages.HomePage.<init>(HomePage.java:41)
at com.migrosWeb.test.pages.BasketPage.<init>(BasketPage.java:37)
at com.migrosWeb.test.pages.HomePage.<init>(HomePage.java:41)
at com.migrosWeb.test.pages.BasketPage.<init>(BasketPage.java:37)
at com.migrosWeb.test.pages.HomePage.<init>(HomePage.java:41)
at com.migrosWeb.test.pages.BasketPage.<init>(BasketPage.java:37)
at com.migrosWeb.test.pages.HomePage.<init>(HomePage.java:41)
at com.migrosWeb.test.pages.BasketPage.<init>(BasketPage.java:37)
at com.migrosWeb.test.pages.HomePage.<init>(HomePage.java:41)
at com.migrosWeb.test.pages.BasketPage.<init>(BasketPage.java:37)
at com.migrosWeb.test.pages.HomePage.<init>(HomePage.java:41)
at com.migrosWeb.test.pages.BasketPage.<init>(BasketPage.java:37)
at com.migrosWeb.test.pages.HomePage.<init>(HomePage.java:41)
at com.migrosWeb.test.pages.BasketPage.<init>(BasketPage.java:37)
at com.migrosWeb.test.pages.HomePage.<init>(HomePage.java:41)
at com.migrosWeb.test.pages.BasketPage.<init>(BasketPage.java:37)
at com.migrosWeb.test.pages.HomePage.<init>(HomePage.java:41)
at com.migrosWeb.test.pages.BasketPage.<init>(BasketPage.java:37)
at com.migrosWeb.test.pages.HomePage.<init>(HomePage.java:41)
at com.migrosWeb.test.pages.BasketPage.<init>(BasketPage.java:37)
at com.migrosWeb.test.pages.HomePage.<init>(HomePage.java:41)
at com.migrosWeb.test.pages.BasketPage.<init>(BasketPage.java:37)
at com.migrosWeb.test.pages.HomePage.<init>(HomePage.java:41)
at com.migrosWeb.test.pages.BasketPage.<init>(BasketPage.java:37)
at com.migrosWeb.test.pages.HomePage.<init>(HomePage.java:41)
at com.migrosWeb.test.pages.BasketPage.<init>(BasketPage.java:37)
at com.migrosWeb.test.pages.HomePage.<init>(HomePage.java:41)
at com.migrosWeb.test.pages.BasketPage.<init>(BasketPage.java:37)
at com.migrosWeb.test.pages.HomePage.<init>(HomePage.java:41)
at com.migrosWeb.test.pages.BasketPage.<init>(BasketPage.java:37)
at com.migrosWeb.test.pages.HomePage.<init>(HomePage.java:41)
at com.migrosWeb.test.pages.BasketPage.<init>(BasketPage.java:37)
at com.migrosWeb.test.pages.HomePage.<init>(HomePage.java:41)
at com.migrosWeb.test.pages.BasketPage.<init>(BasketPage.java:37)
at com.migrosWeb.test.pages.HomePage.<init>(HomePage.java:41)
at com.migrosWeb.test.pages.BasketPage.<init>(BasketPage.java:37)
at com.migrosWeb.test.pages.HomePage.<init>(HomePage.java:41)
at com.migrosWeb.test.pages.BasketPage.<init>(BasketPage.java:37)
at com.migrosWeb.test.pages.HomePage.<init>(HomePage.java:41)
at com.migrosWeb.test.pages.BasketPage.<init>(BasketPage.java:37)
at com.migrosWeb.test.pages.HomePage.<init>(HomePage.java:41)
at com.migrosWeb.test.pages.BasketPage.<init>(BasketPage.java:37)
at com.migrosWeb.test.pages.HomePage.<init>(HomePage.java:41)
at com.migrosWeb.test.pages.BasketPage.<init>(BasketPage.java:37)
at com.migrosWeb.test.pages.HomePage.<init>(HomePage.java:41)
at com.migrosWeb.test.pages.BasketPage.<init>(BasketPage.java:37)
at com.migrosWeb.test.pages.HomePage.<init>(HomePage.java:41)
at com.migrosWeb.test.pages.BasketPage.<init>(BasketPage.java:37)
at com.migrosWeb.test.pages.HomePage.<init>(HomePage.java:41)
at com.migrosWeb.test.pages.BasketPage.<init>(BasketPage.java:37)
at com.migrosWeb.test.pages.HomePage.<init>(HomePage.java:41)
at com.migrosWeb.test.pages.BasketPage.<init>(BasketPage.java:37)
at com.migrosWeb.test.pages.HomePage.<init>(HomePage.java:41)
at com.migrosWeb.test.pages.BasketPage.<init>(BasketPage.java:37)
at com.migrosWeb.test.pages.HomePage.<init>(HomePage.java:41)
at com.migrosWeb.test.pages.BasketPage.<init>(BasketPage.java:37)
at com.migrosWeb.test.pages.HomePage.<init>(HomePage.java:41)
at com.migrosWeb.test.pages.BasketPage.<init>(BasketPage.java:37)
at com.migrosWeb.test.pages.HomePage.<init>(HomePage.java:41)
at com.migrosWeb.test.pages.BasketPage.<init>(BasketPage.java:37)
at com.migrosWeb.test.pages.HomePage.<init>(HomePage.java:41)
at com.migrosWeb.test.pages.BasketPage.<init>(BasketPage.java:37)
at com.migrosWeb.test.pages.HomePage.<init>(HomePage.java:41)
at com.migrosWeb.test.pages.BasketPage.<init>(BasketPage.java:37)
at com.migrosWeb.test.pages.HomePage.<init>(HomePage.java:41)
at com.migrosWeb.test.pages.BasketPage.<init>(BasketPage.java:37)
at com.migrosWeb.test.pages.HomePage.<init>(HomePage.java:41)
at com.migrosWeb.test.pages.BasketPage.<init>(BasketPage.java:37)
at com.migrosWeb.test.pages.HomePage.<init>(HomePage.java:41)
at com.migrosWeb.test.pages.BasketPage.<init>(BasketPage.java:37)
at com.migrosWeb.test.pages.HomePage.<init>(HomePage.java:41)
at com.migrosWeb.test.pages.BasketPage.<init>(BasketPage.java:37)
at com.migrosWeb.test.pages.HomePage.<init>(HomePage.java:41)
at com.migrosWeb.test.pages.BasketPage.<init>(BasketPage.java:37)
at com.migrosWeb.test.pages.HomePage.<init>(HomePage.java:41)
at com.migrosWeb.test.pages.BasketPage.<init>(BasketPage.java:37)
at com.migrosWeb.test.pages.HomePage.<init>(HomePage.java:41)
at com.migrosWeb.test.pages.BasketPage.<init>(BasketPage.java:37)
at com.migrosWeb.test.pages.HomePage.<init>(HomePage.java:41)
at com.migrosWeb.test.pages.BasketPage.<init>(BasketPage.java:37)
at com.migrosWeb.test.pages.HomePage.<init>(HomePage.java:41)
at com.migrosWeb.test.pages.BasketPage.<init>(BasketPage.java:37)
at com.migrosWeb.test.pages.HomePage.<init>(HomePage.java:41)
at com.migrosWeb.test.pages.BasketPage.<init>(BasketPage.java:37)
at com.migrosWeb.test.pages.HomePage.<init>(HomePage.java:41)
at com.migrosWeb.test.pages.BasketPage.<init>(BasketPage.java:37)
at com.migrosWeb.test.pages.HomePage.<init>(HomePage.java:41)
at com.migrosWeb.test.pages.BasketPage.<init>(BasketPage.java:37)
at com.migrosWeb.test.pages.HomePage.<init>(HomePage.java:41)
at com.migrosWeb.test.pages.BasketPage.<init>(BasketPage.java:37)
at com.migrosWeb.test.pages.HomePage.<init>(HomePage.java:41)
at com.migrosWeb.test.pages.BasketPage.<init>(BasketPage.java:37)
at com.migrosWeb.test.pages.HomePage.<init>(HomePage.java:41)
at com.migrosWeb.test.pages.BasketPage.<init>(BasketPage.java:37)
at com.migrosWeb.test.pages.HomePage.<init>(HomePage.java:41)
at com.migrosWeb.test.pages.BasketPage.<init>(BasketPage.java:37)
at com.migrosWeb.test.pages.HomePage.<init>(HomePage.java:41)
at com.migrosWeb.test.pages.BasketPage.<init>(BasketPage.java:37)
at com.migrosWeb.test.pages.HomePage.<init>(HomePage.java:41)
at com.migrosWeb.test.pages.BasketPage.<init>(BasketPage.java:37)
at com.migrosWeb.test.pages.HomePage.<init>(HomePage.java:41)
at com.migrosWeb.test.pages.BasketPage.<init>(BasketPage.java:37)
at com.migrosWeb.test.pages.HomePage.<init>(HomePage.java:41)
at com.migrosWeb.test.pages.BasketPage.<init>(BasketPage.java:37)
at com.migrosWeb.test.pages.HomePage.<init>(HomePage.java:41)
at com.migrosWeb.test.pages.BasketPage.<init>(BasketPage.java:37)
at com.migrosWeb.test.pages.HomePage.<init>(HomePage.java:41)
at com.migrosWeb.test.pages.BasketPage.<init>(BasketPage.java:37)
at com.migrosWeb.test.pages.HomePage.<init>(HomePage.java:41)
at com.migrosWeb.test.pages.BasketPage.<init>(BasketPage.java:37)
at com.migrosWeb.test.pages.HomePage.<init>(HomePage.java:41)
at com.migrosWeb.test.pages.BasketPage.<init>(BasketPage.java:37)
at com.migrosWeb.test.pages.HomePage.<init>(HomePage.java:41)
at com.migrosWeb.test.pages.BasketPage.<init>(BasketPage.java:37)
at com.migrosWeb.test.pages.HomePage.<init>(HomePage.java:41)
at com.migrosWeb.test.pages.BasketPage.<init>(BasketPage.java:37)
at com.migrosWeb.test.pages.HomePage.<init>(HomePage.java:41)
at com.migrosWeb.test.pages.BasketPage.<init>(BasketPage.java:37)
at com.migrosWeb.test.pages.HomePage.<init>(HomePage.java:41)
at com.migrosWeb.test.pages.BasketPage.<init>(BasketPage.java:37)
at com.migrosWeb.test.pages.HomePage.<init>(HomePage.java:41)
at com.migrosWeb.test.pages.BasketPage.<init>(BasketPage.java:37)
at com.migrosWeb.test.pages.HomePage.<init>(HomePage.java:41)
at com.migrosWeb.test.pages.BasketPage.<init>(BasketPage.java:37)
at com.migrosWeb.test.pages.HomePage.<init>(HomePage.java:41)
at com.migrosWeb.test.pages.BasketPage.<init>(BasketPage.java:37)
at com.migrosWeb.test.pages.HomePage.<init>(HomePage.java:41)
at com.migrosWeb.test.pages.BasketPage.<init>(BasketPage.java:37)
at com.migrosWeb.test.pages.HomePage.<init>(HomePage.java:41)
at com.migrosWeb.test.pages.BasketPage.<init>(BasketPage.java:37)
at com.migrosWeb.test.pages.HomePage.<init>(HomePage.java:41)
at com.migrosWeb.test.pages.BasketPage.<init>(BasketPage.java:37)
at com.migrosWeb.test.pages.HomePage.<init>(HomePage.java:41)
at com.migrosWeb.test.pages.BasketPage.<init>(BasketPage.java:37)
at com.migrosWeb.test.pages.HomePage.<init>(HomePage.java:41)
at com.migrosWeb.test.pages.BasketPage.<init>(BasketPage.java:37)
at com.migrosWeb.test.pages.HomePage.<init>(HomePage.java:41)
at com.migrosWeb.test.pages.BasketPage.<init>(BasketPage.java:37)
at com.migrosWeb.test.pages.HomePage.<init>(HomePage.java:41)
at com.migrosWeb.test.pages.BasketPage.<init>(BasketPage.java:37)
at com.migrosWeb.test.pages.HomePage.<init>(HomePage.java:41)
at com.migrosWeb.test.pages.BasketPage.<init>(BasketPage.java:37)
at com.migrosWeb.test.pages.HomePage.<init>(HomePage.java:41)
at com.migrosWeb.test.pages.BasketPage.<init>(BasketPage.java:37)
at com.migrosWeb.test.pages.HomePage.<init>(HomePage.java:41)
at com.migrosWeb.test.pages.BasketPage.<init>(BasketPage.java:37)
at com.migrosWeb.test.pages.HomePage.<init>(HomePage.java:41)
at com.migrosWeb.test.pages.BasketPage.<init>(BasketPage.java:37)
at com.migrosWeb.test.pages.HomePage.<init>(HomePage.java:41)
at com.migrosWeb.test.pages.BasketPage.<init>(BasketPage.java:37)
at com.migrosWeb.test.pages.HomePage.<init>(HomePage.java:41)
at com.migrosWeb.test.pages.BasketPage.<init>(BasketPage.java:37)
at com.migrosWeb.test.pages.HomePage.<init>(HomePage.java:41)
at com.migrosWeb.test.pages.BasketPage.<init>(BasketPage.java:37)
at com.migrosWeb.test.pages.HomePage.<init>(HomePage.java:41)
at com.migrosWeb.test.pages.BasketPage.<init>(BasketPage.java:37)
at com.migrosWeb.test.pages.HomePage.<init>(HomePage.java:41)
at com.migrosWeb.test.pages.BasketPage.<init>(BasketPage.java:37)
at com.migrosWeb.test.pages.HomePage.<init>(HomePage.java:41)
at com.migrosWeb.test.pages.BasketPage.<init>(BasketPage.java:37)
at com.migrosWeb.test.pages.HomePage.<init>(HomePage.java:41)
at com.migrosWeb.test.pages.BasketPage.<init>(BasketPage.java:37)
at com.migrosWeb.test.pages.HomePage.<init>(HomePage.java:41)
at com.migrosWeb.test.pages.BasketPage.<init>(BasketPage.java:37)
at com.migrosWeb.test.pages.HomePage.<init>(HomePage.java:41)
at com.migrosWeb.test.pages.BasketPage.<init>(BasketPage.java:37)
at com.migrosWeb.test.pages.HomePage.<init>(HomePage.java:41)
at com.migrosWeb.test.pages.BasketPage.<init>(BasketPage.java:37)
at com.migrosWeb.test.pages.HomePage.<init>(HomePage.java:41)
at com.migrosWeb.test.pages.BasketPage.<init>(BasketPage.java:37)
at com.migrosWeb.test.pages.HomePage.<init>(HomePage.java:41)
at com.migrosWeb.test.pages.BasketPage.<init>(BasketPage.java:37)
at com.migrosWeb.test.pages.HomePage.<init>(HomePage.java:41)
at com.migrosWeb.test.pages.BasketPage.<init>(BasketPage.java:37)
at com.migrosWeb.test.pages.HomePage.<init>(HomePage.java:41)
at com.migrosWeb.test.pages.BasketPage.<init>(BasketPage.java:37)
at com.migrosWeb.test.pages.HomePage.<init>(HomePage.java:41)
at com.migrosWeb.test.pages.BasketPage.<init>(BasketPage.java:37)
at com.migrosWeb.test.pages.HomePage.<init>(HomePage.java:41)
at com.migrosWeb.test.pages.BasketPage.<init>(BasketPage.java:37)
at com.migrosWeb.test.pages.HomePage.<init>(HomePage.java:41)
at com.migrosWeb.test.pages.BasketPage.<init>(BasketPage.java:37)
at com.migrosWeb.test.pages.HomePage.<init>(HomePage.java:41)
at com.migrosWeb.test.pages.BasketPage.<init>(BasketPage.java:37)
at com.migrosWeb.test.pages.HomePage.<init>(HomePage.java:41)
at com.migrosWeb.test.pages.BasketPage.<init>(BasketPage.java:37)
at com.migrosWeb.test.pages.HomePage.<init>(HomePage.java:41)
at com.migrosWeb.test.pages.BasketPage.<init>(BasketPage.java:37)
at com.migrosWeb.test.pages.HomePage.<init>(HomePage.java:41)
at com.migrosWeb.test.pages.BasketPage.<init>(BasketPage.java:37)
at com.migrosWeb.test.pages.HomePage.<init>(HomePage.java:41)
at com.migrosWeb.test.pages.BasketPage.<init>(BasketPage.java:37)
at com.migrosWeb.test.pages.HomePage.<init>(HomePage.java:41)
at com.migrosWeb.test.pages.BasketPage.<init>(BasketPage.java:37)
at com.migrosWeb.test.pages.HomePage.<init>(HomePage.java:41)
at com.migrosWeb.test.pages.BasketPage.<init>(BasketPage.java:37)
at com.migrosWeb.test.pages.HomePage.<init>(HomePage.java:41)
at com.migrosWeb.test.pages.BasketPage.<init>(BasketPage.java:37)
at com.migrosWeb.test.pages.HomePage.<init>(HomePage.java:41)
at com.migrosWeb.test.pages.BasketPage.<init>(BasketPage.java:37)
at com.migrosWeb.test.pages.HomePage.<init>(HomePage.java:41)
at com.migrosWeb.test.pages.BasketPage.<init>(BasketPage.java:37)
at com.migrosWeb.test.pages.HomePage.<init>(HomePage.java:41)
at com.migrosWeb.test.pages.BasketPage.<init>(BasketPage.java:37)
at com.migrosWeb.test.pages.HomePage.<init>(HomePage.java:41)
at com.migrosWeb.test.pages.BasketPage.<init>(BasketPage.java:37)
at com.migrosWeb.test.pages.HomePage.<init>(HomePage.java:41)
at com.migrosWeb.test.pages.BasketPage.<init>(BasketPage.java:37)
at com.migrosWeb.test.pages.HomePage.<init>(HomePage.java:41)
at com.migrosWeb.test.pages.BasketPage.<init>(BasketPage.java:37)
at com.migrosWeb.test.pages.HomePage.<init>(HomePage.java:41)
at com.migrosWeb.test.pages.BasketPage.<init>(BasketPage.java:37)
at com.migrosWeb.test.pages.HomePage.<init>(HomePage.java:41)
at com.migrosWeb.test.pages.BasketPage.<init>(BasketPage.java:37)
at com.migrosWeb.test.pages.HomePage.<init>(HomePage.java:41)
at com.migrosWeb.test.pages.BasketPage.<init>(BasketPage.java:37)
at com.migrosWeb.test.pages.HomePage.<init>(HomePage.java:41)
at com.migrosWeb.test.pages.BasketPage.<init>(BasketPage.java:37)
at com.migrosWeb.test.pages.HomePage.<init>(HomePage.java:41)
at com.migrosWeb.test.pages.BasketPage.<init>(BasketPage.java:37)
at com.migrosWeb.test.pages.HomePage.<init>(HomePage.java:41)
at com.migrosWeb.test.pages.BasketPage.<init>(BasketPage.java:37)
at com.migrosWeb.test.pages.HomePage.<init>(HomePage.java:41)
at com.migrosWeb.test.pages.BasketPage.<init>(BasketPage.java:37)
at com.migrosWeb.test.pages.HomePage.<init>(HomePage.java:41)
at com.migrosWeb.test.pages.BasketPage.<init>(BasketPage.java:37)
at com.migrosWeb.test.pages.HomePage.<init>(HomePage.java:41)
at com.migrosWeb.test.pages.BasketPage.<init>(BasketPage.java:37)
at com.migrosWeb.test.pages.HomePage.<init>(HomePage.java:41)
at com.migrosWeb.test.pages.BasketPage.<init>(BasketPage.java:37)
at com.migrosWeb.test.pages.HomePage.<init>(HomePage.java:41)
at com.migrosWeb.test.pages.BasketPage.<init>(BasketPage.java:37)
at com.migrosWeb.test.pages.HomePage.<init>(HomePage.java:41)
at com.migrosWeb.test.pages.BasketPage.<init>(BasketPage.java:37)
at com.migrosWeb.test.pages.HomePage.<init>(HomePage.java:41)
at com.migrosWeb.test.pages.BasketPage.<init>(BasketPage.java:37)
at com.migrosWeb.test.pages.HomePage.<init>(HomePage.java:41)
at com.migrosWeb.test.pages.BasketPage.<init>(BasketPage.java:37)
at com.migrosWeb.test.pages.HomePage.<init>(HomePage.java:41)
at com.migrosWeb.test.pages.BasketPage.<init>(BasketPage.java:37)
at com.migrosWeb.test.pages.HomePage.<init>(HomePage.java:41)
at com.migrosWeb.test.pages.BasketPage.<init>(BasketPage.java:37)
at com.migrosWeb.test.pages.HomePage.<init>(HomePage.java:41)
at com.migrosWeb.test.pages.BasketPage.<init>(BasketPage.java:37)
at com.migrosWeb.test.pages.HomePage.<init>(HomePage.java:41)
at com.migrosWeb.test.pages.BasketPage.<init>(BasketPage.java:37)
at com.migrosWeb.test.pages.HomePage.<init>(HomePage.java:41)
at com.migrosWeb.test.pages.BasketPage.<init>(BasketPage.java:37)
at com.migrosWeb.test.pages.HomePage.<init>(HomePage.java:41)
at com.migrosWeb.test.pages.BasketPage.<init>(BasketPage.java:37)
at com.migrosWeb.test.pages.HomePage.<init>(HomePage.java:41)
at com.migrosWeb.test.pages.BasketPage.<init>(BasketPage.java:37)
at com.migrosWeb.test.pages.HomePage.<init>(HomePage.java:41)
at com.migrosWeb.test.pages.BasketPage.<init>(BasketPage.java:37)
at com.migrosWeb.test.pages.HomePage.<init>(HomePage.java:41)
at com.migrosWeb.test.pages.BasketPage.<init>(BasketPage.java:37)
at com.migrosWeb.test.pages.HomePage.<init>(HomePage.java:41)
at com.migrosWeb.test.pages.BasketPage.<init>(BasketPage.java:37)
at com.migrosWeb.test.pages.HomePage.<init>(HomePage.java:41)
at com.migrosWeb.test.pages.BasketPage.<init>(BasketPage.java:37)
at com.migrosWeb.test.pages.HomePage.<init>(HomePage.java:41)
at com.migrosWeb.test.pages.BasketPage.<init>(BasketPage.java:37)
at com.migrosWeb.test.pages.HomePage.<init>(HomePage.java:41)
at com.migrosWeb.test.pages.BasketPage.<init>(BasketPage.java:37)
at com.migrosWeb.test.pages.HomePage.<init>(HomePage.java:41)
at com.migrosWeb.test.pages.BasketPage.<init>(BasketPage.java:37)
at com.migrosWeb.test.pages.HomePage.<init>(HomePage.java:41)
at com.migrosWeb.test.pages.BasketPage.<init>(BasketPage.java:37)
at com.migrosWeb.test.pages.HomePage.<init>(HomePage.java:41)
at com.migrosWeb.test.pages.BasketPage.<init>(BasketPage.java:37)
at com.migrosWeb.test.pages.HomePage.<init>(HomePage.java:41)
at com.migrosWeb.test.pages.BasketPage.<init>(BasketPage.java:37)
at com.migrosWeb.test.pages.HomePage.<init>(HomePage.java:41)
at com.migrosWeb.test.pages.BasketPage.<init>(BasketPage.java:37)
at com.migrosWeb.test.pages.HomePage.<init>(HomePage.java:41)
at com.migrosWeb.test.pages.BasketPage.<init>(BasketPage.java:37)
at com.migrosWeb.test.pages.HomePage.<init>(HomePage.java:41)
at com.migrosWeb.test.pages.BasketPage.<init>(BasketPage.java:37)
at com.migrosWeb.test.pages.HomePage.<init>(HomePage.java:41)
at com.migrosWeb.test.pages.BasketPage.<init>(BasketPage.java:37)
at com.migrosWeb.test.pages.HomePage.<init>(HomePage.java:41)
at com.migrosWeb.test.pages.BasketPage.<init>(BasketPage.java:37)
at com.migrosWeb.test.pages.HomePage.<init>(HomePage.java:41)
at com.migrosWeb.test.pages.BasketPage.<init>(BasketPage.java:37)
at com.migrosWeb.test.pages.HomePage.<init>(HomePage.java:41)
at com.migrosWeb.test.pages.BasketPage.<init>(BasketPage.java:37)
at com.migrosWeb.test.pages.HomePage.<init>(HomePage.java:41)
at com.migrosWeb.test.pages.BasketPage.<init>(BasketPage.java:37)
at com.migrosWeb.test.pages.HomePage.<init>(HomePage.java:41)
at com.migrosWeb.test.pages.BasketPage.<init>(BasketPage.java:37)
at com.migrosWeb.test.pages.HomePage.<init>(HomePage.java:41)
at com.migrosWeb.test.pages.BasketPage.<init>(BasketPage.java:37)
at com.migrosWeb.test.pages.HomePage.<init>(HomePage.java:41)
at com.migrosWeb.test.pages.BasketPage.<init>(BasketPage.java:37)
at com.migrosWeb.test.pages.HomePage.<init>(HomePage.java:41)
at com.migrosWeb.test.pages.BasketPage.<init>(BasketPage.java:37)
at com.migrosWeb.test.pages.HomePage.<init>(HomePage.java:41)
at com.migrosWeb.test.pages.BasketPage.<init>(BasketPage.java:37)
at com.migrosWeb.test.pages.HomePage.<init>(HomePage.java:41)
at com.migrosWeb.test.pages.BasketPage.<init>(BasketPage.java:37)
at com.migrosWeb.test.pages.HomePage.<init>(HomePage.java:41)
at com.migrosWeb.test.pages.BasketPage.<init>(BasketPage.java:37)
at com.migrosWeb.test.pages.HomePage.<init>(HomePage.java:41)
at com.migrosWeb.test.pages.BasketPage.<init>(BasketPage.java:37)
at com.migrosWeb.test.pages.HomePage.<init>(HomePage.java:41)
at com.migrosWeb.test.pages.BasketPage.<init>(BasketPage.java:37)
at com.migrosWeb.test.pages.HomePage.<init>(HomePage.java:41)
at com.migrosWeb.test.pages.BasketPage.<init>(BasketPage.java:37)
at com.migrosWeb.test.pages.HomePage.<init>(HomePage.java:41)
at com.migrosWeb.test.pages.BasketPage.<init>(BasketPage.java:37)
at com.migrosWeb.test.pages.HomePage.<init>(HomePage.java:41)
at com.migrosWeb.test.pages.BasketPage.<init>(BasketPage.java:37)
at com.migrosWeb.test.pages.HomePage.<init>(HomePage.java:41)
at com.migrosWeb.test.pages.BasketPage.<init>(BasketPage.java:37)
at com.migrosWeb.test.pages.HomePage.<init>(HomePage.java:41)
at com.migrosWeb.test.pages.BasketPage.<init>(BasketPage.java:37)
at com.migrosWeb.test.pages.HomePage.<init>(HomePage.java:41)
at com.migrosWeb.test.pages.BasketPage.<init>(BasketPage.java:37)
at com.migrosWeb.test.pages.HomePage.<init>(HomePage.java:41)
at com.migrosWeb.test.pages.BasketPage.<init>(BasketPage.java:37)
at com.migrosWeb.test.pages.HomePage.<init>(HomePage.java:41)
at com.migrosWeb.test.pages.BasketPage.<init>(BasketPage.java:37)
at com.migrosWeb.test.pages.HomePage.<init>(HomePage.java:41)
at com.migrosWeb.test.pages.BasketPage.<init>(BasketPage.java:37)
at com.migrosWeb.test.pages.HomePage.<init>(HomePage.java:41)
at com.migrosWeb.test.pages.BasketPage.<init>(BasketPage.java:37)
at com.migrosWeb.test.pages.HomePage.<init>(HomePage.java:41)
at com.migrosWeb.test.pages.BasketPage.<init>(BasketPage.java:37)
at com.migrosWeb.test.pages.HomePage.<init>(HomePage.java:41)
at com.migrosWeb.test.pages.BasketPage.<init>(BasketPage.java:37)
at com.migrosWeb.test.pages.HomePage.<init>(HomePage.java:41)
at com.migrosWeb.test.pages.BasketPage.<init>(BasketPage.java:37)
at com.migrosWeb.test.pages.HomePage.<init>(HomePage.java:41)
at com.migrosWeb.test.pages.BasketPage.<init>(BasketPage.java:37)
at com.migrosWeb.test.pages.HomePage.<init>(HomePage.java:41)
at com.migrosWeb.test.pages.BasketPage.<init>(BasketPage.java:37)
at com.migrosWeb.test.pages.HomePage.<init>(HomePage.java:41)
at com.migrosWeb.test.pages.BasketPage.<init>(BasketPage.java:37)
at com.migrosWeb.test.pages.HomePage.<init>(HomePage.java:41)
at com.migrosWeb.test.pages.BasketPage.<init>(BasketPage.java:37)
at com.migrosWeb.test.pages.HomePage.<init>(HomePage.java:41)
at com.migrosWeb.test.pages.BasketPage.<init>(BasketPage.java:37)
at com.migrosWeb.test.pages.HomePage.<init>(HomePage.java:41)
at com.migrosWeb.test.pages.BasketPage.<init>(BasketPage.java:37)
at com.migrosWeb.test.pages.HomePage.<init>(HomePage.java:41)
at com.migrosWeb.test.pages.BasketPage.<init>(BasketPage.java:37)
at com.migrosWeb.test.pages.HomePage.<init>(HomePage.java:41)
at com.migrosWeb.test.pages.BasketPage.<init>(BasketPage.java:37)
at com.migrosWeb.test.pages.HomePage.<init>(HomePage.java:41)
at com.migrosWeb.test.pages.BasketPage.<init>(BasketPage.java:37)
at com.migrosWeb.test.pages.HomePage.<init>(HomePage.java:41)
at com.migrosWeb.test.pages.BasketPage.<init>(BasketPage.java:37)
at com.migrosWeb.test.pages.HomePage.<init>(HomePage.java:41)
at com.migrosWeb.test.pages.BasketPage.<init>(BasketPage.java:37)
at com.migrosWeb.test.pages.HomePage.<init>(HomePage.java:41)
at com.migrosWeb.test.pages.BasketPage.<init>(BasketPage.java:37)
at com.migrosWeb.test.pages.HomePage.<init>(HomePage.java:41)
at com.migrosWeb.test.pages.BasketPage.<init>(BasketPage.java:37)
at com.migrosWeb.test.pages.HomePage.<init>(HomePage.java:41)
at com.migrosWeb.test.pages.BasketPage.<init>(BasketPage.java:37)
at com.migrosWeb.test.pages.HomePage.<init>(HomePage.java:41)
at com.migrosWeb.test.pages.BasketPage.<init>(BasketPage.java:37)
at com.migrosWeb.test.pages.HomePage.<init>(HomePage.java:41)
at com.migrosWeb.test.pages.BasketPage.<init>(BasketPage.java:37)
at com.migrosWeb.test.pages.HomePage.<init>(HomePage.java:41)
at com.migrosWeb.test.pages.BasketPage.<init>(BasketPage.java:37)
at com.migrosWeb.test.pages.HomePage.<init>(HomePage.java:41)
at com.migrosWeb.test.pages.BasketPage.<init>(BasketPage.java:37)
at com.migrosWeb.test.pages.HomePage.<init>(HomePage.java:41)
at com.migrosWeb.test.pages.BasketPage.<init>(BasketPage.java:37)
at com.migrosWeb.test.pages.HomePage.<init>(HomePage.java:41)
at com.migrosWeb.test.pages.BasketPage.<init>(BasketPage.java:37)
at com.migrosWeb.test.pages.HomePage.<init>(HomePage.java:41)
at com.migrosWeb.test.pages.BasketPage.<init>(BasketPage.java:37)
at com.migrosWeb.test.pages.HomePage.<init>(HomePage.java:41)
at com.migrosWeb.test.pages.BasketPage.<init>(BasketPage.java:37)
at com.migrosWeb.test.pages.HomePage.<init>(HomePage.java:41)
at com.migrosWeb.test.pages.BasketPage.<init>(BasketPage.java:37)
at com.migrosWeb.test.pages.HomePage.<init>(HomePage.java:41)
at com.migrosWeb.test.pages.BasketPage.<init>(BasketPage.java:37)
at com.migrosWeb.test.pages.HomePage.<init>(HomePage.java:41)
at com.migrosWeb.test.pages.BasketPage.<init>(BasketPage.java:37)
at com.migrosWeb.test.pages.HomePage.<init>(HomePage.java:41)
at com.migrosWeb.test.pages.BasketPage.<init>(BasketPage.java:37)
at com.migrosWeb.test.pages.HomePage.<init>(HomePage.java:41)
at com.migrosWeb.test.pages.BasketPage.<init>(BasketPage.java:37)
at com.migrosWeb.test.pages.HomePage.<init>(HomePage.java:41)
at com.migrosWeb.test.pages.BasketPage.<init>(BasketPage.java:37)
at com.migrosWeb.test.pages.HomePage.<init>(HomePage.java:41)
at com.migrosWeb.test.pages.BasketPage.<init>(BasketPage.java:37)
at com.migrosWeb.test.pages.HomePage.<init>(HomePage.java:41)
at com.migrosWeb.test.pages.BasketPage.<init>(BasketPage.java:37)
at com.migrosWeb.test.pages.HomePage.<init>(HomePage.java:41)
at com.migrosWeb.test.pages.BasketPage.<init>(BasketPage.java:37)
at com.migrosWeb.test.pages.HomePage.<init>(HomePage.java:41)
at com.migrosWeb.test.pages.BasketPage.<init>(BasketPage.java:37)
at com.migrosWeb.test.pages.HomePage.<init>(HomePage.java:41)
at com.migrosWeb.test.pages.BasketPage.<init>(BasketPage.java:37)
at com.migrosWeb.test.pages.HomePage.<init>(HomePage.java:41)
at com.migrosWeb.test.pages.BasketPage.<init>(BasketPage.java:37)
at com.migrosWeb.test.pages.HomePage.<init>(HomePage.java:41)
at com.migrosWeb.test.pages.BasketPage.<init>(BasketPage.java:37)
at com.migrosWeb.test.pages.HomePage.<init>(HomePage.java:41)
at com.migrosWeb.test.pages.BasketPage.<init>(BasketPage.java:37)
at com.migrosWeb.test.pages.HomePage.<init>(HomePage.java:41)
at com.migrosWeb.test.pages.BasketPage.<init>(BasketPage.java:37)
at com.migrosWeb.test.pages.HomePage.<init>(HomePage.java:41)
at com.migrosWeb.test.pages.BasketPage.<init>(BasketPage.java:37)
at com.migrosWeb.test.pages.HomePage.<init>(HomePage.java:41)
at com.migrosWeb.test.pages.BasketPage.<init>(BasketPage.java:37)
at com.migrosWeb.test.pages.HomePage.<init>(HomePage.java:41)
at com.migrosWeb.test.pages.BasketPage.<init>(BasketPage.java:37)
at com.migrosWeb.test.pages.HomePage.<init>(HomePage.java:41)
at com.migrosWeb.test.pages.BasketPage.<init>(BasketPage.java:37)
at com.migrosWeb.test.pages.HomePage.<init>(HomePage.java:41)
at com.migrosWeb.test.pages.BasketPage.<init>(BasketPage.java:37)
at com.migrosWeb.test.pages.HomePage.<init>(HomePage.java:41)
at com.migrosWeb.test.pages.BasketPage.<init>(BasketPage.java:37)
at com.migrosWeb.test.pages.HomePage.<init>(HomePage.java:41)
at com.migrosWeb.test.pages.BasketPage.<init>(BasketPage.java:37)
at com.migrosWeb.test.pages.HomePage.<init>(HomePage.java:41)
at com.migrosWeb.test.pages.BasketPage.<init>(BasketPage.java:37)
at com.migrosWeb.test.pages.HomePage.<init>(HomePage.java:41)
at com.migrosWeb.test.pages.BasketPage.<init>(BasketPage.java:37)
at com.migrosWeb.test.pages.HomePage.<init>(HomePage.java:41)
at com.migrosWeb.test.pages.BasketPage.<init>(BasketPage.java:37)
at com.migrosWeb.test.pages.HomePage.<init>(HomePage.java:41)
at com.migrosWeb.test.pages.BasketPage.<init>(BasketPage.java:37)
at com.migrosWeb.test.pages.HomePage.<init>(HomePage.java:41)
at com.migrosWeb.test.pages.BasketPage.<init>(BasketPage.java:37)
at com.migrosWeb.test.pages.HomePage.<init>(HomePage.java:41)
at com.migrosWeb.test.pages.BasketPage.<init>(BasketPage.java:37)
at com.migrosWeb.test.pages.HomePage.<init>(HomePage.java:41)
at com.migrosWeb.test.pages.BasketPage.<init>(BasketPage.java:37)
at com.migrosWeb.test.pages.HomePage.<init>(HomePage.java:41)
at com.migrosWeb.test.pages.BasketPage.<init>(BasketPage.java:37)
at com.migrosWeb.test.pages.HomePage.<init>(HomePage.java:41)
at com.migrosWeb.test.pages.BasketPage.<init>(BasketPage.java:37)
at com.migrosWeb.test.pages.HomePage.<init>(HomePage.java:41)
at com.migrosWeb.test.pages.BasketPage.<init>(BasketPage.java:37)
at com.migrosWeb.test.pages.HomePage.<init>(HomePage.java:41)
at com.migrosWeb.test.pages.BasketPage.<init>(BasketPage.java:37)
at com.migrosWeb.test.pages.HomePage.<init>(HomePage.java:41)
at com.migrosWeb.test.pages.BasketPage.<init>(BasketPage.java:37)
at com.migrosWeb.test.pages.HomePage.<init>(HomePage.java:41)
at com.migrosWeb.test.pages.BasketPage.<init>(BasketPage.java:37)
at com.migrosWeb.test.pages.HomePage.<init>(HomePage.java:41)
at com.migrosWeb.test.pages.BasketPage.<init>(BasketPage.java:37)
at com.migrosWeb.test.pages.HomePage.<init>(HomePage.java:41)
at com.migrosWeb.test.pages.BasketPage.<init>(BasketPage.java:37)
at com.migrosWeb.test.pages.HomePage.<init>(HomePage.java:41)
at com.migrosWeb.test.pages.BasketPage.<init>(BasketPage.java:37)
at com.migrosWeb.test.pages.HomePage.<init>(HomePage.java:41)
at com.migrosWeb.test.pages.BasketPage.<init>(BasketPage.java:37)
at com.migrosWeb.test.pages.HomePage.<init>(HomePage.java:41)
at com.migrosWeb.test.pages.BasketPage.<init>(BasketPage.java:37)
at com.migrosWeb.test.pages.HomePage.<init>(HomePage.java:41)
at com.migrosWeb.test.pages.BasketPage.<init>(BasketPage.java:37)
at com.migrosWeb.test.pages.HomePage.<init>(HomePage.java:41)
at com.migrosWeb.test.pages.BasketPage.<init>(BasketPage.java:37)
at com.migrosWeb.test.pages.HomePage.<init>(HomePage.java:41)
at com.migrosWeb.test.pages.BasketPage.<init>(BasketPage.java:37)
at com.migrosWeb.test.pages.HomePage.<init>(HomePage.java:41)
at com.migrosWeb.test.pages.BasketPage.<init>(BasketPage.java:37)
at com.migrosWeb.test.pages.HomePage.<init>(HomePage.java:41)
at com.migrosWeb.test.pages.BasketPage.<init>(BasketPage.java:37)
at com.migrosWeb.test.pages.HomePage.<init>(HomePage.java:41)
at com.migrosWeb.test.pages.BasketPage.<init>(BasketPage.java:37)
at com.migrosWeb.test.pages.HomePage.<init>(HomePage.java:41)
at com.migrosWeb.test.pages.BasketPage.<init>(BasketPage.java:37)
at com.migrosWeb.test.pages.HomePage.<init>(HomePage.java:41)
at com.migrosWeb.test.pages.BasketPage.<init>(BasketPage.java:37)
at com.migrosWeb.test.pages.HomePage.<init>(HomePage.java:41)
at com.migrosWeb.test.pages.BasketPage.<init>(BasketPage.java:37)
at com.migrosWeb.test.pages.HomePage.<init>(HomePage.java:41)
at com.migrosWeb.test.pages.BasketPage.<init>(BasketPage.java:37)
at com.migrosWeb.test.pages.HomePage.<init>(HomePage.java:41)
at com.migrosWeb.test.pages.BasketPage.<init>(BasketPage.java:37)
at com.migrosWeb.test.pages.HomePage.<init>(HomePage.java:41)
at com.migrosWeb.test.pages.BasketPage.<init>(BasketPage.java:37)
at com.migrosWeb.test.pages.HomePage.<init>(HomePage.java:41)
at com.migrosWeb.test.pages.BasketPage.<init>(BasketPage.java:37)
at com.migrosWeb.test.pages.HomePage.<init>(HomePage.java:41)
at com.migrosWeb.test.pages.BasketPage.<init>(BasketPage.java:37)
at com.migrosWeb.test.pages.HomePage.<init>(HomePage.java:41)
at com.migrosWeb.test.pages.BasketPage.<init>(BasketPage.java:37)
at com.migrosWeb.test.pages.HomePage.<init>(HomePage.java:41)
at com.migrosWeb.test.pages.BasketPage.<init>(BasketPage.java:37)
at com.migrosWeb.test.pages.HomePage.<init>(HomePage.java:41)
at com.migrosWeb.test.pages.BasketPage.<init>(BasketPage.java:37)
at com.migrosWeb.test.pages.HomePage.<init>(HomePage.java:41)
at com.migrosWeb.test.pages.BasketPage.<init>(BasketPage.java:37)
at com.migrosWeb.test.pages.HomePage.<init>(HomePage.java:41)
at com.migrosWeb.test.pages.BasketPage.<init>(BasketPage.java:37)
at com.migrosWeb.test.pages.HomePage.<init>(HomePage.java:41)
at com.migrosWeb.test.pages.BasketPage.<init>(BasketPage.java:37)
at com.migrosWeb.test.pages.HomePage.<init>(HomePage.java:41)
at com.migrosWeb.test.pages.BasketPage.<init>(BasketPage.java:37)
at com.migrosWeb.test.pages.HomePage.<init>(HomePage.java:41)
at com.migrosWeb.test.pages.BasketPage.<init>(BasketPage.java:37)
at com.migrosWeb.test.pages.HomePage.<init>(HomePage.java:41)
at com.migrosWeb.test.pages.BasketPage.<init>(BasketPage.java:37)
at com.migrosWeb.test.pages.HomePage.<init>(HomePage.java:41)
at com.migrosWeb.test.pages.BasketPage.<init>(BasketPage.java:37)
at com.migrosWeb.test.pages.HomePage.<init>(HomePage.java:41)
at com.migrosWeb.test.pages.BasketPage.<init>(BasketPage.java:37)
at com.migrosWeb.test.pages.HomePage.<init>(HomePage.java:41)
at com.migrosWeb.test.pages.BasketPage.<init>(BasketPage.java:37)
at com.migrosWeb.test.pages.HomePage.<init>(HomePage.java:41)
at com.migrosWeb.test.pages.BasketPage.<init>(BasketPage.java:37)
at com.migrosWeb.test.pages.HomePage.<init>(HomePage.java:41)
at com.migrosWeb.test.pages.BasketPage.<init>(BasketPage.java:37)
at com.migrosWeb.test.pages.HomePage.<init>(HomePage.java:41)
at com.migrosWeb.test.pages.BasketPage.<init>(BasketPage.java:37)
at com.migrosWeb.test.pages.HomePage.<init>(HomePage.java:41)
at com.migrosWeb.test.pages.BasketPage.<init>(BasketPage.java:37)
at com.migrosWeb.test.pages.HomePage.<init>(HomePage.java:41)
at com.migrosWeb.test.pages.BasketPage.<init>(BasketPage.java:37)
at com.migrosWeb.test.pages.HomePage.<init>(HomePage.java:41)
at com.migrosWeb.test.pages.BasketPage.<init>(BasketPage.java:37)
at com.migrosWeb.test.pages.HomePage.<init>(HomePage.java:41)
at com.migrosWeb.test.pages.BasketPage.<init>(BasketPage.java:37)
at com.migrosWeb.test.pages.HomePage.<init>(HomePage.java:41)
at com.migrosWeb.test.pages.BasketPage.<init>(BasketPage.java:37)
at com.migrosWeb.test.pages.HomePage.<init>(HomePage.java:41)
at com.migrosWeb.test.pages.BasketPage.<init>(BasketPage.java:37)
at com.migrosWeb.test.pages.HomePage.<init>(HomePage.java:41)
at com.migrosWeb.test.pages.BasketPage.<init>(BasketPage.java:37)
at com.migrosWeb.test.pages.HomePage.<init>(HomePage.java:41)
at com.migrosWeb.test.pages.BasketPage.<init>(BasketPage.java:37)
at com.migrosWeb.test.pages.HomePage.<init>(HomePage.java:41)
at com.migrosWeb.test.pages.BasketPage.<init>(BasketPage.java:37)
at com.migrosWeb.test.pages.HomePage.<init>(HomePage.java:41)
at com.migrosWeb.test.pages.BasketPage.<init>(BasketPage.java:37)
at com.migrosWeb.test.pages.HomePage.<init>(HomePage.java:41)
at com.migrosWeb.test.pages.BasketPage.<init>(BasketPage.java:37)
at com.migrosWeb.test.pages.HomePage.<init>(HomePage.java:41)
at com.migrosWeb.test.pages.BasketPage.<init>(BasketPage.java:37)
at com.migrosWeb.test.pages.HomePage.<init>(HomePage.java:41)
at com.migrosWeb.test.pages.BasketPage.<init>(BasketPage.java:37)
at com.migrosWeb.test.pages.HomePage.<init>(HomePage.java:41)
at com.migrosWeb.test.pages.BasketPage.<init>(BasketPage.java:37)
at com.migrosWeb.test.pages.HomePage.<init>(HomePage.java:41)
at com.migrosWeb.test.pages.BasketPage.<init>(BasketPage.java:37)
at com.migrosWeb.test.pages.HomePage.<init>(HomePage.java:41)
at com.migrosWeb.test.pages.BasketPage.<init>(BasketPage.java:37)
at com.migrosWeb.test.pages.HomePage.<init>(HomePage.java:41)
at com.migrosWeb.test.pages.BasketPage.<init>(BasketPage.java:37)
at com.migrosWeb.test.pages.HomePage.<init>(HomePage.java:41)
at com.migrosWeb.test.pages.BasketPage.<init>(BasketPage.java:37)
at com.migrosWeb.test.pages.HomePage.<init>(HomePage.java:41)
at com.migrosWeb.test.pages.BasketPage.<init>(BasketPage.java:37)
at com.migrosWeb.test.pages.HomePage.<init>(HomePage.java:41)
at com.migrosWeb.test.pages.BasketPage.<init>(BasketPage.java:37)
at com.migrosWeb.test.pages.HomePage.<init>(HomePage.java:41)
... Removed 32 stack frames]]>
    </failure>
  </testcase> <!-- feature -->
</testsuite> <!-- Test -->
